[ 2016-02-06T09:40:37+08:00 ] /pc_denglu.php?s=/Public/login | INFO: Tag[ app_init ] --START--
[ 2016-02-06T09:40:37+08:00 ] /pc_denglu.php?s=/Public/login | INFO: Run XSS Behavior [ RunTime:0.002000s ]
[ 2016-02-06T09:40:37+08:00 ] /pc_denglu.php?s=/Public/login | INFO: Tag[ app_init ] --END-- [ RunTime:0.002000s ]
[ 2016-02-06T09:40:37+08:00 ] /pc_denglu.php?s=/Public/login | INFO: Tag[ route_check ] --START--
[ 2016-02-06T09:40:37+08:00 ] /pc_denglu.php?s=/Public/login | INFO: Run CheckRoute Behavior [ RunTime:0.002000s ]
[ 2016-02-06T09:40:37+08:00 ] /pc_denglu.php?s=/Public/login | INFO: Tag[ route_check ] --END-- [ RunTime:0.002000s ]
[ 2016-02-06T09:40:37+08:00 ] /pc_denglu.php?s=/Public/login | INFO: Tag[ app_begin ] --START--
[ 2016-02-06T09:40:37+08:00 ] /pc_denglu.php?s=/Public/login | INFO: Run ReadHtmlCache Behavior [ RunTime:0.002000s ]
[ 2016-02-06T09:40:37+08:00 ] /pc_denglu.php?s=/Public/login | INFO: Tag[ app_begin ] --END-- [ RunTime:0.002000s ]
[ 2016-02-06T09:40:37+08:00 ] /pc_denglu.php?s=/Public/login | SQL: SHOW COLUMNS FROM `dms_loginrs` [ RunTime:0.025002s ]
[ 2016-02-06T09:40:37+08:00 ] /pc_denglu.php?s=/Public/login | SQL: SELECT * FROM `dms_loginrs` WHERE ( `ip` = '127.0.0.1' ) LIMIT 1   [ RunTime:0.001000s ]
[ 2016-02-06T09:40:37+08:00 ] /pc_denglu.php?s=/Public/login | SQL: SELECT a.id FROM yubicloud as a inner join (select id from admin where status=1) b on a.account_id=b.id WHERE ( `state` >= 1 ) AND ( (`endtime` >= 1454688000) OR (`endtime` = 0) ) LIMIT 1   [ RunTime:0.018001s ]
[ 2016-02-06T09:40:37+08:00 ] /pc_denglu.php?s=/Public/login | SQL: SHOW COLUMNS FROM `config` [ RunTime:0.022001s ]
[ 2016-02-06T09:40:37+08:00 ] /pc_denglu.php?s=/Public/login | SQL: SHOW COLUMNS FROM `admin` [ RunTime:0.021001s ]
[ 2016-02-06T09:40:37+08:00 ] /pc_denglu.php?s=/Public/login | SQL: SELECT * FROM `admin` WHERE ( `account` = 'admin' ) LIMIT 1   [ RunTime:0.001000s ]
[ 2016-02-06T09:40:37+08:00 ] /pc_denglu.php?s=/Public/login | SQL: SHOW COLUMNS FROM `admin` [ RunTime:0.020002s ]
[ 2016-02-06T09:40:37+08:00 ] /pc_denglu.php?s=/Public/login | SQL: SELECT * FROM `admin` WHERE ( `googlepass` <> '' ) LIMIT 1   [ RunTime:0.001000s ]
[ 2016-02-06T09:40:37+08:00 ] /pc_denglu.php?s=/Public/login | INFO: Tag[ view_template ] --START--
[ 2016-02-06T09:40:37+08:00 ] /pc_denglu.php?s=/Public/login | INFO: Run LocationTemplate Behavior [ RunTime:0.004000s ]
[ 2016-02-06T09:40:37+08:00 ] /pc_denglu.php?s=/Public/login | INFO: Tag[ view_template ] --END-- [ RunTime:0.004000s ]
[ 2016-02-06T09:40:37+08:00 ] /pc_denglu.php?s=/Public/login | INFO: Tag[ view_parse ] --START--
[ 2016-02-06T09:40:37+08:00 ] /pc_denglu.php?s=/Public/login | INFO: Run ParseTemplate Behavior [ RunTime:0.037002s ]
[ 2016-02-06T09:40:37+08:00 ] /pc_denglu.php?s=/Public/login | INFO: Tag[ view_parse ] --END-- [ RunTime:0.037002s ]
[ 2016-02-06T09:40:37+08:00 ] /pc_denglu.php?s=/Public/login | INFO: Tag[ view_filter ] --START--
[ 2016-02-06T09:40:37+08:00 ] /pc_denglu.php?s=/Public/login | INFO: Run ContentReplace Behavior [ RunTime:0.001000s ]
[ 2016-02-06T09:40:37+08:00 ] /pc_denglu.php?s=/Public/login | INFO: Run TokenBuild Behavior [ RunTime:0.001000s ]
[ 2016-02-06T09:40:37+08:00 ] /pc_denglu.php?s=/Public/login | INFO: Run WriteHtmlCache Behavior [ RunTime:0.002000s ]
[ 2016-02-06T09:40:37+08:00 ] /pc_denglu.php?s=/Public/login | INFO: Run ShowRuntime Behavior [ RunTime:0.002000s ]
[ 2016-02-06T09:40:37+08:00 ] /pc_denglu.php?s=/Public/login | INFO: Tag[ view_filter ] --END-- [ RunTime:0.008000s ]
[ 2016-02-06T09:40:37+08:00 ] /pc_denglu.php?s=/Public/login | INFO: Tag[ view_end ] --START--
[ 2016-02-06T09:40:37+08:00 ] /pc_denglu.php?s=/Public/login | INFO: Run ShowPageTrace Behavior [ RunTime:0.002000s ]
[ 2016-02-06T09:40:37+08:00 ] /pc_denglu.php?s=/Public/login | INFO: Tag[ view_end ] --END-- [ RunTime:0.002000s ]
[ 2016-02-06T09:40:37+08:00 ] /pc_denglu.php?s=/Public/login | INFO: Tag[ app_end ] --START--
[ 2016-02-06T09:40:37+08:00 ] /pc_denglu.php?s=/Public/login | INFO: Run SaveConfig Behavior [ RunTime:0.002000s ]
[ 2016-02-06T09:40:37+08:00 ] /pc_denglu.php?s=/Public/login | INFO: Tag[ app_end ] --END-- [ RunTime:0.002000s ]
[ 2016-02-06T09:40:38+08:00 ] /pc_denglu.php?s=/Public/verify/ | INFO: Tag[ app_init ] --START--
[ 2016-02-06T09:40:38+08:00 ] /pc_denglu.php?s=/Public/verify/ | INFO: Run XSS Behavior [ RunTime:0.003001s ]
[ 2016-02-06T09:40:38+08:00 ] /pc_denglu.php?s=/Public/verify/ | INFO: Tag[ app_init ] --END-- [ RunTime:0.004001s ]
[ 2016-02-06T09:40:38+08:00 ] /pc_denglu.php?s=/Public/verify/ | INFO: Tag[ route_check ] --START--
[ 2016-02-06T09:40:38+08:00 ] /pc_denglu.php?s=/Public/verify/ | INFO: Run CheckRoute Behavior [ RunTime:0.003000s ]
[ 2016-02-06T09:40:38+08:00 ] /pc_denglu.php?s=/Public/verify/ | INFO: Tag[ route_check ] --END-- [ RunTime:0.003000s ]
[ 2016-02-06T09:40:38+08:00 ] /pc_denglu.php?s=/Public/verify/ | INFO: Tag[ app_begin ] --START--
[ 2016-02-06T09:40:38+08:00 ] /pc_denglu.php?s=/Public/verify/ | INFO: Run ReadHtmlCache Behavior [ RunTime:0.002000s ]
[ 2016-02-06T09:40:38+08:00 ] /pc_denglu.php?s=/Public/verify/ | INFO: Tag[ app_begin ] --END-- [ RunTime:0.002000s ]
[ 2016-02-06T09:40:38+08:00 ] /pc_denglu.php?s=/Public/verify/ | INFO: Tag[ app_end ] --START--
[ 2016-02-06T09:40:38+08:00 ] /pc_denglu.php?s=/Public/verify/ | INFO: Run SaveConfig Behavior [ RunTime:0.003000s ]
[ 2016-02-06T09:40:38+08:00 ] /pc_denglu.php?s=/Public/verify/ | INFO: Tag[ app_end ] --END-- [ RunTime:0.003000s ]
[ 2016-02-06T09:40:38+08:00 ] /pc_denglu.php?s=/Public/crateloginstr/ | INFO: Tag[ app_init ] --START--
[ 2016-02-06T09:40:38+08:00 ] /pc_denglu.php?s=/Public/crateloginstr/ | INFO: Run XSS Behavior [ RunTime:0.001001s ]
[ 2016-02-06T09:40:38+08:00 ] /pc_denglu.php?s=/Public/crateloginstr/ | INFO: Tag[ app_init ] --END-- [ RunTime:0.002001s ]
[ 2016-02-06T09:40:38+08:00 ] /pc_denglu.php?s=/Public/crateloginstr/ | INFO: Tag[ route_check ] --START--
[ 2016-02-06T09:40:38+08:00 ] /pc_denglu.php?s=/Public/crateloginstr/ | INFO: Run CheckRoute Behavior [ RunTime:0.002000s ]
[ 2016-02-06T09:40:38+08:00 ] /pc_denglu.php?s=/Public/crateloginstr/ | INFO: Tag[ route_check ] --END-- [ RunTime:0.002000s ]
[ 2016-02-06T09:40:38+08:00 ] /pc_denglu.php?s=/Public/crateloginstr/ | INFO: Tag[ app_begin ] --START--
[ 2016-02-06T09:40:38+08:00 ] /pc_denglu.php?s=/Public/crateloginstr/ | INFO: Run ReadHtmlCache Behavior [ RunTime:0.004000s ]
[ 2016-02-06T09:40:38+08:00 ] /pc_denglu.php?s=/Public/crateloginstr/ | INFO: Tag[ app_begin ] --END-- [ RunTime:0.004000s ]
[ 2016-02-06T09:40:38+08:00 ] /pc_denglu.php?s=/Public/crateloginstr/ | INFO: Tag[ app_end ] --START--
[ 2016-02-06T09:40:38+08:00 ] /pc_denglu.php?s=/Public/crateloginstr/ | INFO: Run SaveConfig Behavior [ RunTime:0.003000s ]
[ 2016-02-06T09:40:38+08:00 ] /pc_denglu.php?s=/Public/crateloginstr/ | INFO: Tag[ app_end ] --END-- [ RunTime:0.003000s ]
[ 2016-02-06T09:40:39+08:00 ] /pc_denglu.php?s= | INFO: Tag[ app_init ] --START--
[ 2016-02-06T09:40:39+08:00 ] /pc_denglu.php?s= | INFO: Run XSS Behavior [ RunTime:0.002000s ]
[ 2016-02-06T09:40:39+08:00 ] /pc_denglu.php?s= | INFO: Tag[ app_init ] --END-- [ RunTime:0.002000s ]
[ 2016-02-06T09:40:39+08:00 ] /pc_denglu.php?s= | INFO: Tag[ app_begin ] --START--
[ 2016-02-06T09:40:39+08:00 ] /pc_denglu.php?s= | INFO: Run ReadHtmlCache Behavior [ RunTime:0.003000s ]
[ 2016-02-06T09:40:39+08:00 ] /pc_denglu.php?s= | INFO: Tag[ app_begin ] --END-- [ RunTime:0.003000s ]
[ 2016-02-06T09:40:39+08:00 ] /pc_denglu.php?s= | SQL: SHOW COLUMNS FROM `config` [ RunTime:0.018001s ]
[ 2016-02-06T09:40:39+08:00 ] /pc_denglu.php?s= | SQL: SELECT * FROM `config` WHERE ( `name` = 'DIFFTIME' ) LIMIT 1   FOR UPDATE  [ RunTime:0.001000s ]
[ 2016-02-06T09:40:39+08:00 ] /pc_denglu.php?s= | SQL: SHOW COLUMNS FROM `admin` [ RunTime:0.021002s ]
[ 2016-02-06T09:40:39+08:00 ] /pc_denglu.php?s= | SQL: SELECT `admin_status` FROM `admin` WHERE ( `id` = '1' ) LIMIT 1   [ RunTime:0.001000s ]
[ 2016-02-06T09:40:39+08:00 ] /pc_denglu.php?s= | SQL: SHOW COLUMNS FROM `node` [ RunTime:0.031002s ]
[ 2016-02-06T09:40:39+08:00 ] /pc_denglu.php?s= | SQL: SELECT * FROM `node` WHERE level=1 and status=1 and is_sync_menu=1 and type=0 ORDER BY sort asc  [ RunTime:0.002000s ]
[ 2016-02-06T09:40:39+08:00 ] /pc_denglu.php?s= | SQL: SELECT * FROM `node` WHERE id='2' LIMIT 1   FOR UPDATE  [ RunTime:0.000000s ]
[ 2016-02-06T09:40:40+08:00 ] /pc_denglu.php?s= | SQL: SELECT * FROM `node` WHERE ( `id` = '1' ) LIMIT 1   FOR UPDATE  [ RunTime:0.001000s ]
[ 2016-02-06T09:40:40+08:00 ] /pc_denglu.php?s= | SQL: SELECT * FROM `node` WHERE Name<>'Admin' and pid=0  FOR UPDATE  [ RunTime:0.001000s ]
[ 2016-02-06T09:40:40+08:00 ] /pc_denglu.php?s= | SQL: SHOW COLUMNS FROM `dms_ÈÇÆ‰ª∂` [ RunTime:0.033002s ]
[ 2016-02-06T09:40:40+08:00 ] /pc_denglu.php?s= | SQL: SELECT COUNT(*) AS tp_count FROM `dms_ÈÇÆ‰ª∂` WHERE Êî∂‰ª∂‰∫∫Á±ªÂûã='ÁÆ°ÁêÜÂëò' and Áä∂ÊÄÅ=0 LIMIT 1   FOR UPDATE  [ RunTime:0.000000s ]
[ 2016-02-06T09:40:40+08:00 ] /pc_denglu.php?s= | SQL: SHOW COLUMNS FROM `dms_Ê±áÊ¨æÈÄöÁü•` [ RunTime:0.025001s ]
[ 2016-02-06T09:40:40+08:00 ] /pc_denglu.php?s= | SQL: SELECT COUNT(id) AS tp_count FROM `dms_Ê±áÊ¨æÈÄöÁü•` WHERE Áä∂ÊÄÅ=0 LIMIT 1   FOR UPDATE  [ RunTime:0.001001s ]
[ 2016-02-06T09:40:40+08:00 ] /pc_denglu.php?s= | INFO: Tag[ view_template ] --START--
[ 2016-02-06T09:40:40+08:00 ] /pc_denglu.php?s= | INFO: Run LocationTemplate Behavior [ RunTime:0.002001s ]
[ 2016-02-06T09:40:40+08:00 ] /pc_denglu.php?s= | INFO: Tag[ view_template ] --END-- [ RunTime:0.003001s ]
[ 2016-02-06T09:40:40+08:00 ] /pc_denglu.php?s= | INFO: Tag[ view_parse ] --START--
[ 2016-02-06T09:40:40+08:00 ] /pc_denglu.php?s= | SQL: SELECT * FROM `node` WHERE ( `id` = '2' ) LIMIT 1   [ RunTime:0.001000s ]
[ 2016-02-06T09:40:40+08:00 ] /pc_denglu.php?s= | SQL: SELECT * FROM `node` WHERE ( `id` = '2' ) LIMIT 1   [ RunTime:0.001000s ]
[ 2016-02-06T09:40:40+08:00 ] /pc_denglu.php?s= | SQL: SELECT * FROM `node` WHERE ( `id` = '2' ) LIMIT 1   [ RunTime:0.001000s ]
[ 2016-02-06T09:40:40+08:00 ] /pc_denglu.php?s= | SQL: SELECT * FROM `node` WHERE ( `id` = '2' ) LIMIT 1   [ RunTime:0.001000s ]
[ 2016-02-06T09:40:40+08:00 ] /pc_denglu.php?s= | SQL: SELECT * FROM `node` WHERE ( `id` = '2' ) LIMIT 1   [ RunTime:0.001000s ]
[ 2016-02-06T09:40:40+08:00 ] /pc_denglu.php?s= | SQL: SELECT * FROM `node` WHERE ( `id` = '2' ) LIMIT 1   [ RunTime:0.001000s ]
[ 2016-02-06T09:40:40+08:00 ] /pc_denglu.php?s= | INFO: Run ParseTemplate Behavior [ RunTime:0.114006s ]
[ 2016-02-06T09:40:40+08:00 ] /pc_denglu.php?s= | INFO: Tag[ view_parse ] --END-- [ RunTime:0.115006s ]
[ 2016-02-06T09:40:40+08:00 ] /pc_denglu.php?s= | INFO: Tag[ view_filter ] --START--
[ 2016-02-06T09:40:40+08:00 ] /pc_denglu.php?s= | INFO: Run ContentReplace Behavior [ RunTime:0.002000s ]
[ 2016-02-06T09:40:40+08:00 ] /pc_denglu.php?s= | INFO: Run TokenBuild Behavior [ RunTime:0.003000s ]
[ 2016-02-06T09:40:40+08:00 ] /pc_denglu.php?s= | INFO: Run WriteHtmlCache Behavior [ RunTime:0.001000s ]
[ 2016-02-06T09:40:40+08:00 ] /pc_denglu.php?s= | INFO: Run ShowRuntime Behavior [ RunTime:0.001000s ]
[ 2016-02-06T09:40:40+08:00 ] /pc_denglu.php?s= | INFO: Tag[ view_filter ] --END-- [ RunTime:0.009001s ]
[ 2016-02-06T09:40:40+08:00 ] /pc_denglu.php?s= | INFO: Tag[ view_end ] --START--
[ 2016-02-06T09:40:40+08:00 ] /pc_denglu.php?s= | INFO: Run ShowPageTrace Behavior [ RunTime:0.002000s ]
[ 2016-02-06T09:40:40+08:00 ] /pc_denglu.php?s= | INFO: Tag[ view_end ] --END-- [ RunTime:0.002000s ]
[ 2016-02-06T09:40:40+08:00 ] /pc_denglu.php?s= | INFO: Tag[ app_end ] --START--
[ 2016-02-06T09:40:40+08:00 ] /pc_denglu.php?s= | INFO: Run SaveConfig Behavior [ RunTime:0.003000s ]
[ 2016-02-06T09:40:40+08:00 ] /pc_denglu.php?s= | INFO: Tag[ app_end ] --END-- [ RunTime:0.003000s ]
[ 2016-02-06T09:40:40+08:00 ] /pc_denglu.php?s=/Index/checkxml | INFO: Tag[ app_init ] --START--
[ 2016-02-06T09:40:40+08:00 ] /pc_denglu.php?s=/Index/checkxml | INFO: Run XSS Behavior [ RunTime:0.002001s ]
[ 2016-02-06T09:40:40+08:00 ] /pc_denglu.php?s=/Index/checkxml | INFO: Tag[ app_init ] --END-- [ RunTime:0.003001s ]
[ 2016-02-06T09:40:40+08:00 ] /pc_denglu.php?s=/Index/checkxml | INFO: Tag[ route_check ] --START--
[ 2016-02-06T09:40:40+08:00 ] /pc_denglu.php?s=/Index/checkxml | INFO: Run CheckRoute Behavior [ RunTime:0.003000s ]
[ 2016-02-06T09:40:40+08:00 ] /pc_denglu.php?s=/Index/checkxml | INFO: Tag[ route_check ] --END-- [ RunTime:0.003000s ]
[ 2016-02-06T09:40:40+08:00 ] /pc_denglu.php?s=/Index/checkxml | INFO: Tag[ app_begin ] --START--
[ 2016-02-06T09:40:40+08:00 ] /pc_denglu.php?s=/Index/checkxml | INFO: Run ReadHtmlCache Behavior [ RunTime:0.003000s ]
[ 2016-02-06T09:40:40+08:00 ] /pc_denglu.php?s=/Index/checkxml | INFO: Tag[ app_begin ] --END-- [ RunTime:0.004000s ]
[ 2016-02-06T09:40:40+08:00 ] /pc_denglu.php?s=/Index/checkxml | SQL: SHOW COLUMNS FROM `config` [ RunTime:0.024001s ]
[ 2016-02-06T09:40:40+08:00 ] /pc_denglu.php?s=/Index/checkxml | SQL: SELECT * FROM `config` WHERE ( `name` = 'DIFFTIME' ) LIMIT 1   FOR UPDATE  [ RunTime:0.001000s ]
[ 2016-02-06T09:40:40+08:00 ] /pc_denglu.php?s=/Index/checkxml | SQL: SHOW COLUMNS FROM `admin` [ RunTime:0.036002s ]
[ 2016-02-06T09:40:40+08:00 ] /pc_denglu.php?s=/Index/checkxml | SQL: SELECT `admin_status` FROM `admin` WHERE ( `id` = '1' ) LIMIT 1   [ RunTime:0.001000s ]
[ 2016-02-06T09:40:40+08:00 ] /pc_denglu.php?s=/Index/checkxml | INFO: Tag[ app_end ] --START--
[ 2016-02-06T09:40:40+08:00 ] /pc_denglu.php?s=/Index/checkxml | INFO: Run SaveConfig Behavior [ RunTime:0.002000s ]
[ 2016-02-06T09:40:40+08:00 ] /pc_denglu.php?s=/Index/checkxml | INFO: Tag[ app_end ] --END-- [ RunTime:0.002000s ]
[ 2016-02-06T09:40:54+08:00 ] /pc_denglu.php?s=/Backup/index&_=1454722854152 | INFO: Tag[ app_init ] --START--
[ 2016-02-06T09:40:54+08:00 ] /pc_denglu.php?s=/Backup/index&_=1454722854152 | INFO: Run XSS Behavior [ RunTime:0.001000s ]
[ 2016-02-06T09:40:54+08:00 ] /pc_denglu.php?s=/Backup/index&_=1454722854152 | INFO: Tag[ app_init ] --END-- [ RunTime:0.001000s ]
[ 2016-02-06T09:40:54+08:00 ] /pc_denglu.php?s=/Backup/index&_=1454722854152 | INFO: Tag[ route_check ] --START--
[ 2016-02-06T09:40:54+08:00 ] /pc_denglu.php?s=/Backup/index&_=1454722854152 | INFO: Run CheckRoute Behavior [ RunTime:0.002000s ]
[ 2016-02-06T09:40:54+08:00 ] /pc_denglu.php?s=/Backup/index&_=1454722854152 | INFO: Tag[ route_check ] --END-- [ RunTime:0.002000s ]
[ 2016-02-06T09:40:54+08:00 ] /pc_denglu.php?s=/Backup/index&_=1454722854152 | INFO: Tag[ app_begin ] --START--
[ 2016-02-06T09:40:54+08:00 ] /pc_denglu.php?s=/Backup/index&_=1454722854152 | INFO: Run ReadHtmlCache Behavior [ RunTime:0.002000s ]
[ 2016-02-06T09:40:54+08:00 ] /pc_denglu.php?s=/Backup/index&_=1454722854152 | INFO: Tag[ app_begin ] --END-- [ RunTime:0.002000s ]
[ 2016-02-06T09:40:54+08:00 ] /pc_denglu.php?s=/Backup/index&_=1454722854152 | SQL: SHOW COLUMNS FROM `config` [ RunTime:0.020001s ]
[ 2016-02-06T09:40:54+08:00 ] /pc_denglu.php?s=/Backup/index&_=1454722854152 | SQL: SELECT * FROM `config` WHERE ( `name` = 'DIFFTIME' ) LIMIT 1   FOR UPDATE  [ RunTime:0.001000s ]
[ 2016-02-06T09:40:54+08:00 ] /pc_denglu.php?s=/Backup/index&_=1454722854152 | SQL: SHOW COLUMNS FROM `admin` [ RunTime:0.030002s ]
[ 2016-02-06T09:40:54+08:00 ] /pc_denglu.php?s=/Backup/index&_=1454722854152 | SQL: SELECT `admin_status` FROM `admin` WHERE ( `id` = '1' ) LIMIT 1   [ RunTime:0.001000s ]
[ 2016-02-06T09:40:54+08:00 ] /pc_denglu.php?s=/Backup/index&_=1454722854152 | INFO: Tag[ view_template ] --START--
[ 2016-02-06T09:40:54+08:00 ] /pc_denglu.php?s=/Backup/index&_=1454722854152 | INFO: Run LocationTemplate Behavior [ RunTime:0.004001s ]
[ 2016-02-06T09:40:54+08:00 ] /pc_denglu.php?s=/Backup/index&_=1454722854152 | INFO: Tag[ view_template ] --END-- [ RunTime:0.004001s ]
[ 2016-02-06T09:40:54+08:00 ] /pc_denglu.php?s=/Backup/index&_=1454722854152 | INFO: Tag[ view_parse ] --START--
[ 2016-02-06T09:40:54+08:00 ] /pc_denglu.php?s=/Backup/index&_=1454722854152 | INFO: Run ParseTemplate Behavior [ RunTime:0.038002s ]
[ 2016-02-06T09:40:54+08:00 ] /pc_denglu.php?s=/Backup/index&_=1454722854152 | INFO: Tag[ view_parse ] --END-- [ RunTime:0.038002s ]
[ 2016-02-06T09:40:54+08:00 ] /pc_denglu.php?s=/Backup/index&_=1454722854152 | INFO: Tag[ view_filter ] --START--
[ 2016-02-06T09:40:54+08:00 ] /pc_denglu.php?s=/Backup/index&_=1454722854152 | INFO: Run ContentReplace Behavior [ RunTime:0.002000s ]
[ 2016-02-06T09:40:54+08:00 ] /pc_denglu.php?s=/Backup/index&_=1454722854152 | INFO: Run TokenBuild Behavior [ RunTime:0.002000s ]
[ 2016-02-06T09:40:54+08:00 ] /pc_denglu.php?s=/Backup/index&_=1454722854152 | INFO: Run WriteHtmlCache Behavior [ RunTime:0.002000s ]
[ 2016-02-06T09:40:54+08:00 ] /pc_denglu.php?s=/Backup/index&_=1454722854152 | INFO: Run ShowRuntime Behavior [ RunTime:0.002000s ]
[ 2016-02-06T09:40:54+08:00 ] /pc_denglu.php?s=/Backup/index&_=1454722854152 | INFO: Tag[ view_filter ] --END-- [ RunTime:0.008000s ]
[ 2016-02-06T09:40:54+08:00 ] /pc_denglu.php?s=/Backup/index&_=1454722854152 | INFO: Tag[ view_end ] --START--
[ 2016-02-06T09:40:54+08:00 ] /pc_denglu.php?s=/Backup/index&_=1454722854152 | INFO: Run ShowPageTrace Behavior [ RunTime:0.002000s ]
[ 2016-02-06T09:40:54+08:00 ] /pc_denglu.php?s=/Backup/index&_=1454722854152 | INFO: Tag[ view_end ] --END-- [ RunTime:0.002000s ]
[ 2016-02-06T09:40:54+08:00 ] /pc_denglu.php?s=/Backup/index&_=1454722854152 | INFO: Tag[ app_end ] --START--
[ 2016-02-06T09:40:54+08:00 ] /pc_denglu.php?s=/Backup/index&_=1454722854152 | INFO: Run SaveConfig Behavior [ RunTime:0.002000s ]
[ 2016-02-06T09:40:54+08:00 ] /pc_denglu.php?s=/Backup/index&_=1454722854152 | INFO: Tag[ app_end ] --END-- [ RunTime:0.002000s ]
[ 2016-02-06T09:40:56+08:00 ] /pc_denglu.php?s=/Admin/index&_=1454722856028 | INFO: Tag[ app_init ] --START--
[ 2016-02-06T09:40:56+08:00 ] /pc_denglu.php?s=/Admin/index&_=1454722856028 | INFO: Run XSS Behavior [ RunTime:0.002000s ]
[ 2016-02-06T09:40:56+08:00 ] /pc_denglu.php?s=/Admin/index&_=1454722856028 | INFO: Tag[ app_init ] --END-- [ RunTime:0.002000s ]
[ 2016-02-06T09:40:56+08:00 ] /pc_denglu.php?s=/Admin/index&_=1454722856028 | INFO: Tag[ route_check ] --START--
[ 2016-02-06T09:40:56+08:00 ] /pc_denglu.php?s=/Admin/index&_=1454722856028 | INFO: Run CheckRoute Behavior [ RunTime:0.002000s ]
[ 2016-02-06T09:40:56+08:00 ] /pc_denglu.php?s=/Admin/index&_=1454722856028 | INFO: Tag[ route_check ] --END-- [ RunTime:0.003000s ]
[ 2016-02-06T09:40:56+08:00 ] /pc_denglu.php?s=/Admin/index&_=1454722856028 | INFO: Tag[ app_begin ] --START--
[ 2016-02-06T09:40:56+08:00 ] /pc_denglu.php?s=/Admin/index&_=1454722856028 | INFO: Run ReadHtmlCache Behavior [ RunTime:0.002001s ]
[ 2016-02-06T09:40:56+08:00 ] /pc_denglu.php?s=/Admin/index&_=1454722856028 | INFO: Tag[ app_begin ] --END-- [ RunTime:0.002001s ]
[ 2016-02-06T09:40:56+08:00 ] /pc_denglu.php?s=/Admin/index&_=1454722856028 | SQL: SHOW COLUMNS FROM `config` [ RunTime:0.034002s ]
[ 2016-02-06T09:40:56+08:00 ] /pc_denglu.php?s=/Admin/index&_=1454722856028 | SQL: SELECT * FROM `config` WHERE ( `name` = 'DIFFTIME' ) LIMIT 1   FOR UPDATE  [ RunTime:0.002000s ]
[ 2016-02-06T09:40:56+08:00 ] /pc_denglu.php?s=/Admin/index&_=1454722856028 | SQL: SHOW COLUMNS FROM `admin` [ RunTime:0.021001s ]
[ 2016-02-06T09:40:56+08:00 ] /pc_denglu.php?s=/Admin/index&_=1454722856028 | SQL: SELECT `admin_status` FROM `admin` WHERE ( `id` = '1' ) LIMIT 1   [ RunTime:0.001000s ]
[ 2016-02-06T09:40:56+08:00 ] /pc_denglu.php?s=/Admin/index&_=1454722856028 | SQL: SHOW COLUMNS FROM `admin` [ RunTime:0.020001s ]
[ 2016-02-06T09:40:56+08:00 ] /pc_denglu.php?s=/Admin/index&_=1454722856028 | SQL: SHOW COLUMNS FROM `xtable_set` [ RunTime:0.024002s ]
[ 2016-02-06T09:40:56+08:00 ] /pc_denglu.php?s=/Admin/index&_=1454722856028 | SQL: SELECT * FROM `xtable_set` WHERE Âú∞ÂùÄ='/pc_denglu.php?s=/Admin/index' LIMIT 1   [ RunTime:0.001000s ]
[ 2016-02-06T09:40:56+08:00 ] /pc_denglu.php?s=/Admin/index&_=1454722856028 | SQL: INSERT INTO `xtable_set` (`Âú∞ÂùÄ`,`Ê†áÈ¢ò`,`ÊòæÁ§∫`,`ÊéíÂ∫è`,`Êï∞ÁªÑMD5`) VALUES ('/pc_denglu.php?s=/Admin/index','ÁºñÂè∑,ÁôªÂΩïÂ∏êÂè∑,ÁÆ°ÁêÜÂëòÂêçÁß\∞,ÊâÄÂ±ûÊùÉÈôêÁªÑ,ÁôªÂΩïÊ¨°Êï∞,ÊúÄËøëÁôªÂΩïÊó∂Èó\¥,ÊúÄËøëÁôªÂΩïIP,Áä∂ÊÄ\Å','1,1,1,1,1,1,1,1','0,1,2,3,4,5,6,7','38f0073ae5b61a044ff39231048f2799') [ RunTime:0.000000s ]
[ 2016-02-06T09:40:56+08:00 ] /pc_denglu.php?s=/Admin/index&_=1454722856028 | SQL: EXPLAIN ( SELECT a.*,b.name FROM admin as a left join (select c.admin_id,d.name from role_admin c inner join role d on c.role_id=d.id ) as b on b.admin_id=a.id WHERE 1 AND (1) ORDER BY last_login_time desc LIMIT 0,25   ) [ RunTime:0.036002s ]
[ 2016-02-06T09:40:56+08:00 ] /pc_denglu.php?s=/Admin/index&_=1454722856028 | SQL: ( SELECT a.*,b.name FROM admin as a left join (select c.admin_id,d.name from role_admin c inner join role d on c.role_id=d.id ) as b on b.admin_id=a.id WHERE 1 AND (1) ORDER BY last_login_time desc LIMIT 0,25   ) [ RunTime:0.002000s ]
[ 2016-02-06T09:40:56+08:00 ] /pc_denglu.php?s=/Admin/index&_=1454722856028 | SQL: select count(1) num  FROM admin as a left join (select c.admin_id,d.name from role_admin c inner join role d on c.role_id=d.id ) as b on b.admin_id=a.id WHERE 1 AND (1)  [ RunTime:0.001000s ]
[ 2016-02-06T09:40:56+08:00 ] /pc_denglu.php?s=/Admin/index&_=1454722856028 | INFO: Tag[ view_template ] --START--
[ 2016-02-06T09:40:56+08:00 ] /pc_denglu.php?s=/Admin/index&_=1454722856028 | INFO: Run LocationTemplate Behavior [ RunTime:0.003000s ]
[ 2016-02-06T09:40:56+08:00 ] /pc_denglu.php?s=/Admin/index&_=1454722856028 | INFO: Tag[ view_template ] --END-- [ RunTime:0.004000s ]
[ 2016-02-06T09:40:56+08:00 ] /pc_denglu.php?s=/Admin/index&_=1454722856028 | INFO: Tag[ view_parse ] --START--
[ 2016-02-06T09:40:56+08:00 ] /pc_denglu.php?s=/Admin/index&_=1454722856028 | INFO: Run ParseTemplate Behavior [ RunTime:0.020001s ]
[ 2016-02-06T09:40:56+08:00 ] /pc_denglu.php?s=/Admin/index&_=1454722856028 | INFO: Tag[ view_parse ] --END-- [ RunTime:0.020001s ]
[ 2016-02-06T09:40:56+08:00 ] /pc_denglu.php?s=/Admin/index&_=1454722856028 | INFO: Tag[ view_filter ] --START--
[ 2016-02-06T09:40:56+08:00 ] /pc_denglu.php?s=/Admin/index&_=1454722856028 | INFO: Run ContentReplace Behavior [ RunTime:0.002000s ]
[ 2016-02-06T09:40:56+08:00 ] /pc_denglu.php?s=/Admin/index&_=1454722856028 | INFO: Run TokenBuild Behavior [ RunTime:0.002000s ]
[ 2016-02-06T09:40:56+08:00 ] /pc_denglu.php?s=/Admin/index&_=1454722856028 | INFO: Run WriteHtmlCache Behavior [ RunTime:0.001000s ]
[ 2016-02-06T09:40:56+08:00 ] /pc_denglu.php?s=/Admin/index&_=1454722856028 | INFO: Run ShowRuntime Behavior [ RunTime:0.002000s ]
[ 2016-02-06T09:40:56+08:00 ] /pc_denglu.php?s=/Admin/index&_=1454722856028 | INFO: Tag[ view_filter ] --END-- [ RunTime:0.007000s ]
[ 2016-02-06T09:40:56+08:00 ] /pc_denglu.php?s=/Admin/index&_=1454722856028 | INFO: Tag[ view_end ] --START--
[ 2016-02-06T09:40:56+08:00 ] /pc_denglu.php?s=/Admin/index&_=1454722856028 | INFO: Run ShowPageTrace Behavior [ RunTime:0.001000s ]
[ 2016-02-06T09:40:56+08:00 ] /pc_denglu.php?s=/Admin/index&_=1454722856028 | INFO: Tag[ view_end ] --END-- [ RunTime:0.002001s ]
[ 2016-02-06T09:40:56+08:00 ] /pc_denglu.php?s=/Admin/index&_=1454722856028 | INFO: Tag[ app_end ] --START--
[ 2016-02-06T09:40:56+08:00 ] /pc_denglu.php?s=/Admin/index&_=1454722856028 | INFO: Run SaveConfig Behavior [ RunTime:0.001000s ]
[ 2016-02-06T09:40:56+08:00 ] /pc_denglu.php?s=/Admin/index&_=1454722856028 | INFO: Tag[ app_end ] --END-- [ RunTime:0.002000s ]
[ 2016-02-06T09:41:06+08:00 ] /pc_denglu.php?s=/RunSet/index&_=1454722866692 | INFO: Tag[ app_init ] --START--
[ 2016-02-06T09:41:06+08:00 ] /pc_denglu.php?s=/RunSet/index&_=1454722866692 | INFO: Run XSS Behavior [ RunTime:0.002000s ]
[ 2016-02-06T09:41:06+08:00 ] /pc_denglu.php?s=/RunSet/index&_=1454722866692 | INFO: Tag[ app_init ] --END-- [ RunTime:0.002000s ]
[ 2016-02-06T09:41:06+08:00 ] /pc_denglu.php?s=/RunSet/index&_=1454722866692 | INFO: Tag[ route_check ] --START--
[ 2016-02-06T09:41:06+08:00 ] /pc_denglu.php?s=/RunSet/index&_=1454722866692 | INFO: Run CheckRoute Behavior [ RunTime:0.003001s ]
[ 2016-02-06T09:41:06+08:00 ] /pc_denglu.php?s=/RunSet/index&_=1454722866692 | INFO: Tag[ route_check ] --END-- [ RunTime:0.003001s ]
[ 2016-02-06T09:41:06+08:00 ] /pc_denglu.php?s=/RunSet/index&_=1454722866692 | INFO: Tag[ app_begin ] --START--
[ 2016-02-06T09:41:06+08:00 ] /pc_denglu.php?s=/RunSet/index&_=1454722866692 | INFO: Run ReadHtmlCache Behavior [ RunTime:0.003000s ]
[ 2016-02-06T09:41:06+08:00 ] /pc_denglu.php?s=/RunSet/index&_=1454722866692 | INFO: Tag[ app_begin ] --END-- [ RunTime:0.003000s ]
[ 2016-02-06T09:41:06+08:00 ] /pc_denglu.php?s=/RunSet/index&_=1454722866692 | SQL: SHOW COLUMNS FROM `admin` [ RunTime:0.022001s ]
[ 2016-02-06T09:41:06+08:00 ] /pc_denglu.php?s=/RunSet/index&_=1454722866692 | SQL: SELECT `admin_status` FROM `admin` WHERE ( `id` = '1' ) LIMIT 1   [ RunTime:0.000000s ]
[ 2016-02-06T09:41:06+08:00 ] /pc_denglu.php?s=/RunSet/index&_=1454722866692 | INFO: Tag[ view_template ] --START--
[ 2016-02-06T09:41:06+08:00 ] /pc_denglu.php?s=/RunSet/index&_=1454722866692 | INFO: Run LocationTemplate Behavior [ RunTime:0.004000s ]
[ 2016-02-06T09:41:06+08:00 ] /pc_denglu.php?s=/RunSet/index&_=1454722866692 | INFO: Tag[ view_template ] --END-- [ RunTime:0.004000s ]
[ 2016-02-06T09:41:06+08:00 ] /pc_denglu.php?s=/RunSet/index&_=1454722866692 | INFO: Tag[ view_parse ] --START--
[ 2016-02-06T09:41:06+08:00 ] /pc_denglu.php?s=/RunSet/index&_=1454722866692 | INFO: Run ParseTemplate Behavior [ RunTime:0.040003s ]
[ 2016-02-06T09:41:06+08:00 ] /pc_denglu.php?s=/RunSet/index&_=1454722866692 | INFO: Tag[ view_parse ] --END-- [ RunTime:0.040003s ]
[ 2016-02-06T09:41:06+08:00 ] /pc_denglu.php?s=/RunSet/index&_=1454722866692 | INFO: Tag[ view_filter ] --START--
[ 2016-02-06T09:41:06+08:00 ] /pc_denglu.php?s=/RunSet/index&_=1454722866692 | INFO: Run ContentReplace Behavior [ RunTime:0.003000s ]
[ 2016-02-06T09:41:06+08:00 ] /pc_denglu.php?s=/RunSet/index&_=1454722866692 | INFO: Run TokenBuild Behavior [ RunTime:0.002000s ]
[ 2016-02-06T09:41:06+08:00 ] /pc_denglu.php?s=/RunSet/index&_=1454722866692 | INFO: Run WriteHtmlCache Behavior [ RunTime:0.002000s ]
[ 2016-02-06T09:41:06+08:00 ] /pc_denglu.php?s=/RunSet/index&_=1454722866692 | INFO: Run ShowRuntime Behavior [ RunTime:0.002000s ]
[ 2016-02-06T09:41:06+08:00 ] /pc_denglu.php?s=/RunSet/index&_=1454722866692 | INFO: Tag[ view_filter ] --END-- [ RunTime:0.010000s ]
[ 2016-02-06T09:41:06+08:00 ] /pc_denglu.php?s=/RunSet/index&_=1454722866692 | INFO: Tag[ view_end ] --START--
[ 2016-02-06T09:41:06+08:00 ] /pc_denglu.php?s=/RunSet/index&_=1454722866692 | INFO: Run ShowPageTrace Behavior [ RunTime:0.002000s ]
[ 2016-02-06T09:41:06+08:00 ] /pc_denglu.php?s=/RunSet/index&_=1454722866692 | INFO: Tag[ view_end ] --END-- [ RunTime:0.002000s ]
[ 2016-02-06T09:41:06+08:00 ] /pc_denglu.php?s=/RunSet/index&_=1454722866692 | INFO: Tag[ app_end ] --START--
[ 2016-02-06T09:41:06+08:00 ] /pc_denglu.php?s=/RunSet/index&_=1454722866692 | INFO: Run SaveConfig Behavior [ RunTime:0.001001s ]
[ 2016-02-06T09:41:06+08:00 ] /pc_denglu.php?s=/RunSet/index&_=1454722866692 | INFO: Tag[ app_end ] --END-- [ RunTime:0.002001s ]
[ 2016-02-06T09:41:48+08:00 ] /pc_denglu.php?s=/Role/add&_=1454722907740 | NOTIC: [8] Undefined variable: module 1dc1997d81893b66263f3b7752c13053.php Á¨¨ 70 Ë°å.
[ 2016-02-06T09:41:48+08:00 ] /pc_denglu.php?s=/Role/add&_=1454722907740 | NOTIC: [8] Undefined variable: module 1dc1997d81893b66263f3b7752c13053.php Á¨¨ 70 Ë°å.
[ 2016-02-06T09:41:48+08:00 ] /pc_denglu.php?s=/Role/add&_=1454722907740 | NOTIC: [8] Undefined variable: module 1dc1997d81893b66263f3b7752c13053.php Á¨¨ 70 Ë°å.
[ 2016-02-06T09:41:48+08:00 ] /pc_denglu.php?s=/Role/add&_=1454722907740 | NOTIC: [8] Undefined variable: module 1dc1997d81893b66263f3b7752c13053.php Á¨¨ 70 Ë°å.
[ 2016-02-06T09:41:48+08:00 ] /pc_denglu.php?s=/Role/add&_=1454722907740 | NOTIC: [8] Undefined variable: module 1dc1997d81893b66263f3b7752c13053.php Á¨¨ 70 Ë°å.
[ 2016-02-06T09:41:48+08:00 ] /pc_denglu.php?s=/Role/add&_=1454722907740 | NOTIC: [8] Undefined variable: module 1dc1997d81893b66263f3b7752c13053.php Á¨¨ 70 Ë°å.
[ 2016-02-06T09:41:48+08:00 ] /pc_denglu.php?s=/Role/add&_=1454722907740 | NOTIC: [8] Undefined variable: module 1dc1997d81893b66263f3b7752c13053.php Á¨¨ 70 Ë°å.
