[ 2016-02-05T09:54:48+08:00 ] /pc_denglu.php?s=/Public/login | INFO: Tag[ app_init ] --START--
[ 2016-02-05T09:54:48+08:00 ] /pc_denglu.php?s=/Public/login | INFO: Run XSS Behavior [ RunTime:0.003000s ]
[ 2016-02-05T09:54:48+08:00 ] /pc_denglu.php?s=/Public/login | INFO: Tag[ app_init ] --END-- [ RunTime:0.003000s ]
[ 2016-02-05T09:54:48+08:00 ] /pc_denglu.php?s=/Public/login | INFO: Tag[ route_check ] --START--
[ 2016-02-05T09:54:48+08:00 ] /pc_denglu.php?s=/Public/login | INFO: Run CheckRoute Behavior [ RunTime:0.003000s ]
[ 2016-02-05T09:54:48+08:00 ] /pc_denglu.php?s=/Public/login | INFO: Tag[ route_check ] --END-- [ RunTime:0.003000s ]
[ 2016-02-05T09:54:48+08:00 ] /pc_denglu.php?s=/Public/login | INFO: Tag[ app_begin ] --START--
[ 2016-02-05T09:54:48+08:00 ] /pc_denglu.php?s=/Public/login | INFO: Run ReadHtmlCache Behavior [ RunTime:0.003000s ]
[ 2016-02-05T09:54:48+08:00 ] /pc_denglu.php?s=/Public/login | INFO: Tag[ app_begin ] --END-- [ RunTime:0.003000s ]
[ 2016-02-05T09:54:48+08:00 ] /pc_denglu.php?s=/Public/login | SQL: SELECT a.id FROM yubicloud as a inner join (select id from admin where status=1) b on a.account_id=b.id WHERE ( `state` >= 1 ) AND ( (`endtime` >= 1454601600) OR (`endtime` = 0) ) LIMIT 1   [ RunTime:0.025001s ]
[ 2016-02-05T09:54:48+08:00 ] /pc_denglu.php?s=/Public/login | SQL: SHOW COLUMNS FROM `config` [ RunTime:0.022002s ]
[ 2016-02-05T09:54:48+08:00 ] /pc_denglu.php?s=/Public/login | SQL: SHOW COLUMNS FROM `admin` [ RunTime:0.021001s ]
[ 2016-02-05T09:54:48+08:00 ] /pc_denglu.php?s=/Public/login | SQL: SELECT * FROM `admin` WHERE ( `account` = 'admin' ) LIMIT 1   [ RunTime:0.002000s ]
[ 2016-02-05T09:54:48+08:00 ] /pc_denglu.php?s=/Public/login | SQL: SHOW COLUMNS FROM `admin` [ RunTime:0.022001s ]
[ 2016-02-05T09:54:48+08:00 ] /pc_denglu.php?s=/Public/login | SQL: SELECT * FROM `admin` WHERE ( `googlepass` <> '' ) LIMIT 1   [ RunTime:0.001000s ]
[ 2016-02-05T09:54:48+08:00 ] /pc_denglu.php?s=/Public/login | INFO: Tag[ view_template ] --START--
[ 2016-02-05T09:54:48+08:00 ] /pc_denglu.php?s=/Public/login | INFO: Run LocationTemplate Behavior [ RunTime:0.005001s ]
[ 2016-02-05T09:54:48+08:00 ] /pc_denglu.php?s=/Public/login | INFO: Tag[ view_template ] --END-- [ RunTime:0.005001s ]
[ 2016-02-05T09:54:48+08:00 ] /pc_denglu.php?s=/Public/login | INFO: Tag[ view_parse ] --START--
[ 2016-02-05T09:54:48+08:00 ] /pc_denglu.php?s=/Public/login | INFO: Run ParseTemplate Behavior [ RunTime:0.057003s ]
[ 2016-02-05T09:54:48+08:00 ] /pc_denglu.php?s=/Public/login | INFO: Tag[ view_parse ] --END-- [ RunTime:0.057003s ]
[ 2016-02-05T09:54:48+08:00 ] /pc_denglu.php?s=/Public/login | INFO: Tag[ view_filter ] --START--
[ 2016-02-05T09:54:48+08:00 ] /pc_denglu.php?s=/Public/login | INFO: Run ContentReplace Behavior [ RunTime:0.003000s ]
[ 2016-02-05T09:54:49+08:00 ] /pc_denglu.php?s=/Public/login | INFO: Run TokenBuild Behavior [ RunTime:0.003000s ]
[ 2016-02-05T09:54:49+08:00 ] /pc_denglu.php?s=/Public/login | INFO: Run WriteHtmlCache Behavior [ RunTime:0.002000s ]
[ 2016-02-05T09:54:49+08:00 ] /pc_denglu.php?s=/Public/login | INFO: Run ShowRuntime Behavior [ RunTime:0.003001s ]
[ 2016-02-05T09:54:49+08:00 ] /pc_denglu.php?s=/Public/login | INFO: Tag[ view_filter ] --END-- [ RunTime:0.012001s ]
[ 2016-02-05T09:54:49+08:00 ] /pc_denglu.php?s=/Public/login | INFO: Tag[ view_end ] --START--
[ 2016-02-05T09:54:49+08:00 ] /pc_denglu.php?s=/Public/login | INFO: Run ShowPageTrace Behavior [ RunTime:0.010000s ]
[ 2016-02-05T09:54:49+08:00 ] /pc_denglu.php?s=/Public/login | INFO: Tag[ view_end ] --END-- [ RunTime:0.010000s ]
[ 2016-02-05T09:54:49+08:00 ] /pc_denglu.php?s=/Public/login | INFO: Tag[ app_end ] --START--
[ 2016-02-05T09:54:49+08:00 ] /pc_denglu.php?s=/Public/login | INFO: Run SaveConfig Behavior [ RunTime:0.005001s ]
[ 2016-02-05T09:54:49+08:00 ] /pc_denglu.php?s=/Public/login | INFO: Tag[ app_end ] --END-- [ RunTime:0.007001s ]
[ 2016-02-05T09:54:49+08:00 ] /pc_denglu.php?s=/Public/verify/ | INFO: Tag[ app_init ] --START--
[ 2016-02-05T09:54:49+08:00 ] /pc_denglu.php?s=/Public/verify/ | INFO: Run XSS Behavior [ RunTime:0.002000s ]
[ 2016-02-05T09:54:49+08:00 ] /pc_denglu.php?s=/Public/verify/ | INFO: Tag[ app_init ] --END-- [ RunTime:0.003000s ]
[ 2016-02-05T09:54:49+08:00 ] /pc_denglu.php?s=/Public/verify/ | INFO: Tag[ route_check ] --START--
[ 2016-02-05T09:54:49+08:00 ] /pc_denglu.php?s=/Public/verify/ | INFO: Run CheckRoute Behavior [ RunTime:0.004000s ]
[ 2016-02-05T09:54:49+08:00 ] /pc_denglu.php?s=/Public/verify/ | INFO: Tag[ route_check ] --END-- [ RunTime:0.004000s ]
[ 2016-02-05T09:54:49+08:00 ] /pc_denglu.php?s=/Public/verify/ | INFO: Tag[ app_begin ] --START--
[ 2016-02-05T09:54:49+08:00 ] /pc_denglu.php?s=/Public/verify/ | INFO: Run ReadHtmlCache Behavior [ RunTime:0.005000s ]
[ 2016-02-05T09:54:49+08:00 ] /pc_denglu.php?s=/Public/verify/ | INFO: Tag[ app_begin ] --END-- [ RunTime:0.005000s ]
[ 2016-02-05T09:54:49+08:00 ] /pc_denglu.php?s=/Public/verify/ | INFO: Tag[ app_end ] --START--
[ 2016-02-05T09:54:49+08:00 ] /pc_denglu.php?s=/Public/verify/ | INFO: Run SaveConfig Behavior [ RunTime:0.002000s ]
[ 2016-02-05T09:54:49+08:00 ] /pc_denglu.php?s=/Public/verify/ | INFO: Tag[ app_end ] --END-- [ RunTime:0.003000s ]
[ 2016-02-05T09:54:49+08:00 ] /pc_denglu.php?s=/Public/crateloginstr/ | INFO: Tag[ app_init ] --START--
[ 2016-02-05T09:54:49+08:00 ] /pc_denglu.php?s=/Public/crateloginstr/ | INFO: Run XSS Behavior [ RunTime:0.002000s ]
[ 2016-02-05T09:54:49+08:00 ] /pc_denglu.php?s=/Public/crateloginstr/ | INFO: Tag[ app_init ] --END-- [ RunTime:0.003000s ]
[ 2016-02-05T09:54:49+08:00 ] /pc_denglu.php?s=/Public/crateloginstr/ | INFO: Tag[ route_check ] --START--
[ 2016-02-05T09:54:49+08:00 ] /pc_denglu.php?s=/Public/crateloginstr/ | INFO: Run CheckRoute Behavior [ RunTime:0.003001s ]
[ 2016-02-05T09:54:49+08:00 ] /pc_denglu.php?s=/Public/crateloginstr/ | INFO: Tag[ route_check ] --END-- [ RunTime:0.004001s ]
[ 2016-02-05T09:54:49+08:00 ] /pc_denglu.php?s=/Public/crateloginstr/ | INFO: Tag[ app_begin ] --START--
[ 2016-02-05T09:54:49+08:00 ] /pc_denglu.php?s=/Public/crateloginstr/ | INFO: Run ReadHtmlCache Behavior [ RunTime:0.003000s ]
[ 2016-02-05T09:54:49+08:00 ] /pc_denglu.php?s=/Public/crateloginstr/ | INFO: Tag[ app_begin ] --END-- [ RunTime:0.003000s ]
[ 2016-02-05T09:54:49+08:00 ] /pc_denglu.php?s=/Public/crateloginstr/ | INFO: Tag[ app_end ] --START--
[ 2016-02-05T09:54:49+08:00 ] /pc_denglu.php?s=/Public/crateloginstr/ | INFO: Run SaveConfig Behavior [ RunTime:0.002000s ]
[ 2016-02-05T09:54:49+08:00 ] /pc_denglu.php?s=/Public/crateloginstr/ | INFO: Tag[ app_end ] --END-- [ RunTime:0.002000s ]
[ 2016-02-05T09:54:51+08:00 ] /pc_denglu.php?s= | INFO: Tag[ app_init ] --START--
[ 2016-02-05T09:54:51+08:00 ] /pc_denglu.php?s= | INFO: Run XSS Behavior [ RunTime:0.001000s ]
[ 2016-02-05T09:54:51+08:00 ] /pc_denglu.php?s= | INFO: Tag[ app_init ] --END-- [ RunTime:0.001000s ]
[ 2016-02-05T09:54:51+08:00 ] /pc_denglu.php?s= | INFO: Tag[ app_begin ] --START--
[ 2016-02-05T09:54:51+08:00 ] /pc_denglu.php?s= | INFO: Run ReadHtmlCache Behavior [ RunTime:0.002000s ]
[ 2016-02-05T09:54:51+08:00 ] /pc_denglu.php?s= | INFO: Tag[ app_begin ] --END-- [ RunTime:0.002000s ]
[ 2016-02-05T09:54:51+08:00 ] /pc_denglu.php?s= | SQL: SHOW COLUMNS FROM `config` [ RunTime:0.018001s ]
[ 2016-02-05T09:54:51+08:00 ] /pc_denglu.php?s= | SQL: SELECT * FROM `config` WHERE ( `name` = 'DIFFTIME' ) LIMIT 1   FOR UPDATE  [ RunTime:0.001000s ]
[ 2016-02-05T09:54:51+08:00 ] /pc_denglu.php?s= | SQL: SHOW COLUMNS FROM `admin` [ RunTime:0.020001s ]
[ 2016-02-05T09:54:51+08:00 ] /pc_denglu.php?s= | SQL: SELECT `admin_status` FROM `admin` WHERE ( `id` = '1' ) LIMIT 1   [ RunTime:0.001000s ]
[ 2016-02-05T09:54:51+08:00 ] /pc_denglu.php?s= | SQL: SHOW COLUMNS FROM `node` [ RunTime:0.036002s ]
[ 2016-02-05T09:54:51+08:00 ] /pc_denglu.php?s= | SQL: SELECT * FROM `node` WHERE level=1 and status=1 and is_sync_menu=1 and type=0 ORDER BY sort asc  [ RunTime:0.001000s ]
[ 2016-02-05T09:54:51+08:00 ] /pc_denglu.php?s= | SQL: SELECT * FROM `node` WHERE id='2' LIMIT 1   FOR UPDATE  [ RunTime:0.001000s ]
[ 2016-02-05T09:54:51+08:00 ] /pc_denglu.php?s= | SQL: SELECT * FROM `node` WHERE ( `id` = '1' ) LIMIT 1   FOR UPDATE  [ RunTime:0.001000s ]
[ 2016-02-05T09:54:51+08:00 ] /pc_denglu.php?s= | SQL: SELECT * FROM `node` WHERE Name<>'Admin' and pid=0  FOR UPDATE  [ RunTime:0.001000s ]
[ 2016-02-05T09:54:51+08:00 ] /pc_denglu.php?s= | SQL: SHOW COLUMNS FROM `dms_邮件` [ RunTime:0.036002s ]
[ 2016-02-05T09:54:51+08:00 ] /pc_denglu.php?s= | SQL: SELECT COUNT(*) AS tp_count FROM `dms_邮件` WHERE 收件人类型='管理员' and 状态=0 LIMIT 1   FOR UPDATE  [ RunTime:0.001000s ]
[ 2016-02-05T09:54:51+08:00 ] /pc_denglu.php?s= | SQL: SHOW COLUMNS FROM `dms_汇款通知` [ RunTime:0.051003s ]
[ 2016-02-05T09:54:51+08:00 ] /pc_denglu.php?s= | SQL: SELECT COUNT(id) AS tp_count FROM `dms_汇款通知` WHERE 状态=0 LIMIT 1   FOR UPDATE  [ RunTime:0.000000s ]
[ 2016-02-05T09:54:51+08:00 ] /pc_denglu.php?s= | INFO: Tag[ view_template ] --START--
[ 2016-02-05T09:54:51+08:00 ] /pc_denglu.php?s= | INFO: Run LocationTemplate Behavior [ RunTime:0.004000s ]
[ 2016-02-05T09:54:51+08:00 ] /pc_denglu.php?s= | INFO: Tag[ view_template ] --END-- [ RunTime:0.004000s ]
[ 2016-02-05T09:54:51+08:00 ] /pc_denglu.php?s= | INFO: Tag[ view_parse ] --START--
[ 2016-02-05T09:54:51+08:00 ] /pc_denglu.php?s= | SQL: SELECT * FROM `node` WHERE ( `id` = '2' ) LIMIT 1   [ RunTime:0.001000s ]
[ 2016-02-05T09:54:51+08:00 ] /pc_denglu.php?s= | SQL: SELECT * FROM `node` WHERE ( `id` = '2' ) LIMIT 1   [ RunTime:0.001000s ]
[ 2016-02-05T09:54:51+08:00 ] /pc_denglu.php?s= | SQL: SELECT * FROM `node` WHERE ( `id` = '2' ) LIMIT 1   [ RunTime:0.001000s ]
[ 2016-02-05T09:54:51+08:00 ] /pc_denglu.php?s= | SQL: SELECT * FROM `node` WHERE ( `id` = '2' ) LIMIT 1   [ RunTime:0.002000s ]
[ 2016-02-05T09:54:51+08:00 ] /pc_denglu.php?s= | SQL: SELECT * FROM `node` WHERE ( `id` = '2' ) LIMIT 1   [ RunTime:0.001000s ]
[ 2016-02-05T09:54:51+08:00 ] /pc_denglu.php?s= | SQL: SELECT * FROM `node` WHERE ( `id` = '2' ) LIMIT 1   [ RunTime:0.001000s ]
[ 2016-02-05T09:54:51+08:00 ] /pc_denglu.php?s= | INFO: Run ParseTemplate Behavior [ RunTime:0.128007s ]
[ 2016-02-05T09:54:51+08:00 ] /pc_denglu.php?s= | INFO: Tag[ view_parse ] --END-- [ RunTime:0.128007s ]
[ 2016-02-05T09:54:51+08:00 ] /pc_denglu.php?s= | INFO: Tag[ view_filter ] --START--
[ 2016-02-05T09:54:51+08:00 ] /pc_denglu.php?s= | INFO: Run ContentReplace Behavior [ RunTime:0.002000s ]
[ 2016-02-05T09:54:51+08:00 ] /pc_denglu.php?s= | INFO: Run TokenBuild Behavior [ RunTime:0.001000s ]
[ 2016-02-05T09:54:51+08:00 ] /pc_denglu.php?s= | INFO: Run WriteHtmlCache Behavior [ RunTime:0.002000s ]
[ 2016-02-05T09:54:51+08:00 ] /pc_denglu.php?s= | INFO: Run ShowRuntime Behavior [ RunTime:0.002001s ]
[ 2016-02-05T09:54:51+08:00 ] /pc_denglu.php?s= | INFO: Tag[ view_filter ] --END-- [ RunTime:0.008001s ]
[ 2016-02-05T09:54:51+08:00 ] /pc_denglu.php?s= | INFO: Tag[ view_end ] --START--
[ 2016-02-05T09:54:51+08:00 ] /pc_denglu.php?s= | INFO: Run ShowPageTrace Behavior [ RunTime:0.004000s ]
[ 2016-02-05T09:54:51+08:00 ] /pc_denglu.php?s= | INFO: Tag[ view_end ] --END-- [ RunTime:0.004000s ]
[ 2016-02-05T09:54:51+08:00 ] /pc_denglu.php?s= | INFO: Tag[ app_end ] --START--
[ 2016-02-05T09:54:51+08:00 ] /pc_denglu.php?s= | INFO: Run SaveConfig Behavior [ RunTime:0.002000s ]
[ 2016-02-05T09:54:51+08:00 ] /pc_denglu.php?s= | INFO: Tag[ app_end ] --END-- [ RunTime:0.002000s ]
[ 2016-02-05T09:54:52+08:00 ] /pc_denglu.php?s=/Index/checkxml | INFO: Tag[ app_init ] --START--
[ 2016-02-05T09:54:52+08:00 ] /pc_denglu.php?s=/Index/checkxml | INFO: Run XSS Behavior [ RunTime:0.003001s ]
[ 2016-02-05T09:54:52+08:00 ] /pc_denglu.php?s=/Index/checkxml | INFO: Tag[ app_init ] --END-- [ RunTime:0.003001s ]
[ 2016-02-05T09:54:52+08:00 ] /pc_denglu.php?s=/Index/checkxml | INFO: Tag[ route_check ] --START--
[ 2016-02-05T09:54:52+08:00 ] /pc_denglu.php?s=/Index/checkxml | INFO: Run CheckRoute Behavior [ RunTime:0.004000s ]
[ 2016-02-05T09:54:52+08:00 ] /pc_denglu.php?s=/Index/checkxml | INFO: Tag[ route_check ] --END-- [ RunTime:0.005000s ]
[ 2016-02-05T09:54:52+08:00 ] /pc_denglu.php?s=/Index/checkxml | INFO: Tag[ app_begin ] --START--
[ 2016-02-05T09:54:52+08:00 ] /pc_denglu.php?s=/Index/checkxml | INFO: Run ReadHtmlCache Behavior [ RunTime:0.003000s ]
[ 2016-02-05T09:54:52+08:00 ] /pc_denglu.php?s=/Index/checkxml | INFO: Tag[ app_begin ] --END-- [ RunTime:0.003000s ]
[ 2016-02-05T09:54:52+08:00 ] /pc_denglu.php?s=/Index/checkxml | SQL: SHOW COLUMNS FROM `config` [ RunTime:0.021001s ]
[ 2016-02-05T09:54:52+08:00 ] /pc_denglu.php?s=/Index/checkxml | SQL: SELECT * FROM `config` WHERE ( `name` = 'DIFFTIME' ) LIMIT 1   FOR UPDATE  [ RunTime:0.000000s ]
[ 2016-02-05T09:54:52+08:00 ] /pc_denglu.php?s=/Index/checkxml | SQL: SHOW COLUMNS FROM `admin` [ RunTime:0.028002s ]
[ 2016-02-05T09:54:52+08:00 ] /pc_denglu.php?s=/Index/checkxml | SQL: SELECT `admin_status` FROM `admin` WHERE ( `id` = '1' ) LIMIT 1   [ RunTime:0.002000s ]
[ 2016-02-05T09:54:52+08:00 ] /pc_denglu.php?s=/Index/checkxml | INFO: Tag[ app_end ] --START--
[ 2016-02-05T09:54:52+08:00 ] /pc_denglu.php?s=/Index/checkxml | INFO: Run SaveConfig Behavior [ RunTime:0.002000s ]
[ 2016-02-05T09:54:52+08:00 ] /pc_denglu.php?s=/Index/checkxml | INFO: Tag[ app_end ] --END-- [ RunTime:0.002000s ]
[ 2016-02-05T10:00:49+08:00 ] /pc_denglu.php?s= | INFO: Tag[ app_init ] --START--
[ 2016-02-05T10:00:49+08:00 ] /pc_denglu.php?s= | INFO: Run XSS Behavior [ RunTime:0.002000s ]
[ 2016-02-05T10:00:49+08:00 ] /pc_denglu.php?s= | INFO: Tag[ app_init ] --END-- [ RunTime:0.002000s ]
[ 2016-02-05T10:00:49+08:00 ] /pc_denglu.php?s= | INFO: Tag[ app_begin ] --START--
[ 2016-02-05T10:00:49+08:00 ] /pc_denglu.php?s= | INFO: Run ReadHtmlCache Behavior [ RunTime:0.002000s ]
[ 2016-02-05T10:00:49+08:00 ] /pc_denglu.php?s= | INFO: Tag[ app_begin ] --END-- [ RunTime:0.002000s ]
[ 2016-02-05T10:00:49+08:00 ] /pc_denglu.php?s= | SQL: SHOW COLUMNS FROM `config` [ RunTime:0.024002s ]
[ 2016-02-05T10:00:49+08:00 ] /pc_denglu.php?s= | SQL: SELECT * FROM `config` WHERE ( `name` = 'DIFFTIME' ) LIMIT 1   FOR UPDATE  [ RunTime:0.000000s ]
[ 2016-02-05T10:00:49+08:00 ] /pc_denglu.php?s= | SQL: SHOW COLUMNS FROM `admin` [ RunTime:0.022001s ]
[ 2016-02-05T10:00:49+08:00 ] /pc_denglu.php?s= | SQL: SELECT `admin_status` FROM `admin` WHERE ( `id` = '1' ) LIMIT 1   [ RunTime:0.001000s ]
[ 2016-02-05T10:00:49+08:00 ] /pc_denglu.php?s= | SQL: SHOW COLUMNS FROM `node` [ RunTime:0.024001s ]
[ 2016-02-05T10:00:49+08:00 ] /pc_denglu.php?s= | SQL: SELECT * FROM `node` WHERE level=1 and status=1 and is_sync_menu=1 and type=0 ORDER BY sort asc  [ RunTime:0.001000s ]
[ 2016-02-05T10:00:49+08:00 ] /pc_denglu.php?s= | SQL: SELECT * FROM `node` WHERE id='2' LIMIT 1   FOR UPDATE  [ RunTime:0.001000s ]
[ 2016-02-05T10:00:50+08:00 ] /pc_denglu.php?s= | SQL: SELECT * FROM `node` WHERE ( `id` = '1' ) LIMIT 1   FOR UPDATE  [ RunTime:0.001000s ]
[ 2016-02-05T10:00:50+08:00 ] /pc_denglu.php?s= | SQL: SELECT * FROM `node` WHERE Name<>'Admin' and pid=0  FOR UPDATE  [ RunTime:0.001000s ]
[ 2016-02-05T10:00:50+08:00 ] /pc_denglu.php?s= | SQL: SHOW COLUMNS FROM `dms_邮件` [ RunTime:0.021001s ]
[ 2016-02-05T10:00:50+08:00 ] /pc_denglu.php?s= | SQL: SELECT COUNT(*) AS tp_count FROM `dms_邮件` WHERE 收件人类型='管理员' and 状态=0 LIMIT 1   FOR UPDATE  [ RunTime:0.001000s ]
[ 2016-02-05T10:00:50+08:00 ] /pc_denglu.php?s= | SQL: SHOW COLUMNS FROM `dms_汇款通知` [ RunTime:0.021001s ]
[ 2016-02-05T10:00:50+08:00 ] /pc_denglu.php?s= | SQL: SELECT COUNT(id) AS tp_count FROM `dms_汇款通知` WHERE 状态=0 LIMIT 1   FOR UPDATE  [ RunTime:0.001000s ]
[ 2016-02-05T10:00:50+08:00 ] /pc_denglu.php?s= | INFO: Tag[ view_template ] --START--
[ 2016-02-05T10:00:50+08:00 ] /pc_denglu.php?s= | INFO: Run LocationTemplate Behavior [ RunTime:0.004000s ]
[ 2016-02-05T10:00:50+08:00 ] /pc_denglu.php?s= | INFO: Tag[ view_template ] --END-- [ RunTime:0.004000s ]
[ 2016-02-05T10:00:50+08:00 ] /pc_denglu.php?s= | INFO: Tag[ view_parse ] --START--
[ 2016-02-05T10:00:50+08:00 ] /pc_denglu.php?s= | SQL: SELECT * FROM `node` WHERE ( `id` = '2' ) LIMIT 1   [ RunTime:0.001000s ]
[ 2016-02-05T10:00:50+08:00 ] /pc_denglu.php?s= | SQL: SELECT * FROM `node` WHERE ( `id` = '2' ) LIMIT 1   [ RunTime:0.002000s ]
[ 2016-02-05T10:00:50+08:00 ] /pc_denglu.php?s= | SQL: SELECT * FROM `node` WHERE ( `id` = '2' ) LIMIT 1   [ RunTime:0.001000s ]
[ 2016-02-05T10:00:50+08:00 ] /pc_denglu.php?s= | SQL: SELECT * FROM `node` WHERE ( `id` = '2' ) LIMIT 1   [ RunTime:0.001000s ]
[ 2016-02-05T10:00:50+08:00 ] /pc_denglu.php?s= | SQL: SELECT * FROM `node` WHERE ( `id` = '2' ) LIMIT 1   [ RunTime:0.001000s ]
[ 2016-02-05T10:00:50+08:00 ] /pc_denglu.php?s= | SQL: SELECT * FROM `node` WHERE ( `id` = '2' ) LIMIT 1   [ RunTime:0.001000s ]
[ 2016-02-05T10:00:50+08:00 ] /pc_denglu.php?s= | INFO: Run ParseTemplate Behavior [ RunTime:0.131007s ]
[ 2016-02-05T10:00:50+08:00 ] /pc_denglu.php?s= | INFO: Tag[ view_parse ] --END-- [ RunTime:0.131007s ]
[ 2016-02-05T10:00:50+08:00 ] /pc_denglu.php?s= | INFO: Tag[ view_filter ] --START--
[ 2016-02-05T10:00:50+08:00 ] /pc_denglu.php?s= | INFO: Run ContentReplace Behavior [ RunTime:0.003001s ]
[ 2016-02-05T10:00:50+08:00 ] /pc_denglu.php?s= | INFO: Run TokenBuild Behavior [ RunTime:0.002000s ]
[ 2016-02-05T10:00:50+08:00 ] /pc_denglu.php?s= | INFO: Run WriteHtmlCache Behavior [ RunTime:0.002000s ]
[ 2016-02-05T10:00:50+08:00 ] /pc_denglu.php?s= | INFO: Run ShowRuntime Behavior [ RunTime:0.003000s ]
[ 2016-02-05T10:00:50+08:00 ] /pc_denglu.php?s= | INFO: Tag[ view_filter ] --END-- [ RunTime:0.010001s ]
[ 2016-02-05T10:00:50+08:00 ] /pc_denglu.php?s= | INFO: Tag[ view_end ] --START--
[ 2016-02-05T10:00:50+08:00 ] /pc_denglu.php?s= | INFO: Run ShowPageTrace Behavior [ RunTime:0.003000s ]
[ 2016-02-05T10:00:50+08:00 ] /pc_denglu.php?s= | INFO: Tag[ view_end ] --END-- [ RunTime:0.003000s ]
[ 2016-02-05T10:00:50+08:00 ] /pc_denglu.php?s= | INFO: Tag[ app_end ] --START--
[ 2016-02-05T10:00:50+08:00 ] /pc_denglu.php?s= | INFO: Run SaveConfig Behavior [ RunTime:0.004000s ]
[ 2016-02-05T10:00:50+08:00 ] /pc_denglu.php?s= | INFO: Tag[ app_end ] --END-- [ RunTime:0.004000s ]
[ 2016-02-05T10:00:50+08:00 ] /pc_denglu.php?s=/Index/checkxml | INFO: Tag[ app_init ] --START--
[ 2016-02-05T10:00:50+08:00 ] /pc_denglu.php?s=/Index/checkxml | INFO: Run XSS Behavior [ RunTime:0.003000s ]
[ 2016-02-05T10:00:50+08:00 ] /pc_denglu.php?s=/Index/checkxml | INFO: Tag[ app_init ] --END-- [ RunTime:0.004000s ]
[ 2016-02-05T10:00:50+08:00 ] /pc_denglu.php?s=/Index/checkxml | INFO: Tag[ route_check ] --START--
[ 2016-02-05T10:00:50+08:00 ] /pc_denglu.php?s=/Index/checkxml | INFO: Run CheckRoute Behavior [ RunTime:0.003001s ]
[ 2016-02-05T10:00:50+08:00 ] /pc_denglu.php?s=/Index/checkxml | INFO: Tag[ route_check ] --END-- [ RunTime:0.003001s ]
[ 2016-02-05T10:00:50+08:00 ] /pc_denglu.php?s=/Index/checkxml | INFO: Tag[ app_begin ] --START--
[ 2016-02-05T10:00:50+08:00 ] /pc_denglu.php?s=/Index/checkxml | INFO: Run ReadHtmlCache Behavior [ RunTime:0.002000s ]
[ 2016-02-05T10:00:50+08:00 ] /pc_denglu.php?s=/Index/checkxml | INFO: Tag[ app_begin ] --END-- [ RunTime:0.002000s ]
[ 2016-02-05T10:00:50+08:00 ] /pc_denglu.php?s=/Index/checkxml | SQL: SHOW COLUMNS FROM `config` [ RunTime:0.027002s ]
[ 2016-02-05T10:00:50+08:00 ] /pc_denglu.php?s=/Index/checkxml | SQL: SELECT * FROM `config` WHERE ( `name` = 'DIFFTIME' ) LIMIT 1   FOR UPDATE  [ RunTime:0.000000s ]
[ 2016-02-05T10:00:50+08:00 ] /pc_denglu.php?s=/Index/checkxml | SQL: SHOW COLUMNS FROM `admin` [ RunTime:0.036002s ]
[ 2016-02-05T10:00:50+08:00 ] /pc_denglu.php?s=/Index/checkxml | SQL: SELECT `admin_status` FROM `admin` WHERE ( `id` = '1' ) LIMIT 1   [ RunTime:0.000000s ]
[ 2016-02-05T10:00:51+08:00 ] /pc_denglu.php?s=/Index/checkxml | INFO: Tag[ app_end ] --START--
[ 2016-02-05T10:00:51+08:00 ] /pc_denglu.php?s=/Index/checkxml | INFO: Run SaveConfig Behavior [ RunTime:0.003000s ]
[ 2016-02-05T10:00:51+08:00 ] /pc_denglu.php?s=/Index/checkxml | INFO: Tag[ app_end ] --END-- [ RunTime:0.003000s ]
[ 2016-02-05T10:01:04+08:00 ] /pc_denglu.php?s= | INFO: Tag[ app_init ] --START--
[ 2016-02-05T10:01:04+08:00 ] /pc_denglu.php?s= | INFO: Run XSS Behavior [ RunTime:0.003000s ]
[ 2016-02-05T10:01:04+08:00 ] /pc_denglu.php?s= | INFO: Tag[ app_init ] --END-- [ RunTime:0.003000s ]
[ 2016-02-05T10:01:04+08:00 ] /pc_denglu.php?s= | INFO: Tag[ app_begin ] --START--
[ 2016-02-05T10:01:04+08:00 ] /pc_denglu.php?s= | INFO: Run ReadHtmlCache Behavior [ RunTime:0.002000s ]
[ 2016-02-05T10:01:04+08:00 ] /pc_denglu.php?s= | INFO: Tag[ app_begin ] --END-- [ RunTime:0.002000s ]
[ 2016-02-05T10:01:04+08:00 ] /pc_denglu.php?s= | SQL: SHOW COLUMNS FROM `config` [ RunTime:0.020002s ]
[ 2016-02-05T10:01:04+08:00 ] /pc_denglu.php?s= | SQL: SELECT * FROM `config` WHERE ( `name` = 'DIFFTIME' ) LIMIT 1   FOR UPDATE  [ RunTime:0.001000s ]
[ 2016-02-05T10:01:04+08:00 ] /pc_denglu.php?s= | SQL: SHOW COLUMNS FROM `admin` [ RunTime:0.020001s ]
[ 2016-02-05T10:01:04+08:00 ] /pc_denglu.php?s= | SQL: SELECT `admin_status` FROM `admin` WHERE ( `id` = '1' ) LIMIT 1   [ RunTime:0.001000s ]
[ 2016-02-05T10:01:04+08:00 ] /pc_denglu.php?s= | SQL: SHOW COLUMNS FROM `node` [ RunTime:0.022001s ]
[ 2016-02-05T10:01:04+08:00 ] /pc_denglu.php?s= | SQL: SELECT * FROM `node` WHERE level=1 and status=1 and is_sync_menu=1 and type=0 ORDER BY sort asc  [ RunTime:0.001000s ]
[ 2016-02-05T10:01:04+08:00 ] /pc_denglu.php?s= | SQL: SELECT * FROM `node` WHERE id='2' LIMIT 1   FOR UPDATE  [ RunTime:0.001000s ]
[ 2016-02-05T10:01:04+08:00 ] /pc_denglu.php?s= | SQL: SELECT * FROM `node` WHERE ( `id` = '1' ) LIMIT 1   FOR UPDATE  [ RunTime:0.001000s ]
[ 2016-02-05T10:01:04+08:00 ] /pc_denglu.php?s= | SQL: SELECT * FROM `node` WHERE Name<>'Admin' and pid=0  FOR UPDATE  [ RunTime:0.001000s ]
[ 2016-02-05T10:01:04+08:00 ] /pc_denglu.php?s= | SQL: SHOW COLUMNS FROM `dms_邮件` [ RunTime:0.021001s ]
[ 2016-02-05T10:01:04+08:00 ] /pc_denglu.php?s= | SQL: SELECT COUNT(*) AS tp_count FROM `dms_邮件` WHERE 收件人类型='管理员' and 状态=0 LIMIT 1   FOR UPDATE  [ RunTime:0.001000s ]
[ 2016-02-05T10:01:04+08:00 ] /pc_denglu.php?s= | SQL: SHOW COLUMNS FROM `dms_汇款通知` [ RunTime:0.019001s ]
[ 2016-02-05T10:01:04+08:00 ] /pc_denglu.php?s= | SQL: SELECT COUNT(id) AS tp_count FROM `dms_汇款通知` WHERE 状态=0 LIMIT 1   FOR UPDATE  [ RunTime:0.001000s ]
[ 2016-02-05T10:01:04+08:00 ] /pc_denglu.php?s= | INFO: Tag[ view_template ] --START--
[ 2016-02-05T10:01:04+08:00 ] /pc_denglu.php?s= | INFO: Run LocationTemplate Behavior [ RunTime:0.005000s ]
[ 2016-02-05T10:01:04+08:00 ] /pc_denglu.php?s= | INFO: Tag[ view_template ] --END-- [ RunTime:0.005000s ]
[ 2016-02-05T10:01:04+08:00 ] /pc_denglu.php?s= | INFO: Tag[ view_parse ] --START--
[ 2016-02-05T10:01:04+08:00 ] /pc_denglu.php?s= | SQL: SELECT * FROM `node` WHERE ( `id` = '2' ) LIMIT 1   [ RunTime:0.001000s ]
[ 2016-02-05T10:01:04+08:00 ] /pc_denglu.php?s= | SQL: SELECT * FROM `node` WHERE ( `id` = '2' ) LIMIT 1   [ RunTime:0.001000s ]
[ 2016-02-05T10:01:04+08:00 ] /pc_denglu.php?s= | SQL: SELECT * FROM `node` WHERE ( `id` = '2' ) LIMIT 1   [ RunTime:0.001001s ]
[ 2016-02-05T10:01:04+08:00 ] /pc_denglu.php?s= | SQL: SELECT * FROM `node` WHERE ( `id` = '2' ) LIMIT 1   [ RunTime:0.001000s ]
[ 2016-02-05T10:01:04+08:00 ] /pc_denglu.php?s= | SQL: SELECT * FROM `node` WHERE ( `id` = '2' ) LIMIT 1   [ RunTime:0.002000s ]
[ 2016-02-05T10:01:04+08:00 ] /pc_denglu.php?s= | SQL: SELECT * FROM `node` WHERE ( `id` = '2' ) LIMIT 1   [ RunTime:0.001000s ]
[ 2016-02-05T10:01:04+08:00 ] /pc_denglu.php?s= | INFO: Run ParseTemplate Behavior [ RunTime:0.124007s ]
[ 2016-02-05T10:01:04+08:00 ] /pc_denglu.php?s= | INFO: Tag[ view_parse ] --END-- [ RunTime:0.124007s ]
[ 2016-02-05T10:01:04+08:00 ] /pc_denglu.php?s= | INFO: Tag[ view_filter ] --START--
[ 2016-02-05T10:01:04+08:00 ] /pc_denglu.php?s= | INFO: Run ContentReplace Behavior [ RunTime:0.002000s ]
[ 2016-02-05T10:01:04+08:00 ] /pc_denglu.php?s= | INFO: Run TokenBuild Behavior [ RunTime:0.003000s ]
[ 2016-02-05T10:01:04+08:00 ] /pc_denglu.php?s= | INFO: Run WriteHtmlCache Behavior [ RunTime:0.002000s ]
[ 2016-02-05T10:01:04+08:00 ] /pc_denglu.php?s= | INFO: Run ShowRuntime Behavior [ RunTime:0.003000s ]
[ 2016-02-05T10:01:04+08:00 ] /pc_denglu.php?s= | INFO: Tag[ view_filter ] --END-- [ RunTime:0.011001s ]
[ 2016-02-05T10:01:04+08:00 ] /pc_denglu.php?s= | INFO: Tag[ view_end ] --START--
[ 2016-02-05T10:01:04+08:00 ] /pc_denglu.php?s= | INFO: Run ShowPageTrace Behavior [ RunTime:0.002000s ]
[ 2016-02-05T10:01:04+08:00 ] /pc_denglu.php?s= | INFO: Tag[ view_end ] --END-- [ RunTime:0.002000s ]
[ 2016-02-05T10:01:04+08:00 ] /pc_denglu.php?s= | INFO: Tag[ app_end ] --START--
[ 2016-02-05T10:01:04+08:00 ] /pc_denglu.php?s= | INFO: Run SaveConfig Behavior [ RunTime:0.003000s ]
[ 2016-02-05T10:01:04+08:00 ] /pc_denglu.php?s= | INFO: Tag[ app_end ] --END-- [ RunTime:0.003000s ]
[ 2016-02-05T10:01:05+08:00 ] /pc_denglu.php?s=/Index/checkxml | INFO: Tag[ app_init ] --START--
[ 2016-02-05T10:01:05+08:00 ] /pc_denglu.php?s=/Index/checkxml | INFO: Run XSS Behavior [ RunTime:0.002000s ]
[ 2016-02-05T10:01:05+08:00 ] /pc_denglu.php?s=/Index/checkxml | INFO: Tag[ app_init ] --END-- [ RunTime:0.003000s ]
[ 2016-02-05T10:01:05+08:00 ] /pc_denglu.php?s=/Index/checkxml | INFO: Tag[ route_check ] --START--
[ 2016-02-05T10:01:05+08:00 ] /pc_denglu.php?s=/Index/checkxml | INFO: Run CheckRoute Behavior [ RunTime:0.003000s ]
[ 2016-02-05T10:01:05+08:00 ] /pc_denglu.php?s=/Index/checkxml | INFO: Tag[ route_check ] --END-- [ RunTime:0.004000s ]
[ 2016-02-05T10:01:05+08:00 ] /pc_denglu.php?s=/Index/checkxml | INFO: Tag[ app_begin ] --START--
[ 2016-02-05T10:01:05+08:00 ] /pc_denglu.php?s=/Index/checkxml | INFO: Run ReadHtmlCache Behavior [ RunTime:0.004000s ]
[ 2016-02-05T10:01:05+08:00 ] /pc_denglu.php?s=/Index/checkxml | INFO: Tag[ app_begin ] --END-- [ RunTime:0.005001s ]
[ 2016-02-05T10:01:05+08:00 ] /pc_denglu.php?s=/Index/checkxml | SQL: SHOW COLUMNS FROM `config` [ RunTime:0.025002s ]
[ 2016-02-05T10:01:05+08:00 ] /pc_denglu.php?s=/Index/checkxml | SQL: SELECT * FROM `config` WHERE ( `name` = 'DIFFTIME' ) LIMIT 1   FOR UPDATE  [ RunTime:0.001000s ]
[ 2016-02-05T10:01:05+08:00 ] /pc_denglu.php?s=/Index/checkxml | SQL: SHOW COLUMNS FROM `admin` [ RunTime:0.043003s ]
[ 2016-02-05T10:01:05+08:00 ] /pc_denglu.php?s=/Index/checkxml | SQL: SELECT `admin_status` FROM `admin` WHERE ( `id` = '1' ) LIMIT 1   [ RunTime:0.002000s ]
[ 2016-02-05T10:01:05+08:00 ] /pc_denglu.php?s=/Index/checkxml | INFO: Tag[ app_end ] --START--
[ 2016-02-05T10:01:05+08:00 ] /pc_denglu.php?s=/Index/checkxml | INFO: Run SaveConfig Behavior [ RunTime:0.002000s ]
[ 2016-02-05T10:01:05+08:00 ] /pc_denglu.php?s=/Index/checkxml | INFO: Tag[ app_end ] --END-- [ RunTime:0.002000s ]
[ 2016-02-05T10:01:05+08:00 ] /pc_denglu.php?s= | INFO: Tag[ app_init ] --START--
[ 2016-02-05T10:01:05+08:00 ] /pc_denglu.php?s= | INFO: Run XSS Behavior [ RunTime:0.001000s ]
[ 2016-02-05T10:01:05+08:00 ] /pc_denglu.php?s= | INFO: Tag[ app_init ] --END-- [ RunTime:0.001000s ]
[ 2016-02-05T10:01:05+08:00 ] /pc_denglu.php?s= | INFO: Tag[ app_begin ] --START--
[ 2016-02-05T10:01:05+08:00 ] /pc_denglu.php?s= | INFO: Run ReadHtmlCache Behavior [ RunTime:0.002000s ]
[ 2016-02-05T10:01:05+08:00 ] /pc_denglu.php?s= | INFO: Tag[ app_begin ] --END-- [ RunTime:0.002000s ]
[ 2016-02-05T10:01:05+08:00 ] /pc_denglu.php?s= | SQL: SHOW COLUMNS FROM `config` [ RunTime:0.020002s ]
[ 2016-02-05T10:01:05+08:00 ] /pc_denglu.php?s= | SQL: SELECT * FROM `config` WHERE ( `name` = 'DIFFTIME' ) LIMIT 1   FOR UPDATE  [ RunTime:0.001000s ]
[ 2016-02-05T10:01:05+08:00 ] /pc_denglu.php?s= | SQL: SHOW COLUMNS FROM `admin` [ RunTime:0.021001s ]
[ 2016-02-05T10:01:05+08:00 ] /pc_denglu.php?s= | SQL: SELECT `admin_status` FROM `admin` WHERE ( `id` = '1' ) LIMIT 1   [ RunTime:0.000000s ]
[ 2016-02-05T10:01:05+08:00 ] /pc_denglu.php?s= | SQL: SHOW COLUMNS FROM `node` [ RunTime:0.022001s ]
[ 2016-02-05T10:01:05+08:00 ] /pc_denglu.php?s= | SQL: SELECT * FROM `node` WHERE level=1 and status=1 and is_sync_menu=1 and type=0 ORDER BY sort asc  [ RunTime:0.001000s ]
[ 2016-02-05T10:01:05+08:00 ] /pc_denglu.php?s= | SQL: SELECT * FROM `node` WHERE id='2' LIMIT 1   FOR UPDATE  [ RunTime:0.001001s ]
[ 2016-02-05T10:01:05+08:00 ] /pc_denglu.php?s= | SQL: SELECT * FROM `node` WHERE ( `id` = '1' ) LIMIT 1   FOR UPDATE  [ RunTime:0.001000s ]
[ 2016-02-05T10:01:05+08:00 ] /pc_denglu.php?s= | SQL: SELECT * FROM `node` WHERE Name<>'Admin' and pid=0  FOR UPDATE  [ RunTime:0.001001s ]
[ 2016-02-05T10:01:05+08:00 ] /pc_denglu.php?s= | SQL: SHOW COLUMNS FROM `dms_邮件` [ RunTime:0.020001s ]
[ 2016-02-05T10:01:05+08:00 ] /pc_denglu.php?s= | SQL: SELECT COUNT(*) AS tp_count FROM `dms_邮件` WHERE 收件人类型='管理员' and 状态=0 LIMIT 1   FOR UPDATE  [ RunTime:0.001001s ]
[ 2016-02-05T10:01:05+08:00 ] /pc_denglu.php?s= | SQL: SHOW COLUMNS FROM `dms_汇款通知` [ RunTime:0.022001s ]
[ 2016-02-05T10:01:05+08:00 ] /pc_denglu.php?s= | SQL: SELECT COUNT(id) AS tp_count FROM `dms_汇款通知` WHERE 状态=0 LIMIT 1   FOR UPDATE  [ RunTime:0.000000s ]
[ 2016-02-05T10:01:05+08:00 ] /pc_denglu.php?s= | INFO: Tag[ view_template ] --START--
[ 2016-02-05T10:01:05+08:00 ] /pc_denglu.php?s= | INFO: Run LocationTemplate Behavior [ RunTime:0.003000s ]
[ 2016-02-05T10:01:05+08:00 ] /pc_denglu.php?s= | INFO: Tag[ view_template ] --END-- [ RunTime:0.003000s ]
[ 2016-02-05T10:01:05+08:00 ] /pc_denglu.php?s= | INFO: Tag[ view_parse ] --START--
[ 2016-02-05T10:01:05+08:00 ] /pc_denglu.php?s= | SQL: SELECT * FROM `node` WHERE ( `id` = '2' ) LIMIT 1   [ RunTime:0.001000s ]
[ 2016-02-05T10:01:05+08:00 ] /pc_denglu.php?s= | SQL: SELECT * FROM `node` WHERE ( `id` = '2' ) LIMIT 1   [ RunTime:0.001000s ]
[ 2016-02-05T10:01:05+08:00 ] /pc_denglu.php?s= | SQL: SELECT * FROM `node` WHERE ( `id` = '2' ) LIMIT 1   [ RunTime:0.001000s ]
[ 2016-02-05T10:01:05+08:00 ] /pc_denglu.php?s= | SQL: SELECT * FROM `node` WHERE ( `id` = '2' ) LIMIT 1   [ RunTime:0.001000s ]
[ 2016-02-05T10:01:05+08:00 ] /pc_denglu.php?s= | SQL: SELECT * FROM `node` WHERE ( `id` = '2' ) LIMIT 1   [ RunTime:0.001000s ]
[ 2016-02-05T10:01:05+08:00 ] /pc_denglu.php?s= | SQL: SELECT * FROM `node` WHERE ( `id` = '2' ) LIMIT 1   [ RunTime:0.001000s ]
[ 2016-02-05T10:01:05+08:00 ] /pc_denglu.php?s= | INFO: Run ParseTemplate Behavior [ RunTime:0.133008s ]
[ 2016-02-05T10:01:05+08:00 ] /pc_denglu.php?s= | INFO: Tag[ view_parse ] --END-- [ RunTime:0.133008s ]
[ 2016-02-05T10:01:05+08:00 ] /pc_denglu.php?s= | INFO: Tag[ view_filter ] --START--
[ 2016-02-05T10:01:05+08:00 ] /pc_denglu.php?s= | INFO: Run ContentReplace Behavior [ RunTime:0.003000s ]
[ 2016-02-05T10:01:05+08:00 ] /pc_denglu.php?s= | INFO: Run TokenBuild Behavior [ RunTime:0.004001s ]
[ 2016-02-05T10:01:05+08:00 ] /pc_denglu.php?s= | INFO: Run WriteHtmlCache Behavior [ RunTime:0.002000s ]
[ 2016-02-05T10:01:05+08:00 ] /pc_denglu.php?s= | INFO: Run ShowRuntime Behavior [ RunTime:0.003000s ]
[ 2016-02-05T10:01:05+08:00 ] /pc_denglu.php?s= | INFO: Tag[ view_filter ] --END-- [ RunTime:0.012001s ]
[ 2016-02-05T10:01:05+08:00 ] /pc_denglu.php?s= | INFO: Tag[ view_end ] --START--
[ 2016-02-05T10:01:05+08:00 ] /pc_denglu.php?s= | INFO: Run ShowPageTrace Behavior [ RunTime:0.002000s ]
[ 2016-02-05T10:01:05+08:00 ] /pc_denglu.php?s= | INFO: Tag[ view_end ] --END-- [ RunTime:0.002000s ]
[ 2016-02-05T10:01:05+08:00 ] /pc_denglu.php?s= | INFO: Tag[ app_end ] --START--
[ 2016-02-05T10:01:05+08:00 ] /pc_denglu.php?s= | INFO: Run SaveConfig Behavior [ RunTime:0.003000s ]
[ 2016-02-05T10:01:05+08:00 ] /pc_denglu.php?s= | INFO: Tag[ app_end ] --END-- [ RunTime:0.003000s ]
[ 2016-02-05T10:01:06+08:00 ] /pc_denglu.php?s=/Index/checkxml | INFO: Tag[ app_init ] --START--
[ 2016-02-05T10:01:06+08:00 ] /pc_denglu.php?s=/Index/checkxml | INFO: Run XSS Behavior [ RunTime:0.002000s ]
[ 2016-02-05T10:01:06+08:00 ] /pc_denglu.php?s=/Index/checkxml | INFO: Tag[ app_init ] --END-- [ RunTime:0.002000s ]
[ 2016-02-05T10:01:06+08:00 ] /pc_denglu.php?s=/Index/checkxml | INFO: Tag[ route_check ] --START--
[ 2016-02-05T10:01:06+08:00 ] /pc_denglu.php?s=/Index/checkxml | INFO: Run CheckRoute Behavior [ RunTime:0.003000s ]
[ 2016-02-05T10:01:06+08:00 ] /pc_denglu.php?s=/Index/checkxml | INFO: Tag[ route_check ] --END-- [ RunTime:0.004000s ]
[ 2016-02-05T10:01:06+08:00 ] /pc_denglu.php?s=/Index/checkxml | INFO: Tag[ app_begin ] --START--
[ 2016-02-05T10:01:06+08:00 ] /pc_denglu.php?s=/Index/checkxml | INFO: Run ReadHtmlCache Behavior [ RunTime:0.002001s ]
[ 2016-02-05T10:01:06+08:00 ] /pc_denglu.php?s=/Index/checkxml | INFO: Tag[ app_begin ] --END-- [ RunTime:0.002001s ]
[ 2016-02-05T10:01:06+08:00 ] /pc_denglu.php?s=/Index/checkxml | SQL: SHOW COLUMNS FROM `config` [ RunTime:0.024001s ]
[ 2016-02-05T10:01:06+08:00 ] /pc_denglu.php?s=/Index/checkxml | SQL: SELECT * FROM `config` WHERE ( `name` = 'DIFFTIME' ) LIMIT 1   FOR UPDATE  [ RunTime:0.000000s ]
[ 2016-02-05T10:01:06+08:00 ] /pc_denglu.php?s=/Index/checkxml | SQL: SHOW COLUMNS FROM `admin` [ RunTime:0.023002s ]
[ 2016-02-05T10:01:06+08:00 ] /pc_denglu.php?s=/Index/checkxml | SQL: SELECT `admin_status` FROM `admin` WHERE ( `id` = '1' ) LIMIT 1   [ RunTime:0.001000s ]
[ 2016-02-05T10:01:06+08:00 ] /pc_denglu.php?s=/Index/checkxml | INFO: Tag[ app_end ] --START--
[ 2016-02-05T10:01:06+08:00 ] /pc_denglu.php?s=/Index/checkxml | INFO: Run SaveConfig Behavior [ RunTime:0.003001s ]
[ 2016-02-05T10:01:06+08:00 ] /pc_denglu.php?s=/Index/checkxml | INFO: Tag[ app_end ] --END-- [ RunTime:0.003001s ]
[ 2016-02-05T10:10:00+08:00 ] /pc_denglu.php | INFO: Tag[ app_init ] --START--
[ 2016-02-05T10:10:00+08:00 ] /pc_denglu.php | INFO: Run XSS Behavior [ RunTime:0.002000s ]
[ 2016-02-05T10:10:00+08:00 ] /pc_denglu.php | INFO: Tag[ app_init ] --END-- [ RunTime:0.002000s ]
[ 2016-02-05T10:10:00+08:00 ] /pc_denglu.php | INFO: Tag[ app_begin ] --START--
[ 2016-02-05T10:10:00+08:00 ] /pc_denglu.php | INFO: Run ReadHtmlCache Behavior [ RunTime:0.003001s ]
[ 2016-02-05T10:10:00+08:00 ] /pc_denglu.php | INFO: Tag[ app_begin ] --END-- [ RunTime:0.003001s ]
[ 2016-02-05T10:10:00+08:00 ] /pc_denglu.php | SQL: SHOW COLUMNS FROM `config` [ RunTime:0.024002s ]
[ 2016-02-05T10:10:00+08:00 ] /pc_denglu.php | SQL: SELECT * FROM `config` WHERE ( `name` = 'DIFFTIME' ) LIMIT 1   FOR UPDATE  [ RunTime:0.000000s ]
[ 2016-02-05T10:10:00+08:00 ] /pc_denglu.php | SQL: SHOW COLUMNS FROM `admin` [ RunTime:0.024001s ]
[ 2016-02-05T10:10:00+08:00 ] /pc_denglu.php | SQL: SELECT `admin_status` FROM `admin` WHERE ( `id` = '1' ) LIMIT 1   [ RunTime:0.001001s ]
[ 2016-02-05T10:10:00+08:00 ] /pc_denglu.php | SQL: SHOW COLUMNS FROM `node` [ RunTime:0.029002s ]
[ 2016-02-05T10:10:00+08:00 ] /pc_denglu.php | SQL: SELECT * FROM `node` WHERE level=1 and status=1 and is_sync_menu=1 and type=0 ORDER BY sort asc  [ RunTime:0.001000s ]
[ 2016-02-05T10:10:00+08:00 ] /pc_denglu.php | SQL: SELECT * FROM `node` WHERE id='2' LIMIT 1   FOR UPDATE  [ RunTime:0.001001s ]
[ 2016-02-05T10:10:00+08:00 ] /pc_denglu.php | SQL: SELECT * FROM `node` WHERE ( `id` = '1' ) LIMIT 1   FOR UPDATE  [ RunTime:0.001000s ]
[ 2016-02-05T10:10:00+08:00 ] /pc_denglu.php | SQL: SELECT * FROM `node` WHERE Name<>'Admin' and pid=0  FOR UPDATE  [ RunTime:0.001000s ]
[ 2016-02-05T10:10:00+08:00 ] /pc_denglu.php | SQL: SHOW COLUMNS FROM `dms_邮件` [ RunTime:0.029002s ]
[ 2016-02-05T10:10:00+08:00 ] /pc_denglu.php | SQL: SELECT COUNT(*) AS tp_count FROM `dms_邮件` WHERE 收件人类型='管理员' and 状态=0 LIMIT 1   FOR UPDATE  [ RunTime:0.001000s ]
[ 2016-02-05T10:10:00+08:00 ] /pc_denglu.php | SQL: SHOW COLUMNS FROM `dms_汇款通知` [ RunTime:0.025002s ]
[ 2016-02-05T10:10:00+08:00 ] /pc_denglu.php | SQL: SELECT COUNT(id) AS tp_count FROM `dms_汇款通知` WHERE 状态=0 LIMIT 1   FOR UPDATE  [ RunTime:0.001000s ]
[ 2016-02-05T10:10:00+08:00 ] /pc_denglu.php | INFO: Tag[ view_template ] --START--
[ 2016-02-05T10:10:00+08:00 ] /pc_denglu.php | INFO: Run LocationTemplate Behavior [ RunTime:0.005001s ]
[ 2016-02-05T10:10:00+08:00 ] /pc_denglu.php | INFO: Tag[ view_template ] --END-- [ RunTime:0.005001s ]
[ 2016-02-05T10:10:00+08:00 ] /pc_denglu.php | INFO: Tag[ view_parse ] --START--
[ 2016-02-05T10:10:00+08:00 ] /pc_denglu.php | SQL: SELECT * FROM `node` WHERE ( `id` = '2' ) LIMIT 1   [ RunTime:0.001000s ]
[ 2016-02-05T10:10:00+08:00 ] /pc_denglu.php | SQL: SELECT * FROM `node` WHERE ( `id` = '2' ) LIMIT 1   [ RunTime:0.001000s ]
[ 2016-02-05T10:10:00+08:00 ] /pc_denglu.php | SQL: SELECT * FROM `node` WHERE ( `id` = '2' ) LIMIT 1   [ RunTime:0.001000s ]
[ 2016-02-05T10:10:00+08:00 ] /pc_denglu.php | SQL: SELECT * FROM `node` WHERE ( `id` = '2' ) LIMIT 1   [ RunTime:0.001000s ]
[ 2016-02-05T10:10:00+08:00 ] /pc_denglu.php | SQL: SELECT * FROM `node` WHERE ( `id` = '2' ) LIMIT 1   [ RunTime:0.001000s ]
[ 2016-02-05T10:10:00+08:00 ] /pc_denglu.php | SQL: SELECT * FROM `node` WHERE ( `id` = '2' ) LIMIT 1   [ RunTime:0.000000s ]
[ 2016-02-05T10:10:00+08:00 ] /pc_denglu.php | INFO: Run ParseTemplate Behavior [ RunTime:0.137007s ]
[ 2016-02-05T10:10:00+08:00 ] /pc_denglu.php | INFO: Tag[ view_parse ] --END-- [ RunTime:0.137007s ]
[ 2016-02-05T10:10:00+08:00 ] /pc_denglu.php | INFO: Tag[ view_filter ] --START--
[ 2016-02-05T10:10:00+08:00 ] /pc_denglu.php | INFO: Run ContentReplace Behavior [ RunTime:0.003001s ]
[ 2016-02-05T10:10:00+08:00 ] /pc_denglu.php | INFO: Run TokenBuild Behavior [ RunTime:0.004000s ]
[ 2016-02-05T10:10:00+08:00 ] /pc_denglu.php | INFO: Run WriteHtmlCache Behavior [ RunTime:0.003000s ]
[ 2016-02-05T10:10:00+08:00 ] /pc_denglu.php | INFO: Run ShowRuntime Behavior [ RunTime:0.003000s ]
[ 2016-02-05T10:10:00+08:00 ] /pc_denglu.php | INFO: Tag[ view_filter ] --END-- [ RunTime:0.013001s ]
[ 2016-02-05T10:10:00+08:00 ] /pc_denglu.php | INFO: Tag[ view_end ] --START--
[ 2016-02-05T10:10:00+08:00 ] /pc_denglu.php | INFO: Run ShowPageTrace Behavior [ RunTime:0.003000s ]
[ 2016-02-05T10:10:00+08:00 ] /pc_denglu.php | INFO: Tag[ view_end ] --END-- [ RunTime:0.003000s ]
[ 2016-02-05T10:10:00+08:00 ] /pc_denglu.php | INFO: Tag[ app_end ] --START--
[ 2016-02-05T10:10:00+08:00 ] /pc_denglu.php | INFO: Run SaveConfig Behavior [ RunTime:0.004001s ]
[ 2016-02-05T10:10:00+08:00 ] /pc_denglu.php | INFO: Tag[ app_end ] --END-- [ RunTime:0.004001s ]
[ 2016-02-05T10:10:01+08:00 ] /pc_denglu.php?s=/Index/checkxml | INFO: Tag[ app_init ] --START--
[ 2016-02-05T10:10:01+08:00 ] /pc_denglu.php?s=/Index/checkxml | INFO: Run XSS Behavior [ RunTime:0.003000s ]
[ 2016-02-05T10:10:01+08:00 ] /pc_denglu.php?s=/Index/checkxml | INFO: Tag[ app_init ] --END-- [ RunTime:0.003000s ]
[ 2016-02-05T10:10:01+08:00 ] /pc_denglu.php?s=/Index/checkxml | INFO: Tag[ route_check ] --START--
[ 2016-02-05T10:10:01+08:00 ] /pc_denglu.php?s=/Index/checkxml | INFO: Run CheckRoute Behavior [ RunTime:0.002000s ]
[ 2016-02-05T10:10:01+08:00 ] /pc_denglu.php?s=/Index/checkxml | INFO: Tag[ route_check ] --END-- [ RunTime:0.003000s ]
[ 2016-02-05T10:10:01+08:00 ] /pc_denglu.php?s=/Index/checkxml | INFO: Tag[ app_begin ] --START--
[ 2016-02-05T10:10:01+08:00 ] /pc_denglu.php?s=/Index/checkxml | INFO: Run ReadHtmlCache Behavior [ RunTime:0.003001s ]
[ 2016-02-05T10:10:01+08:00 ] /pc_denglu.php?s=/Index/checkxml | INFO: Tag[ app_begin ] --END-- [ RunTime:0.003001s ]
[ 2016-02-05T10:10:01+08:00 ] /pc_denglu.php?s=/Index/checkxml | SQL: SHOW COLUMNS FROM `config` [ RunTime:0.029002s ]
[ 2016-02-05T10:10:01+08:00 ] /pc_denglu.php?s=/Index/checkxml | SQL: SELECT * FROM `config` WHERE ( `name` = 'DIFFTIME' ) LIMIT 1   FOR UPDATE  [ RunTime:0.001000s ]
[ 2016-02-05T10:10:01+08:00 ] /pc_denglu.php?s=/Index/checkxml | SQL: SHOW COLUMNS FROM `admin` [ RunTime:0.030002s ]
[ 2016-02-05T10:10:01+08:00 ] /pc_denglu.php?s=/Index/checkxml | SQL: SELECT `admin_status` FROM `admin` WHERE ( `id` = '1' ) LIMIT 1   [ RunTime:0.001000s ]
[ 2016-02-05T10:10:01+08:00 ] /pc_denglu.php?s=/Index/checkxml | INFO: Tag[ app_end ] --START--
[ 2016-02-05T10:10:01+08:00 ] /pc_denglu.php?s=/Index/checkxml | INFO: Run SaveConfig Behavior [ RunTime:0.004000s ]
[ 2016-02-05T10:10:01+08:00 ] /pc_denglu.php?s=/Index/checkxml | INFO: Tag[ app_end ] --END-- [ RunTime:0.004000s ]
[ 2016-02-05T14:48:17+08:00 ] /pc_denglu.php?s=/Public/login | INFO: Tag[ app_init ] --START--
[ 2016-02-05T14:48:17+08:00 ] /pc_denglu.php?s=/Public/login | INFO: Run XSS Behavior [ RunTime:0.003000s ]
[ 2016-02-05T14:48:17+08:00 ] /pc_denglu.php?s=/Public/login | INFO: Tag[ app_init ] --END-- [ RunTime:0.003000s ]
[ 2016-02-05T14:48:17+08:00 ] /pc_denglu.php?s=/Public/login | INFO: Tag[ route_check ] --START--
[ 2016-02-05T14:48:17+08:00 ] /pc_denglu.php?s=/Public/login | INFO: Run CheckRoute Behavior [ RunTime:0.004000s ]
[ 2016-02-05T14:48:17+08:00 ] /pc_denglu.php?s=/Public/login | INFO: Tag[ route_check ] --END-- [ RunTime:0.004000s ]
[ 2016-02-05T14:48:17+08:00 ] /pc_denglu.php?s=/Public/login | INFO: Tag[ app_begin ] --START--
[ 2016-02-05T14:48:17+08:00 ] /pc_denglu.php?s=/Public/login | INFO: Run ReadHtmlCache Behavior [ RunTime:0.004000s ]
[ 2016-02-05T14:48:17+08:00 ] /pc_denglu.php?s=/Public/login | INFO: Tag[ app_begin ] --END-- [ RunTime:0.004000s ]
[ 2016-02-05T14:48:17+08:00 ] /pc_denglu.php?s=/Public/login | SQL: SELECT a.id FROM yubicloud as a inner join (select id from admin where status=1) b on a.account_id=b.id WHERE ( `state` >= 1 ) AND ( (`endtime` >= 1454601600) OR (`endtime` = 0) ) LIMIT 1   [ RunTime:0.008001s ]
[ 2016-02-05T14:48:17+08:00 ] /pc_denglu.php?s=/Public/login | SQL: SHOW COLUMNS FROM `config` [ RunTime:0.029001s ]
[ 2016-02-05T14:48:17+08:00 ] /pc_denglu.php?s=/Public/login | SQL: SHOW COLUMNS FROM `admin` [ RunTime:0.027002s ]
[ 2016-02-05T14:48:17+08:00 ] /pc_denglu.php?s=/Public/login | SQL: SELECT * FROM `admin` WHERE ( `account` = 'admin' ) LIMIT 1   [ RunTime:0.001000s ]
[ 2016-02-05T14:48:17+08:00 ] /pc_denglu.php?s=/Public/login | SQL: SHOW COLUMNS FROM `admin` [ RunTime:0.027002s ]
[ 2016-02-05T14:48:17+08:00 ] /pc_denglu.php?s=/Public/login | SQL: SELECT * FROM `admin` WHERE ( `googlepass` <> '' ) LIMIT 1   [ RunTime:0.001000s ]
[ 2016-02-05T14:48:17+08:00 ] /pc_denglu.php?s=/Public/login | INFO: Tag[ view_template ] --START--
[ 2016-02-05T14:48:17+08:00 ] /pc_denglu.php?s=/Public/login | INFO: Run LocationTemplate Behavior [ RunTime:0.006000s ]
[ 2016-02-05T14:48:17+08:00 ] /pc_denglu.php?s=/Public/login | INFO: Tag[ view_template ] --END-- [ RunTime:0.006000s ]
[ 2016-02-05T14:48:17+08:00 ] /pc_denglu.php?s=/Public/login | INFO: Tag[ view_parse ] --START--
[ 2016-02-05T14:48:17+08:00 ] /pc_denglu.php?s=/Public/login | INFO: Run ParseTemplate Behavior [ RunTime:0.043003s ]
[ 2016-02-05T14:48:17+08:00 ] /pc_denglu.php?s=/Public/login | INFO: Tag[ view_parse ] --END-- [ RunTime:0.043003s ]
[ 2016-02-05T14:48:17+08:00 ] /pc_denglu.php?s=/Public/login | INFO: Tag[ view_filter ] --START--
[ 2016-02-05T14:48:17+08:00 ] /pc_denglu.php?s=/Public/login | INFO: Run ContentReplace Behavior [ RunTime:0.004000s ]
[ 2016-02-05T14:48:17+08:00 ] /pc_denglu.php?s=/Public/login | INFO: Run TokenBuild Behavior [ RunTime:0.003000s ]
[ 2016-02-05T14:48:17+08:00 ] /pc_denglu.php?s=/Public/login | INFO: Run WriteHtmlCache Behavior [ RunTime:0.005000s ]
[ 2016-02-05T14:48:17+08:00 ] /pc_denglu.php?s=/Public/login | INFO: Run ShowRuntime Behavior [ RunTime:0.006001s ]
[ 2016-02-05T14:48:17+08:00 ] /pc_denglu.php?s=/Public/login | INFO: Tag[ view_filter ] --END-- [ RunTime:0.018001s ]
[ 2016-02-05T14:48:17+08:00 ] /pc_denglu.php?s=/Public/login | INFO: Tag[ view_end ] --START--
[ 2016-02-05T14:48:17+08:00 ] /pc_denglu.php?s=/Public/login | INFO: Run ShowPageTrace Behavior [ RunTime:0.004000s ]
[ 2016-02-05T14:48:17+08:00 ] /pc_denglu.php?s=/Public/login | INFO: Tag[ view_end ] --END-- [ RunTime:0.004000s ]
[ 2016-02-05T14:48:17+08:00 ] /pc_denglu.php?s=/Public/login | INFO: Tag[ app_end ] --START--
[ 2016-02-05T14:48:17+08:00 ] /pc_denglu.php?s=/Public/login | INFO: Run SaveConfig Behavior [ RunTime:0.003000s ]
[ 2016-02-05T14:48:17+08:00 ] /pc_denglu.php?s=/Public/login | INFO: Tag[ app_end ] --END-- [ RunTime:0.004000s ]
[ 2016-02-05T14:48:17+08:00 ] /pc_denglu.php?s=/Public/verify/ | INFO: Tag[ app_init ] --START--
[ 2016-02-05T14:48:17+08:00 ] /pc_denglu.php?s=/Public/verify/ | INFO: Run XSS Behavior [ RunTime:0.006001s ]
[ 2016-02-05T14:48:17+08:00 ] /pc_denglu.php?s=/Public/verify/ | INFO: Tag[ app_init ] --END-- [ RunTime:0.006001s ]
[ 2016-02-05T14:48:17+08:00 ] /pc_denglu.php?s=/Public/verify/ | INFO: Tag[ route_check ] --START--
[ 2016-02-05T14:48:17+08:00 ] /pc_denglu.php?s=/Public/verify/ | INFO: Run CheckRoute Behavior [ RunTime:0.005000s ]
[ 2016-02-05T14:48:17+08:00 ] /pc_denglu.php?s=/Public/verify/ | INFO: Tag[ route_check ] --END-- [ RunTime:0.007000s ]
[ 2016-02-05T14:48:17+08:00 ] /pc_denglu.php?s=/Public/verify/ | INFO: Tag[ app_begin ] --START--
[ 2016-02-05T14:48:17+08:00 ] /pc_denglu.php?s=/Public/verify/ | INFO: Run ReadHtmlCache Behavior [ RunTime:0.005000s ]
[ 2016-02-05T14:48:17+08:00 ] /pc_denglu.php?s=/Public/verify/ | INFO: Tag[ app_begin ] --END-- [ RunTime:0.005000s ]
[ 2016-02-05T14:48:17+08:00 ] /pc_denglu.php?s=/Public/verify/ | INFO: Tag[ app_end ] --START--
[ 2016-02-05T14:48:17+08:00 ] /pc_denglu.php?s=/Public/verify/ | INFO: Run SaveConfig Behavior [ RunTime:0.004000s ]
[ 2016-02-05T14:48:17+08:00 ] /pc_denglu.php?s=/Public/verify/ | INFO: Tag[ app_end ] --END-- [ RunTime:0.005000s ]
[ 2016-02-05T14:48:17+08:00 ] /pc_denglu.php?s=/Public/crateloginstr/ | INFO: Tag[ app_init ] --START--
[ 2016-02-05T14:48:17+08:00 ] /pc_denglu.php?s=/Public/crateloginstr/ | INFO: Run XSS Behavior [ RunTime:0.004000s ]
[ 2016-02-05T14:48:17+08:00 ] /pc_denglu.php?s=/Public/crateloginstr/ | INFO: Tag[ app_init ] --END-- [ RunTime:0.004000s ]
[ 2016-02-05T14:48:17+08:00 ] /pc_denglu.php?s=/Public/crateloginstr/ | INFO: Tag[ route_check ] --START--
[ 2016-02-05T14:48:17+08:00 ] /pc_denglu.php?s=/Public/crateloginstr/ | INFO: Run CheckRoute Behavior [ RunTime:0.005000s ]
[ 2016-02-05T14:48:17+08:00 ] /pc_denglu.php?s=/Public/crateloginstr/ | INFO: Tag[ route_check ] --END-- [ RunTime:0.005000s ]
[ 2016-02-05T14:48:17+08:00 ] /pc_denglu.php?s=/Public/crateloginstr/ | INFO: Tag[ app_begin ] --START--
[ 2016-02-05T14:48:17+08:00 ] /pc_denglu.php?s=/Public/crateloginstr/ | INFO: Run ReadHtmlCache Behavior [ RunTime:0.004001s ]
[ 2016-02-05T14:48:17+08:00 ] /pc_denglu.php?s=/Public/crateloginstr/ | INFO: Tag[ app_begin ] --END-- [ RunTime:0.004001s ]
[ 2016-02-05T14:48:17+08:00 ] /pc_denglu.php?s=/Public/crateloginstr/ | INFO: Tag[ app_end ] --START--
[ 2016-02-05T14:48:17+08:00 ] /pc_denglu.php?s=/Public/crateloginstr/ | INFO: Run SaveConfig Behavior [ RunTime:0.004000s ]
[ 2016-02-05T14:48:17+08:00 ] /pc_denglu.php?s=/Public/crateloginstr/ | INFO: Tag[ app_end ] --END-- [ RunTime:0.004000s ]
[ 2016-02-05T14:48:20+08:00 ] /pc_denglu.php?s= | INFO: Tag[ app_init ] --START--
[ 2016-02-05T14:48:20+08:00 ] /pc_denglu.php?s= | INFO: Run XSS Behavior [ RunTime:0.004000s ]
[ 2016-02-05T14:48:20+08:00 ] /pc_denglu.php?s= | INFO: Tag[ app_init ] --END-- [ RunTime:0.004000s ]
[ 2016-02-05T14:48:20+08:00 ] /pc_denglu.php?s= | INFO: Tag[ app_begin ] --START--
[ 2016-02-05T14:48:20+08:00 ] /pc_denglu.php?s= | INFO: Run ReadHtmlCache Behavior [ RunTime:0.002000s ]
[ 2016-02-05T14:48:20+08:00 ] /pc_denglu.php?s= | INFO: Tag[ app_begin ] --END-- [ RunTime:0.004000s ]
[ 2016-02-05T14:48:20+08:00 ] /pc_denglu.php?s= | SQL: SHOW COLUMNS FROM `config` [ RunTime:0.028001s ]
[ 2016-02-05T14:48:20+08:00 ] /pc_denglu.php?s= | SQL: SELECT * FROM `config` WHERE ( `name` = 'DIFFTIME' ) LIMIT 1   FOR UPDATE  [ RunTime:0.001000s ]
[ 2016-02-05T14:48:20+08:00 ] /pc_denglu.php?s= | SQL: SHOW COLUMNS FROM `admin` [ RunTime:0.026001s ]
[ 2016-02-05T14:48:20+08:00 ] /pc_denglu.php?s= | SQL: SELECT `admin_status` FROM `admin` WHERE ( `id` = '1' ) LIMIT 1   [ RunTime:0.001000s ]
[ 2016-02-05T14:48:20+08:00 ] /pc_denglu.php?s= | SQL: SHOW COLUMNS FROM `node` [ RunTime:0.035002s ]
[ 2016-02-05T14:48:20+08:00 ] /pc_denglu.php?s= | SQL: SELECT * FROM `node` WHERE level=1 and status=1 and is_sync_menu=1 and type=0 ORDER BY sort asc  [ RunTime:0.002000s ]
[ 2016-02-05T14:48:20+08:00 ] /pc_denglu.php?s= | SQL: SELECT * FROM `node` WHERE id='2' LIMIT 1   FOR UPDATE  [ RunTime:0.000000s ]
[ 2016-02-05T14:48:20+08:00 ] /pc_denglu.php?s= | SQL: SELECT * FROM `node` WHERE ( `id` = '1' ) LIMIT 1   FOR UPDATE  [ RunTime:0.001000s ]
[ 2016-02-05T14:48:20+08:00 ] /pc_denglu.php?s= | SQL: SELECT * FROM `node` WHERE Name<>'Admin' and pid=0  FOR UPDATE  [ RunTime:0.001000s ]
[ 2016-02-05T14:48:20+08:00 ] /pc_denglu.php?s= | SQL: SHOW COLUMNS FROM `dms_邮件` [ RunTime:0.030002s ]
[ 2016-02-05T14:48:20+08:00 ] /pc_denglu.php?s= | SQL: SELECT COUNT(*) AS tp_count FROM `dms_邮件` WHERE 收件人类型='管理员' and 状态=0 LIMIT 1   FOR UPDATE  [ RunTime:0.000000s ]
[ 2016-02-05T14:48:20+08:00 ] /pc_denglu.php?s= | SQL: SHOW COLUMNS FROM `dms_汇款通知` [ RunTime:0.034002s ]
[ 2016-02-05T14:48:20+08:00 ] /pc_denglu.php?s= | SQL: SELECT COUNT(id) AS tp_count FROM `dms_汇款通知` WHERE 状态=0 LIMIT 1   FOR UPDATE  [ RunTime:0.000000s ]
[ 2016-02-05T14:48:20+08:00 ] /pc_denglu.php?s= | INFO: Tag[ view_template ] --START--
[ 2016-02-05T14:48:20+08:00 ] /pc_denglu.php?s= | INFO: Run LocationTemplate Behavior [ RunTime:0.005001s ]
[ 2016-02-05T14:48:20+08:00 ] /pc_denglu.php?s= | INFO: Tag[ view_template ] --END-- [ RunTime:0.006001s ]
[ 2016-02-05T14:48:20+08:00 ] /pc_denglu.php?s= | INFO: Tag[ view_parse ] --START--
[ 2016-02-05T14:48:20+08:00 ] /pc_denglu.php?s= | SQL: SELECT * FROM `node` WHERE ( `id` = '2' ) LIMIT 1   [ RunTime:0.002000s ]
[ 2016-02-05T14:48:20+08:00 ] /pc_denglu.php?s= | SQL: SELECT * FROM `node` WHERE ( `id` = '2' ) LIMIT 1   [ RunTime:0.001000s ]
[ 2016-02-05T14:48:20+08:00 ] /pc_denglu.php?s= | SQL: SELECT * FROM `node` WHERE ( `id` = '2' ) LIMIT 1   [ RunTime:0.001000s ]
[ 2016-02-05T14:48:20+08:00 ] /pc_denglu.php?s= | SQL: SELECT * FROM `node` WHERE ( `id` = '2' ) LIMIT 1   [ RunTime:0.001000s ]
[ 2016-02-05T14:48:20+08:00 ] /pc_denglu.php?s= | SQL: SELECT * FROM `node` WHERE ( `id` = '2' ) LIMIT 1   [ RunTime:0.001000s ]
[ 2016-02-05T14:48:20+08:00 ] /pc_denglu.php?s= | SQL: SELECT * FROM `node` WHERE ( `id` = '2' ) LIMIT 1   [ RunTime:0.001000s ]
[ 2016-02-05T14:48:20+08:00 ] /pc_denglu.php?s= | INFO: Run ParseTemplate Behavior [ RunTime:0.148008s ]
[ 2016-02-05T14:48:20+08:00 ] /pc_denglu.php?s= | INFO: Tag[ view_parse ] --END-- [ RunTime:0.148008s ]
[ 2016-02-05T14:48:20+08:00 ] /pc_denglu.php?s= | INFO: Tag[ view_filter ] --START--
[ 2016-02-05T14:48:20+08:00 ] /pc_denglu.php?s= | INFO: Run ContentReplace Behavior [ RunTime:0.003000s ]
[ 2016-02-05T14:48:20+08:00 ] /pc_denglu.php?s= | INFO: Run TokenBuild Behavior [ RunTime:0.003000s ]
[ 2016-02-05T14:48:20+08:00 ] /pc_denglu.php?s= | INFO: Run WriteHtmlCache Behavior [ RunTime:0.004001s ]
[ 2016-02-05T14:48:20+08:00 ] /pc_denglu.php?s= | INFO: Run ShowRuntime Behavior [ RunTime:0.004000s ]
[ 2016-02-05T14:48:20+08:00 ] /pc_denglu.php?s= | INFO: Tag[ view_filter ] --END-- [ RunTime:0.014001s ]
[ 2016-02-05T14:48:20+08:00 ] /pc_denglu.php?s= | INFO: Tag[ view_end ] --START--
[ 2016-02-05T14:48:20+08:00 ] /pc_denglu.php?s= | INFO: Run ShowPageTrace Behavior [ RunTime:0.003000s ]
[ 2016-02-05T14:48:20+08:00 ] /pc_denglu.php?s= | INFO: Tag[ view_end ] --END-- [ RunTime:0.004000s ]
[ 2016-02-05T14:48:20+08:00 ] /pc_denglu.php?s= | INFO: Tag[ app_end ] --START--
[ 2016-02-05T14:48:20+08:00 ] /pc_denglu.php?s= | INFO: Run SaveConfig Behavior [ RunTime:0.003000s ]
[ 2016-02-05T14:48:20+08:00 ] /pc_denglu.php?s= | INFO: Tag[ app_end ] --END-- [ RunTime:0.003000s ]
[ 2016-02-05T14:48:21+08:00 ] /pc_denglu.php?s=/Index/checkxml | INFO: Tag[ app_init ] --START--
[ 2016-02-05T14:48:21+08:00 ] /pc_denglu.php?s=/Index/checkxml | INFO: Run XSS Behavior [ RunTime:0.003000s ]
[ 2016-02-05T14:48:21+08:00 ] /pc_denglu.php?s=/Index/checkxml | INFO: Tag[ app_init ] --END-- [ RunTime:0.003000s ]
[ 2016-02-05T14:48:21+08:00 ] /pc_denglu.php?s=/Index/checkxml | INFO: Tag[ route_check ] --START--
[ 2016-02-05T14:48:21+08:00 ] /pc_denglu.php?s=/Index/checkxml | INFO: Run CheckRoute Behavior [ RunTime:0.004000s ]
[ 2016-02-05T14:48:21+08:00 ] /pc_denglu.php?s=/Index/checkxml | INFO: Tag[ route_check ] --END-- [ RunTime:0.005000s ]
[ 2016-02-05T14:48:21+08:00 ] /pc_denglu.php?s=/Index/checkxml | INFO: Tag[ app_begin ] --START--
[ 2016-02-05T14:48:21+08:00 ] /pc_denglu.php?s=/Index/checkxml | INFO: Run ReadHtmlCache Behavior [ RunTime:0.005000s ]
[ 2016-02-05T14:48:21+08:00 ] /pc_denglu.php?s=/Index/checkxml | INFO: Tag[ app_begin ] --END-- [ RunTime:0.005000s ]
[ 2016-02-05T14:48:21+08:00 ] /pc_denglu.php?s=/Index/checkxml | SQL: SHOW COLUMNS FROM `config` [ RunTime:0.026002s ]
[ 2016-02-05T14:48:21+08:00 ] /pc_denglu.php?s=/Index/checkxml | SQL: SELECT * FROM `config` WHERE ( `name` = 'DIFFTIME' ) LIMIT 1   FOR UPDATE  [ RunTime:0.001000s ]
[ 2016-02-05T14:48:21+08:00 ] /pc_denglu.php?s=/Index/checkxml | SQL: SHOW COLUMNS FROM `admin` [ RunTime:0.031002s ]
[ 2016-02-05T14:48:21+08:00 ] /pc_denglu.php?s=/Index/checkxml | SQL: SELECT `admin_status` FROM `admin` WHERE ( `id` = '1' ) LIMIT 1   [ RunTime:0.001000s ]
[ 2016-02-05T14:48:21+08:00 ] /pc_denglu.php?s=/Index/checkxml | INFO: Tag[ app_end ] --START--
[ 2016-02-05T14:48:21+08:00 ] /pc_denglu.php?s=/Index/checkxml | INFO: Run SaveConfig Behavior [ RunTime:0.004000s ]
[ 2016-02-05T14:48:21+08:00 ] /pc_denglu.php?s=/Index/checkxml | INFO: Tag[ app_end ] --END-- [ RunTime:0.004000s ]
[ 2016-02-05T14:54:42+08:00 ] /pc_denglu.php | INFO: Tag[ app_init ] --START--
[ 2016-02-05T14:54:42+08:00 ] /pc_denglu.php | INFO: Run XSS Behavior [ RunTime:0.003000s ]
[ 2016-02-05T14:54:42+08:00 ] /pc_denglu.php | INFO: Tag[ app_init ] --END-- [ RunTime:0.003000s ]
[ 2016-02-05T14:54:42+08:00 ] /pc_denglu.php | INFO: Tag[ app_begin ] --START--
[ 2016-02-05T14:54:42+08:00 ] /pc_denglu.php | INFO: Run ReadHtmlCache Behavior [ RunTime:0.004000s ]
[ 2016-02-05T14:54:42+08:00 ] /pc_denglu.php | INFO: Tag[ app_begin ] --END-- [ RunTime:0.005000s ]
[ 2016-02-05T14:54:42+08:00 ] /pc_denglu.php | SQL: SHOW COLUMNS FROM `config` [ RunTime:0.027002s ]
[ 2016-02-05T14:54:42+08:00 ] /pc_denglu.php | SQL: SELECT * FROM `config` WHERE ( `name` = 'DIFFTIME' ) LIMIT 1   FOR UPDATE  [ RunTime:0.002000s ]
[ 2016-02-05T14:54:42+08:00 ] /pc_denglu.php | SQL: SHOW COLUMNS FROM `admin` [ RunTime:0.031002s ]
[ 2016-02-05T14:54:42+08:00 ] /pc_denglu.php | SQL: SELECT `admin_status` FROM `admin` WHERE ( `id` = '1' ) LIMIT 1   [ RunTime:0.001000s ]
[ 2016-02-05T14:54:42+08:00 ] /pc_denglu.php | SQL: SHOW COLUMNS FROM `node` [ RunTime:0.033002s ]
[ 2016-02-05T14:54:42+08:00 ] /pc_denglu.php | SQL: SELECT * FROM `node` WHERE level=1 and status=1 and is_sync_menu=1 and type=0 ORDER BY sort asc  [ RunTime:0.001000s ]
[ 2016-02-05T14:54:42+08:00 ] /pc_denglu.php | SQL: SELECT * FROM `node` WHERE id='2' LIMIT 1   FOR UPDATE  [ RunTime:0.001000s ]
[ 2016-02-05T14:54:42+08:00 ] /pc_denglu.php | SQL: select id from `config` where `name`='XMLMD5'  FOR UPDATE [ RunTime:0.000000s ]
[ 2016-02-05T14:54:42+08:00 ] /pc_denglu.php | SQL: update `config` set `data`='s:32:\"60aa024e5fc07b722c24faa767c2d079\";' where id=13 [ RunTime:0.000000s ]
[ 2016-02-05T14:54:42+08:00 ] /pc_denglu.php | SQL: select now() as time [ RunTime:0.000000s ]
[ 2016-02-05T14:54:42+08:00 ] /pc_denglu.php | SQL: show engines [ RunTime:0.002001s ]
[ 2016-02-05T14:54:44+08:00 ] /pc_denglu.php | SQL: show table status from dmsbeta where Engine<>'InnoDB' [ RunTime:0.848049s ]
[ 2016-02-05T14:54:44+08:00 ] /pc_denglu.php | SQL: select name from config group by concat(name) having count(*)>1 [ RunTime:0.024001s ]
[ 2016-02-05T14:54:44+08:00 ] /pc_denglu.php | SQL: SELECT * FROM `node` WHERE ( `id` = '1' ) LIMIT 1   FOR UPDATE  [ RunTime:0.001000s ]
[ 2016-02-05T14:54:44+08:00 ] /pc_denglu.php | SQL: SELECT * FROM `node` WHERE Name<>'Admin' and pid=0  FOR UPDATE  [ RunTime:0.001000s ]
[ 2016-02-05T14:54:44+08:00 ] /pc_denglu.php | SQL: SHOW COLUMNS FROM `dms_邮件` [ RunTime:0.025001s ]
[ 2016-02-05T14:54:44+08:00 ] /pc_denglu.php | SQL: SELECT COUNT(*) AS tp_count FROM `dms_邮件` WHERE 收件人类型='管理员' and 状态=0 LIMIT 1   FOR UPDATE  [ RunTime:0.000000s ]
[ 2016-02-05T14:54:44+08:00 ] /pc_denglu.php | SQL: SHOW COLUMNS FROM `dms_汇款通知` [ RunTime:0.024002s ]
[ 2016-02-05T14:54:44+08:00 ] /pc_denglu.php | SQL: SELECT COUNT(id) AS tp_count FROM `dms_汇款通知` WHERE 状态=0 LIMIT 1   FOR UPDATE  [ RunTime:0.002000s ]
[ 2016-02-05T14:54:44+08:00 ] /pc_denglu.php | INFO: Tag[ view_template ] --START--
[ 2016-02-05T14:54:44+08:00 ] /pc_denglu.php | INFO: Run LocationTemplate Behavior [ RunTime:0.005000s ]
[ 2016-02-05T14:54:44+08:00 ] /pc_denglu.php | INFO: Tag[ view_template ] --END-- [ RunTime:0.005000s ]
[ 2016-02-05T14:54:44+08:00 ] /pc_denglu.php | INFO: Tag[ view_parse ] --START--
[ 2016-02-05T14:54:44+08:00 ] /pc_denglu.php | SQL: SELECT * FROM `node` WHERE ( `id` = '2' ) LIMIT 1   [ RunTime:0.000000s ]
[ 2016-02-05T14:54:44+08:00 ] /pc_denglu.php | SQL: SELECT * FROM `node` WHERE ( `id` = '2' ) LIMIT 1   [ RunTime:0.001000s ]
[ 2016-02-05T14:54:44+08:00 ] /pc_denglu.php | SQL: SELECT * FROM `node` WHERE ( `id` = '2' ) LIMIT 1   [ RunTime:0.000000s ]
[ 2016-02-05T14:54:44+08:00 ] /pc_denglu.php | SQL: SELECT * FROM `node` WHERE ( `id` = '2' ) LIMIT 1   [ RunTime:0.001000s ]
[ 2016-02-05T14:54:44+08:00 ] /pc_denglu.php | SQL: SELECT * FROM `node` WHERE ( `id` = '2' ) LIMIT 1   [ RunTime:0.000000s ]
[ 2016-02-05T14:54:44+08:00 ] /pc_denglu.php | SQL: SELECT * FROM `node` WHERE ( `id` = '2' ) LIMIT 1   [ RunTime:0.001000s ]
[ 2016-02-05T14:54:44+08:00 ] /pc_denglu.php | INFO: Run ParseTemplate Behavior [ RunTime:0.152009s ]
[ 2016-02-05T14:54:44+08:00 ] /pc_denglu.php | INFO: Tag[ view_parse ] --END-- [ RunTime:0.152009s ]
[ 2016-02-05T14:54:44+08:00 ] /pc_denglu.php | INFO: Tag[ view_filter ] --START--
[ 2016-02-05T14:54:44+08:00 ] /pc_denglu.php | INFO: Run ContentReplace Behavior [ RunTime:0.005000s ]
[ 2016-02-05T14:54:44+08:00 ] /pc_denglu.php | INFO: Run TokenBuild Behavior [ RunTime:0.005000s ]
[ 2016-02-05T14:54:44+08:00 ] /pc_denglu.php | INFO: Run WriteHtmlCache Behavior [ RunTime:0.004000s ]
[ 2016-02-05T14:54:44+08:00 ] /pc_denglu.php | INFO: Run ShowRuntime Behavior [ RunTime:0.004001s ]
[ 2016-02-05T14:54:44+08:00 ] /pc_denglu.php | INFO: Tag[ view_filter ] --END-- [ RunTime:0.018001s ]
[ 2016-02-05T14:54:44+08:00 ] /pc_denglu.php | INFO: Tag[ view_end ] --START--
[ 2016-02-05T14:54:44+08:00 ] /pc_denglu.php | INFO: Run ShowPageTrace Behavior [ RunTime:0.004000s ]
[ 2016-02-05T14:54:44+08:00 ] /pc_denglu.php | INFO: Tag[ view_end ] --END-- [ RunTime:0.004000s ]
[ 2016-02-05T14:54:44+08:00 ] /pc_denglu.php | INFO: Tag[ app_end ] --START--
[ 2016-02-05T14:54:44+08:00 ] /pc_denglu.php | SQL: SELECT `name`,`data` FROM `config`  [ RunTime:0.001000s ]
[ 2016-02-05T14:54:44+08:00 ] /pc_denglu.php | INFO: Run SaveConfig Behavior [ RunTime:0.015001s ]
[ 2016-02-05T14:54:44+08:00 ] /pc_denglu.php | INFO: Tag[ app_end ] --END-- [ RunTime:0.015001s ]
[ 2016-02-05T14:54:44+08:00 ] /pc_denglu.php | INFO: Tag[ app_init ] --START--
[ 2016-02-05T14:54:44+08:00 ] /pc_denglu.php | INFO: Run XSS Behavior [ RunTime:0.005001s ]
[ 2016-02-05T14:54:44+08:00 ] /pc_denglu.php | INFO: Tag[ app_init ] --END-- [ RunTime:0.005001s ]
[ 2016-02-05T14:54:44+08:00 ] /pc_denglu.php | INFO: Tag[ app_begin ] --START--
[ 2016-02-05T14:54:44+08:00 ] /pc_denglu.php | INFO: Run ReadHtmlCache Behavior [ RunTime:0.004000s ]
[ 2016-02-05T14:54:44+08:00 ] /pc_denglu.php | INFO: Tag[ app_begin ] --END-- [ RunTime:0.004000s ]
[ 2016-02-05T14:54:44+08:00 ] /pc_denglu.php | SQL: SHOW COLUMNS FROM `admin` [ RunTime:0.030001s ]
[ 2016-02-05T14:54:44+08:00 ] /pc_denglu.php | SQL: SELECT `admin_status` FROM `admin` WHERE ( `id` = '1' ) LIMIT 1   [ RunTime:0.001000s ]
[ 2016-02-05T14:54:45+08:00 ] /pc_denglu.php | SQL: SHOW COLUMNS FROM `node` [ RunTime:0.033002s ]
[ 2016-02-05T14:54:45+08:00 ] /pc_denglu.php | SQL: SELECT * FROM `node` WHERE level=1 and status=1 and is_sync_menu=1 and type=0 ORDER BY sort asc  [ RunTime:0.002000s ]
[ 2016-02-05T14:54:45+08:00 ] /pc_denglu.php | SQL: SELECT * FROM `node` WHERE id='2' LIMIT 1   FOR UPDATE  [ RunTime:0.001000s ]
[ 2016-02-05T14:54:45+08:00 ] /pc_denglu.php | SQL: SELECT * FROM `node` WHERE ( `id` = '1' ) LIMIT 1   FOR UPDATE  [ RunTime:0.002000s ]
[ 2016-02-05T14:54:45+08:00 ] /pc_denglu.php | SQL: SELECT * FROM `node` WHERE Name<>'Admin' and pid=0  FOR UPDATE  [ RunTime:0.001000s ]
[ 2016-02-05T14:54:45+08:00 ] /pc_denglu.php | SQL: SHOW COLUMNS FROM `dms_邮件` [ RunTime:0.029002s ]
[ 2016-02-05T14:54:45+08:00 ] /pc_denglu.php | SQL: SELECT COUNT(*) AS tp_count FROM `dms_邮件` WHERE 收件人类型='管理员' and 状态=0 LIMIT 1   FOR UPDATE  [ RunTime:0.001000s ]
[ 2016-02-05T14:54:45+08:00 ] /pc_denglu.php | SQL: SHOW COLUMNS FROM `dms_汇款通知` [ RunTime:0.030002s ]
[ 2016-02-05T14:54:45+08:00 ] /pc_denglu.php | SQL: SELECT COUNT(id) AS tp_count FROM `dms_汇款通知` WHERE 状态=0 LIMIT 1   FOR UPDATE  [ RunTime:0.001000s ]
[ 2016-02-05T14:54:45+08:00 ] /pc_denglu.php | INFO: Tag[ view_template ] --START--
[ 2016-02-05T14:54:45+08:00 ] /pc_denglu.php | INFO: Run LocationTemplate Behavior [ RunTime:0.005000s ]
[ 2016-02-05T14:54:45+08:00 ] /pc_denglu.php | INFO: Tag[ view_template ] --END-- [ RunTime:0.005000s ]
[ 2016-02-05T14:54:45+08:00 ] /pc_denglu.php | INFO: Tag[ view_parse ] --START--
[ 2016-02-05T14:54:45+08:00 ] /pc_denglu.php | SQL: SELECT * FROM `node` WHERE ( `id` = '2' ) LIMIT 1   [ RunTime:0.001000s ]
[ 2016-02-05T14:54:45+08:00 ] /pc_denglu.php | SQL: SELECT * FROM `node` WHERE ( `id` = '2' ) LIMIT 1   [ RunTime:0.001000s ]
[ 2016-02-05T14:54:45+08:00 ] /pc_denglu.php | SQL: SELECT * FROM `node` WHERE ( `id` = '2' ) LIMIT 1   [ RunTime:0.001000s ]
[ 2016-02-05T14:54:45+08:00 ] /pc_denglu.php | SQL: SELECT * FROM `node` WHERE ( `id` = '2' ) LIMIT 1   [ RunTime:0.001000s ]
[ 2016-02-05T14:54:45+08:00 ] /pc_denglu.php | SQL: SELECT * FROM `node` WHERE ( `id` = '2' ) LIMIT 1   [ RunTime:0.002000s ]
[ 2016-02-05T14:54:45+08:00 ] /pc_denglu.php | SQL: SELECT * FROM `node` WHERE ( `id` = '2' ) LIMIT 1   [ RunTime:0.004001s ]
[ 2016-02-05T14:54:45+08:00 ] /pc_denglu.php | INFO: Run ParseTemplate Behavior [ RunTime:0.171010s ]
[ 2016-02-05T14:54:45+08:00 ] /pc_denglu.php | INFO: Tag[ view_parse ] --END-- [ RunTime:0.171010s ]
[ 2016-02-05T14:54:45+08:00 ] /pc_denglu.php | INFO: Tag[ view_filter ] --START--
[ 2016-02-05T14:54:45+08:00 ] /pc_denglu.php | INFO: Run ContentReplace Behavior [ RunTime:0.003000s ]
[ 2016-02-05T14:54:45+08:00 ] /pc_denglu.php | INFO: Run TokenBuild Behavior [ RunTime:0.004000s ]
[ 2016-02-05T14:54:45+08:00 ] /pc_denglu.php | INFO: Run WriteHtmlCache Behavior [ RunTime:0.003000s ]
[ 2016-02-05T14:54:45+08:00 ] /pc_denglu.php | INFO: Run ShowRuntime Behavior [ RunTime:0.004000s ]
[ 2016-02-05T14:54:45+08:00 ] /pc_denglu.php | INFO: Tag[ view_filter ] --END-- [ RunTime:0.016000s ]
[ 2016-02-05T14:54:45+08:00 ] /pc_denglu.php | INFO: Tag[ view_end ] --START--
[ 2016-02-05T14:54:45+08:00 ] /pc_denglu.php | INFO: Run ShowPageTrace Behavior [ RunTime:0.004000s ]
[ 2016-02-05T14:54:45+08:00 ] /pc_denglu.php | INFO: Tag[ view_end ] --END-- [ RunTime:0.004000s ]
[ 2016-02-05T14:54:45+08:00 ] /pc_denglu.php | INFO: Tag[ app_end ] --START--
[ 2016-02-05T14:54:45+08:00 ] /pc_denglu.php | INFO: Run SaveConfig Behavior [ RunTime:0.003000s ]
[ 2016-02-05T14:54:45+08:00 ] /pc_denglu.php | INFO: Tag[ app_end ] --END-- [ RunTime:0.004000s ]
[ 2016-02-05T14:54:45+08:00 ] /pc_denglu.php?s=/Index/checkxml | INFO: Tag[ app_init ] --START--
[ 2016-02-05T14:54:45+08:00 ] /pc_denglu.php?s=/Index/checkxml | INFO: Run XSS Behavior [ RunTime:0.008000s ]
[ 2016-02-05T14:54:45+08:00 ] /pc_denglu.php?s=/Index/checkxml | INFO: Tag[ app_init ] --END-- [ RunTime:0.009000s ]
[ 2016-02-05T14:54:45+08:00 ] /pc_denglu.php?s=/Index/checkxml | INFO: Tag[ route_check ] --START--
[ 2016-02-05T14:54:45+08:00 ] /pc_denglu.php?s=/Index/checkxml | INFO: Run CheckRoute Behavior [ RunTime:0.006001s ]
[ 2016-02-05T14:54:45+08:00 ] /pc_denglu.php?s=/Index/checkxml | INFO: Tag[ route_check ] --END-- [ RunTime:0.006001s ]
[ 2016-02-05T14:54:45+08:00 ] /pc_denglu.php?s=/Index/checkxml | INFO: Tag[ app_begin ] --START--
[ 2016-02-05T14:54:45+08:00 ] /pc_denglu.php?s=/Index/checkxml | INFO: Run ReadHtmlCache Behavior [ RunTime:0.006000s ]
[ 2016-02-05T14:54:45+08:00 ] /pc_denglu.php?s=/Index/checkxml | INFO: Tag[ app_begin ] --END-- [ RunTime:0.006000s ]
[ 2016-02-05T14:54:45+08:00 ] /pc_denglu.php?s=/Index/checkxml | SQL: SHOW COLUMNS FROM `admin` [ RunTime:0.031002s ]
[ 2016-02-05T14:54:45+08:00 ] /pc_denglu.php?s=/Index/checkxml | SQL: SELECT `admin_status` FROM `admin` WHERE ( `id` = '1' ) LIMIT 1   [ RunTime:0.001000s ]
[ 2016-02-05T14:54:46+08:00 ] /pc_denglu.php?s=/Index/checkxml | INFO: Tag[ app_end ] --START--
[ 2016-02-05T14:54:46+08:00 ] /pc_denglu.php?s=/Index/checkxml | INFO: Run SaveConfig Behavior [ RunTime:0.004000s ]
[ 2016-02-05T14:54:46+08:00 ] /pc_denglu.php?s=/Index/checkxml | INFO: Tag[ app_end ] --END-- [ RunTime:0.005000s ]
[ 2016-02-05T14:54:46+08:00 ] /pc_denglu.php?s=/Index/checkxml | INFO: Tag[ app_init ] --START--
[ 2016-02-05T14:54:46+08:00 ] /pc_denglu.php?s=/Index/checkxml | INFO: Run XSS Behavior [ RunTime:0.004000s ]
[ 2016-02-05T14:54:46+08:00 ] /pc_denglu.php?s=/Index/checkxml | INFO: Tag[ app_init ] --END-- [ RunTime:0.004000s ]
[ 2016-02-05T14:54:46+08:00 ] /pc_denglu.php?s=/Index/checkxml | INFO: Tag[ route_check ] --START--
[ 2016-02-05T14:54:46+08:00 ] /pc_denglu.php?s=/Index/checkxml | INFO: Run CheckRoute Behavior [ RunTime:0.005000s ]
[ 2016-02-05T14:54:46+08:00 ] /pc_denglu.php?s=/Index/checkxml | INFO: Tag[ route_check ] --END-- [ RunTime:0.006000s ]
[ 2016-02-05T14:54:46+08:00 ] /pc_denglu.php?s=/Index/checkxml | INFO: Tag[ app_begin ] --START--
[ 2016-02-05T14:54:46+08:00 ] /pc_denglu.php?s=/Index/checkxml | INFO: Run ReadHtmlCache Behavior [ RunTime:0.003000s ]
[ 2016-02-05T14:54:46+08:00 ] /pc_denglu.php?s=/Index/checkxml | INFO: Tag[ app_begin ] --END-- [ RunTime:0.003000s ]
[ 2016-02-05T14:54:46+08:00 ] /pc_denglu.php?s=/Index/checkxml | SQL: SHOW COLUMNS FROM `admin` [ RunTime:0.026002s ]
[ 2016-02-05T14:54:46+08:00 ] /pc_denglu.php?s=/Index/checkxml | SQL: SELECT `admin_status` FROM `admin` WHERE ( `id` = '1' ) LIMIT 1   [ RunTime:0.001000s ]
[ 2016-02-05T14:54:46+08:00 ] /pc_denglu.php?s=/Index/checkxml | INFO: Tag[ app_end ] --START--
[ 2016-02-05T14:54:46+08:00 ] /pc_denglu.php?s=/Index/checkxml | INFO: Run SaveConfig Behavior [ RunTime:0.003000s ]
[ 2016-02-05T14:54:46+08:00 ] /pc_denglu.php?s=/Index/checkxml | INFO: Tag[ app_end ] --END-- [ RunTime:0.003000s ]
[ 2016-02-05T15:25:08+08:00 ] /pc_denglu.php?s=/Public/login | INFO: Tag[ app_init ] --START--
[ 2016-02-05T15:25:08+08:00 ] /pc_denglu.php?s=/Public/login | INFO: Run XSS Behavior [ RunTime:0.003000s ]
[ 2016-02-05T15:25:08+08:00 ] /pc_denglu.php?s=/Public/login | INFO: Tag[ app_init ] --END-- [ RunTime:0.003000s ]
[ 2016-02-05T15:25:08+08:00 ] /pc_denglu.php?s=/Public/login | INFO: Tag[ route_check ] --START--
[ 2016-02-05T15:25:08+08:00 ] /pc_denglu.php?s=/Public/login | INFO: Run CheckRoute Behavior [ RunTime:0.004000s ]
[ 2016-02-05T15:25:08+08:00 ] /pc_denglu.php?s=/Public/login | INFO: Tag[ route_check ] --END-- [ RunTime:0.005000s ]
[ 2016-02-05T15:25:08+08:00 ] /pc_denglu.php?s=/Public/login | INFO: Tag[ app_begin ] --START--
[ 2016-02-05T15:25:08+08:00 ] /pc_denglu.php?s=/Public/login | INFO: Run ReadHtmlCache Behavior [ RunTime:0.004000s ]
[ 2016-02-05T15:25:08+08:00 ] /pc_denglu.php?s=/Public/login | INFO: Tag[ app_begin ] --END-- [ RunTime:0.004000s ]
[ 2016-02-05T15:25:08+08:00 ] /pc_denglu.php?s=/Public/login | SQL: SELECT a.id FROM yubicloud as a inner join (select id from admin where status=1) b on a.account_id=b.id WHERE ( `state` >= 1 ) AND ( (`endtime` >= 1454601600) OR (`endtime` = 0) ) LIMIT 1   [ RunTime:0.008001s ]
[ 2016-02-05T15:25:08+08:00 ] /pc_denglu.php?s=/Public/login | SQL: SHOW COLUMNS FROM `config` [ RunTime:0.024001s ]
[ 2016-02-05T15:25:08+08:00 ] /pc_denglu.php?s=/Public/login | SQL: SHOW COLUMNS FROM `admin` [ RunTime:0.024001s ]
[ 2016-02-05T15:25:08+08:00 ] /pc_denglu.php?s=/Public/login | SQL: SELECT * FROM `admin` WHERE ( `account` = 'admin' ) LIMIT 1   [ RunTime:0.001000s ]
[ 2016-02-05T15:25:08+08:00 ] /pc_denglu.php?s=/Public/login | SQL: SHOW COLUMNS FROM `admin` [ RunTime:0.023002s ]
[ 2016-02-05T15:25:08+08:00 ] /pc_denglu.php?s=/Public/login | SQL: SELECT * FROM `admin` WHERE ( `googlepass` <> '' ) LIMIT 1   [ RunTime:0.001000s ]
[ 2016-02-05T15:25:08+08:00 ] /pc_denglu.php?s=/Public/login | INFO: Tag[ view_template ] --START--
[ 2016-02-05T15:25:08+08:00 ] /pc_denglu.php?s=/Public/login | INFO: Run LocationTemplate Behavior [ RunTime:0.004000s ]
[ 2016-02-05T15:25:08+08:00 ] /pc_denglu.php?s=/Public/login | INFO: Tag[ view_template ] --END-- [ RunTime:0.005000s ]
[ 2016-02-05T15:25:08+08:00 ] /pc_denglu.php?s=/Public/login | INFO: Tag[ view_parse ] --START--
[ 2016-02-05T15:25:08+08:00 ] /pc_denglu.php?s=/Public/login | INFO: Run ParseTemplate Behavior [ RunTime:0.038002s ]
[ 2016-02-05T15:25:08+08:00 ] /pc_denglu.php?s=/Public/login | INFO: Tag[ view_parse ] --END-- [ RunTime:0.039002s ]
[ 2016-02-05T15:25:08+08:00 ] /pc_denglu.php?s=/Public/login | INFO: Tag[ view_filter ] --START--
[ 2016-02-05T15:25:08+08:00 ] /pc_denglu.php?s=/Public/login | INFO: Run ContentReplace Behavior [ RunTime:0.005001s ]
[ 2016-02-05T15:25:08+08:00 ] /pc_denglu.php?s=/Public/login | INFO: Run TokenBuild Behavior [ RunTime:0.003000s ]
[ 2016-02-05T15:25:08+08:00 ] /pc_denglu.php?s=/Public/login | INFO: Run WriteHtmlCache Behavior [ RunTime:0.003000s ]
[ 2016-02-05T15:25:08+08:00 ] /pc_denglu.php?s=/Public/login | INFO: Run ShowRuntime Behavior [ RunTime:0.003000s ]
[ 2016-02-05T15:25:08+08:00 ] /pc_denglu.php?s=/Public/login | INFO: Tag[ view_filter ] --END-- [ RunTime:0.014001s ]
[ 2016-02-05T15:25:08+08:00 ] /pc_denglu.php?s=/Public/login | INFO: Tag[ view_end ] --START--
[ 2016-02-05T15:25:08+08:00 ] /pc_denglu.php?s=/Public/login | INFO: Run ShowPageTrace Behavior [ RunTime:0.004001s ]
[ 2016-02-05T15:25:08+08:00 ] /pc_denglu.php?s=/Public/login | INFO: Tag[ view_end ] --END-- [ RunTime:0.004001s ]
[ 2016-02-05T15:25:08+08:00 ] /pc_denglu.php?s=/Public/login | INFO: Tag[ app_end ] --START--
[ 2016-02-05T15:25:08+08:00 ] /pc_denglu.php?s=/Public/login | INFO: Run SaveConfig Behavior [ RunTime:0.004000s ]
[ 2016-02-05T15:25:08+08:00 ] /pc_denglu.php?s=/Public/login | INFO: Tag[ app_end ] --END-- [ RunTime:0.004000s ]
[ 2016-02-05T15:25:08+08:00 ] /pc_denglu.php?s=/Public/verify/ | INFO: Tag[ app_init ] --START--
[ 2016-02-05T15:25:08+08:00 ] /pc_denglu.php?s=/Public/verify/ | INFO: Run XSS Behavior [ RunTime:0.005001s ]
[ 2016-02-05T15:25:08+08:00 ] /pc_denglu.php?s=/Public/verify/ | INFO: Tag[ app_init ] --END-- [ RunTime:0.006001s ]
[ 2016-02-05T15:25:08+08:00 ] /pc_denglu.php?s=/Public/verify/ | INFO: Tag[ route_check ] --START--
[ 2016-02-05T15:25:08+08:00 ] /pc_denglu.php?s=/Public/verify/ | INFO: Run CheckRoute Behavior [ RunTime:0.005000s ]
[ 2016-02-05T15:25:08+08:00 ] /pc_denglu.php?s=/Public/verify/ | INFO: Tag[ route_check ] --END-- [ RunTime:0.005000s ]
[ 2016-02-05T15:25:08+08:00 ] /pc_denglu.php?s=/Public/verify/ | INFO: Tag[ app_begin ] --START--
[ 2016-02-05T15:25:08+08:00 ] /pc_denglu.php?s=/Public/verify/ | INFO: Run ReadHtmlCache Behavior [ RunTime:0.004000s ]
[ 2016-02-05T15:25:08+08:00 ] /pc_denglu.php?s=/Public/verify/ | INFO: Tag[ app_begin ] --END-- [ RunTime:0.005001s ]
[ 2016-02-05T15:25:08+08:00 ] /pc_denglu.php?s=/Public/verify/ | INFO: Tag[ app_end ] --START--
[ 2016-02-05T15:25:08+08:00 ] /pc_denglu.php?s=/Public/verify/ | INFO: Run SaveConfig Behavior [ RunTime:0.004000s ]
[ 2016-02-05T15:25:08+08:00 ] /pc_denglu.php?s=/Public/verify/ | INFO: Tag[ app_end ] --END-- [ RunTime:0.004000s ]
[ 2016-02-05T15:25:09+08:00 ] /pc_denglu.php?s=/Public/crateloginstr/ | INFO: Tag[ app_init ] --START--
[ 2016-02-05T15:25:09+08:00 ] /pc_denglu.php?s=/Public/crateloginstr/ | INFO: Run XSS Behavior [ RunTime:0.003000s ]
[ 2016-02-05T15:25:09+08:00 ] /pc_denglu.php?s=/Public/crateloginstr/ | INFO: Tag[ app_init ] --END-- [ RunTime:0.003000s ]
[ 2016-02-05T15:25:09+08:00 ] /pc_denglu.php?s=/Public/crateloginstr/ | INFO: Tag[ route_check ] --START--
[ 2016-02-05T15:25:09+08:00 ] /pc_denglu.php?s=/Public/crateloginstr/ | INFO: Run CheckRoute Behavior [ RunTime:0.005000s ]
[ 2016-02-05T15:25:09+08:00 ] /pc_denglu.php?s=/Public/crateloginstr/ | INFO: Tag[ route_check ] --END-- [ RunTime:0.005000s ]
[ 2016-02-05T15:25:09+08:00 ] /pc_denglu.php?s=/Public/crateloginstr/ | INFO: Tag[ app_begin ] --START--
[ 2016-02-05T15:25:09+08:00 ] /pc_denglu.php?s=/Public/crateloginstr/ | INFO: Run ReadHtmlCache Behavior [ RunTime:0.004000s ]
[ 2016-02-05T15:25:09+08:00 ] /pc_denglu.php?s=/Public/crateloginstr/ | INFO: Tag[ app_begin ] --END-- [ RunTime:0.004000s ]
[ 2016-02-05T15:25:09+08:00 ] /pc_denglu.php?s=/Public/crateloginstr/ | INFO: Tag[ app_end ] --START--
[ 2016-02-05T15:25:09+08:00 ] /pc_denglu.php?s=/Public/crateloginstr/ | INFO: Run SaveConfig Behavior [ RunTime:0.003000s ]
[ 2016-02-05T15:25:09+08:00 ] /pc_denglu.php?s=/Public/crateloginstr/ | INFO: Tag[ app_end ] --END-- [ RunTime:0.003000s ]
