[ 2016-01-18T14:18:01+08:00 ] /index.php?s=/Sec/debugSet/state/0 | ERR: (ThinkException) 非法操作debugSet
[ 2016-01-18T14:18:01+08:00 ] /index.php?s=/Sec/debugSet/state/0 | ERR: (ThinkException) [16-01-18 14:18:01] C:\WWW\dmsbeta\DmsAdmin\Lib\Action\Admin\CommonAction.class.php (131) Action->__call(debugSet, array)
[16-01-18 14:18:01]  () CommonAction->__call(debugSet, array)
[16-01-18 14:18:01]  () SecAction->debugSet()
[16-01-18 14:18:01] C:\WWW\dmsbeta\ThinkPHP\Lib\Core\App.class.php (133) call_user_func(array)
[16-01-18 14:18:01] C:\WWW\dmsbeta\ThinkPHP\Lib\Core\App.class.php (160) App::exec()
[16-01-18 14:18:01] C:\WWW\dmsbeta\ThinkPHP\Lib\Core\Think.class.php (48) App::run()
[16-01-18 14:18:01] C:\WWW\dmsbeta\ThinkPHP\Common\runtime.php (241) Think::Start()
[16-01-18 14:18:01] C:\WWW\dmsbeta\ThinkPHP\ThinkPHP.php (41) require(C:\WWW\dmsbeta\ThinkPHP\Common\runtime.php)
[16-01-18 14:18:01] C:\WWW\dmsbeta\public_html\index.php (20) require(C:\WWW\dmsbeta\ThinkPHP\ThinkPHP.php)

[ 2016-01-18T14:22:56+08:00 ] /index.php?s=/Sec/debugSet/state/0 | ERR: (ThinkException) 非法操作debugSet
[ 2016-01-18T14:22:56+08:00 ] /index.php?s=/Sec/debugSet/state/0 | ERR: (ThinkException) [16-01-18 14:22:01] C:\WWW\dmsbeta\DmsAdmin\Lib\Action\Admin\CommonAction.class.php (131) Action->__call(debugSet, array)
[16-01-18 14:22:01]  () CommonAction->__call(debugSet, array)
[16-01-18 14:22:01]  () SecAction->debugSet()
[16-01-18 14:22:01] C:\WWW\dmsbeta\ThinkPHP\Lib\Core\App.class.php (133) call_user_func(array)
[16-01-18 14:22:01] C:\WWW\dmsbeta\ThinkPHP\Lib\Core\App.class.php (160) App::exec()
[16-01-18 14:22:01] C:\WWW\dmsbeta\ThinkPHP\Lib\Core\Think.class.php (48) App::run()
[16-01-18 14:22:01] C:\WWW\dmsbeta\ThinkPHP\Common\runtime.php (241) Think::Start()
[16-01-18 14:22:01] C:\WWW\dmsbeta\ThinkPHP\ThinkPHP.php (41) require(C:\WWW\dmsbeta\ThinkPHP\Common\runtime.php)
[16-01-18 14:22:01] C:\WWW\dmsbeta\public_html\index.php (20) require(C:\WWW\dmsbeta\ThinkPHP\ThinkPHP.php)

