[ 2016-01-05T18:15:36+08:00 ] /index.php?s=/Sec/Sms&_=1451988936410 | ERR: (ThinkException) 非法操作Sms
[ 2016-01-05T18:15:36+08:00 ] /index.php?s=/Sec/Sms&_=1451988936410 | ERR: (ThinkException) [16-01-05 18:15:01] C:\WWW\dmsbeta\DmsAdmin\Lib\Action\Admin\CommonAction.class.php (131) Action->__call(Sms, array)
[16-01-05 18:15:01]  () CommonAction->__call(Sms, array)
[16-01-05 18:15:01]  () SecAction->Sms()
[16-01-05 18:15:01] C:\WWW\dmsbeta\ThinkPHP\Lib\Core\App.class.php (133) call_user_func(array)
[16-01-05 18:15:01] C:\WWW\dmsbeta\ThinkPHP\Lib\Core\App.class.php (160) App::exec()
[16-01-05 18:15:01] C:\WWW\dmsbeta\ThinkPHP\Lib\Core\Think.class.php (48) App::run()
[16-01-05 18:15:01] C:\WWW\dmsbeta\ThinkPHP\Common\runtime.php (241) Think::Start()
[16-01-05 18:15:01] C:\WWW\dmsbeta\ThinkPHP\ThinkPHP.php (41) require(C:\WWW\dmsbeta\ThinkPHP\Common\runtime.php)
[16-01-05 18:15:01] C:\WWW\dmsbeta\public_html\index.php (20) require(C:\WWW\dmsbeta\ThinkPHP\ThinkPHP.php)

[ 2016-01-05T18:47:54+08:00 ] /index.php?s=/Sec/debugSet/state/0 | ERR: (ThinkException) 非法操作debugSet
[ 2016-01-05T18:47:54+08:00 ] /index.php?s=/Sec/debugSet/state/0 | ERR: (ThinkException) [16-01-05 18:47:01] C:\WWW\dmsbeta\DmsAdmin\Lib\Action\Admin\CommonAction.class.php (131) Action->__call(debugSet, array)
[16-01-05 18:47:01]  () CommonAction->__call(debugSet, array)
[16-01-05 18:47:01]  () SecAction->debugSet()
[16-01-05 18:47:01] C:\WWW\dmsbeta\ThinkPHP\Lib\Core\App.class.php (133) call_user_func(array)
[16-01-05 18:47:01] C:\WWW\dmsbeta\ThinkPHP\Lib\Core\App.class.php (160) App::exec()
[16-01-05 18:47:01] C:\WWW\dmsbeta\ThinkPHP\Lib\Core\Think.class.php (48) App::run()
[16-01-05 18:47:01] C:\WWW\dmsbeta\ThinkPHP\Common\runtime.php (241) Think::Start()
[16-01-05 18:47:01] C:\WWW\dmsbeta\ThinkPHP\ThinkPHP.php (41) require(C:\WWW\dmsbeta\ThinkPHP\Common\runtime.php)
[16-01-05 18:47:01] C:\WWW\dmsbeta\public_html\index.php (20) require(C:\WWW\dmsbeta\ThinkPHP\ThinkPHP.php)

[ 2016-01-05T18:48:01+08:00 ] /index.php?s=/Sec/debugSet/state/0 | ERR: (ThinkException) 非法操作debugSet
[ 2016-01-05T18:48:01+08:00 ] /index.php?s=/Sec/debugSet/state/0 | ERR: (ThinkException) [16-01-05 18:48:01] C:\WWW\dmsbeta\DmsAdmin\Lib\Action\Admin\CommonAction.class.php (131) Action->__call(debugSet, array)
[16-01-05 18:48:01]  () CommonAction->__call(debugSet, array)
[16-01-05 18:48:01]  () SecAction->debugSet()
[16-01-05 18:48:01] C:\WWW\dmsbeta\ThinkPHP\Lib\Core\App.class.php (133) call_user_func(array)
[16-01-05 18:48:01] C:\WWW\dmsbeta\ThinkPHP\Lib\Core\App.class.php (160) App::exec()
[16-01-05 18:48:01] C:\WWW\dmsbeta\ThinkPHP\Lib\Core\Think.class.php (48) App::run()
[16-01-05 18:48:01] C:\WWW\dmsbeta\ThinkPHP\Common\runtime.php (241) Think::Start()
[16-01-05 18:48:01] C:\WWW\dmsbeta\ThinkPHP\ThinkPHP.php (41) require(C:\WWW\dmsbeta\ThinkPHP\Common\runtime.php)
[16-01-05 18:48:01] C:\WWW\dmsbeta\public_html\index.php (20) require(C:\WWW\dmsbeta\ThinkPHP\ThinkPHP.php)

[ 2016-01-05T19:40:37+08:00 ] /index.php?s=/Sec/MailLoginTest/mail/104978@qq.com/pass/lichang549774 | ERR: (ThinkException) 非法操作MailLoginTest
[ 2016-01-05T19:40:37+08:00 ] /index.php?s=/Sec/MailLoginTest/mail/104978@qq.com/pass/lichang549774 | ERR: (ThinkException) [16-01-05 19:40:01] C:\WWW\dmsbeta\DmsAdmin\Lib\Action\Admin\CommonAction.class.php (131) Action->__call(MailLoginTest, array)
[16-01-05 19:40:01]  () CommonAction->__call(MailLoginTest, array)
[16-01-05 19:40:01]  () SecAction->MailLoginTest()
[16-01-05 19:40:01] C:\WWW\dmsbeta\ThinkPHP\Lib\Core\App.class.php (133) call_user_func(array)
[16-01-05 19:40:01] C:\WWW\dmsbeta\ThinkPHP\Lib\Core\App.class.php (160) App::exec()
[16-01-05 19:40:01] C:\WWW\dmsbeta\ThinkPHP\Lib\Core\Think.class.php (48) App::run()
[16-01-05 19:40:01] C:\WWW\dmsbeta\ThinkPHP\Common\runtime.php (241) Think::Start()
[16-01-05 19:40:01] C:\WWW\dmsbeta\ThinkPHP\ThinkPHP.php (41) require(C:\WWW\dmsbeta\ThinkPHP\Common\runtime.php)
[16-01-05 19:40:01] C:\WWW\dmsbeta\public_html\index.php (20) require(C:\WWW\dmsbeta\ThinkPHP\ThinkPHP.php)

[ 2016-01-05T19:55:09+08:00 ] /index.php?s=/Sec/MailLoginTest/mail/104978@qq.com/pass/lichang549774 | ERR: (ThinkException) 非法操作MailLoginTest
[ 2016-01-05T19:55:09+08:00 ] /index.php?s=/Sec/MailLoginTest/mail/104978@qq.com/pass/lichang549774 | ERR: (ThinkException) [16-01-05 19:55:01] C:\WWW\dmsbeta\DmsAdmin\Lib\Action\Admin\CommonAction.class.php (131) Action->__call(MailLoginTest, array)
[16-01-05 19:55:01]  () CommonAction->__call(MailLoginTest, array)
[16-01-05 19:55:01]  () SecAction->MailLoginTest()
[16-01-05 19:55:01] C:\WWW\dmsbeta\ThinkPHP\Lib\Core\App.class.php (133) call_user_func(array)
[16-01-05 19:55:01] C:\WWW\dmsbeta\ThinkPHP\Lib\Core\App.class.php (160) App::exec()
[16-01-05 19:55:01] C:\WWW\dmsbeta\ThinkPHP\Lib\Core\Think.class.php (48) App::run()
[16-01-05 19:55:01] C:\WWW\dmsbeta\ThinkPHP\Common\runtime.php (241) Think::Start()
[16-01-05 19:55:01] C:\WWW\dmsbeta\ThinkPHP\ThinkPHP.php (41) require(C:\WWW\dmsbeta\ThinkPHP\Common\runtime.php)
[16-01-05 19:55:01] C:\WWW\dmsbeta\public_html\index.php (20) require(C:\WWW\dmsbeta\ThinkPHP\ThinkPHP.php)

