[ 2016-01-20T10:22:07+08:00 ] /index.php?s=/User/Sale/viewMyreg | ERR: (ThinkException) 非法操作viewMyreg
[ 2016-01-20T10:22:07+08:00 ] /index.php?s=/User/Sale/viewMyreg | ERR: (ThinkException) [16-01-20 10:22:01] C:\WWW\dmsbeta\DmsAdmin\Lib\Action\User\CommonAction.class.php (10) Action->__call(viewMyreg, array)
[16-01-20 10:22:01]  () CommonAction->__call(viewMyreg, array)
[16-01-20 10:22:01]  () SaleAction->viewMyreg()
[16-01-20 10:22:01] C:\WWW\dmsbeta\ThinkPHP\Lib\Core\App.class.php (133) call_user_func(array)
[16-01-20 10:22:01] C:\WWW\dmsbeta\ThinkPHP\Lib\Core\App.class.php (160) App::exec()
[16-01-20 10:22:01] C:\WWW\dmsbeta\ThinkPHP\Lib\Core\Think.class.php (48) App::run()
[16-01-20 10:22:01] C:\WWW\dmsbeta\ThinkPHP\Common\runtime.php (241) Think::Start()
[16-01-20 10:22:01] C:\WWW\dmsbeta\ThinkPHP\ThinkPHP.php (41) require(C:\WWW\dmsbeta\ThinkPHP\Common\runtime.php)
[16-01-20 10:22:01] C:\WWW\dmsbeta\public_html\index.php (20) require(C:\WWW\dmsbeta\ThinkPHP\ThinkPHP.php)

[ 2016-01-20T15:27:39+08:00 ] /index.php?s=/Cal/presettlementExecute | ERR: (ThinkException) 在进行升级操作时，使用了一个未知的大括号语法standard目前只支持,scratch,down,per,place,all,allsum,full
[ 2016-01-20T15:27:39+08:00 ] /index.php?s=/Cal/presettlementExecute | ERR: (ThinkException) [16-01-20 15:27:01] C:\WWW\dmsbeta\DmsAdmin\Lib\DMS\tle.class.php (277) levels->uplv(calStart, 1453305599)
[16-01-20 15:27:01] C:\WWW\dmsbeta\DmsAdmin\Lib\Action\Admin\CalAction.class.php (170) tle->cal(1453219200)
[16-01-20 15:27:01] C:\WWW\dmsbeta\DmsAdmin\Lib\Action\Admin\CalAction.class.php (74) CalAction->settlementExecute(NULL, NULL, array)
[16-01-20 15:27:01]  () CalAction->presettlementExecute()
[16-01-20 15:27:01] C:\WWW\dmsbeta\ThinkPHP\Lib\Core\App.class.php (133) call_user_func(array)
[16-01-20 15:27:01] C:\WWW\dmsbeta\ThinkPHP\Lib\Core\App.class.php (160) App::exec()
[16-01-20 15:27:01] C:\WWW\dmsbeta\ThinkPHP\Lib\Core\Think.class.php (48) App::run()
[16-01-20 15:27:01] C:\WWW\dmsbeta\ThinkPHP\Common\runtime.php (241) Think::Start()
[16-01-20 15:27:01] C:\WWW\dmsbeta\ThinkPHP\ThinkPHP.php (41) require(C:\WWW\dmsbeta\ThinkPHP\Common\runtime.php)
[16-01-20 15:27:01] C:\WWW\dmsbeta\public_html\index.php (20) require(C:\WWW\dmsbeta\ThinkPHP\ThinkPHP.php)

[ 2016-01-20T15:27:57+08:00 ] /index.php?s=/Cal/presettlementExecute | ERR: (ThinkException) 在进行升级操作时，使用了一个未知的大括号语法standard目前只支持,scratch,down,per,place,all,allsum,full
[ 2016-01-20T15:27:57+08:00 ] /index.php?s=/Cal/presettlementExecute | ERR: (ThinkException) [16-01-20 15:27:01] C:\WWW\dmsbeta\DmsAdmin\Lib\DMS\tle.class.php (277) levels->uplv(calStart, 1453305599)
[16-01-20 15:27:01] C:\WWW\dmsbeta\DmsAdmin\Lib\Action\Admin\CalAction.class.php (170) tle->cal(1453219200)
[16-01-20 15:27:01] C:\WWW\dmsbeta\DmsAdmin\Lib\Action\Admin\CalAction.class.php (74) CalAction->settlementExecute(NULL, NULL, array)
[16-01-20 15:27:01]  () CalAction->presettlementExecute()
[16-01-20 15:27:01] C:\WWW\dmsbeta\ThinkPHP\Lib\Core\App.class.php (133) call_user_func(array)
[16-01-20 15:27:01] C:\WWW\dmsbeta\ThinkPHP\Lib\Core\App.class.php (160) App::exec()
[16-01-20 15:27:01] C:\WWW\dmsbeta\ThinkPHP\Lib\Core\Think.class.php (48) App::run()
[16-01-20 15:27:01] C:\WWW\dmsbeta\ThinkPHP\Common\runtime.php (241) Think::Start()
[16-01-20 15:27:01] C:\WWW\dmsbeta\ThinkPHP\ThinkPHP.php (41) require(C:\WWW\dmsbeta\ThinkPHP\Common\runtime.php)
[16-01-20 15:27:01] C:\WWW\dmsbeta\public_html\index.php (20) require(C:\WWW\dmsbeta\ThinkPHP\ThinkPHP.php)

[ 2016-01-20T15:38:07+08:00 ] /index.php?s=/Cal/presettlementExecute | ERR: (ThinkException) Unknown column '个人业绩' in 'where clause'
[ 2016-01-20T15:38:07+08:00 ] /index.php?s=/Cal/presettlementExecute | ERR: (ThinkException) [16-01-20 15:38:01] C:\WWW\dmsbeta\ThinkPHP\Lib\Driver\Db\DbMysql.class.php (137) DbMysql->error()
[16-01-20 15:38:01] C:\WWW\dmsbeta\ThinkPHP\Lib\Core\Db.class.php (943) DbMysql->query(SELECT `id`,`编号` FROM `dms_会员` WHERE 个人业绩>=400  FOR UPDATE )
[16-01-20 15:38:01] C:\WWW\dmsbeta\ThinkPHP\Lib\Core\Model.class.php (557) Db->select(array)
[16-01-20 15:38:01] C:\WWW\dmsbeta\DmsAdmin\Lib\DMS\fun_standard.class.php (26) Model->select()
[16-01-20 15:38:01]  () fun_standard->event_cal(object, 1454169600)
[16-01-20 15:38:01] C:\WWW\dmsbeta\DmsAdmin\Lib\DMS\stru.class.php (332) call_user_func_array(array, array)
[16-01-20 15:38:01] C:\WWW\dmsbeta\DmsAdmin\Lib\DMS\tle.class.php (272) stru->callevent(cal, array)
[16-01-20 15:38:01] C:\WWW\dmsbeta\DmsAdmin\Lib\Action\Admin\CalAction.class.php (170) tle->cal(1454169600)
[16-01-20 15:38:01] C:\WWW\dmsbeta\DmsAdmin\Lib\Action\Admin\CalAction.class.php (74) CalAction->settlementExecute(NULL, NULL, array)
[16-01-20 15:38:01]  () CalAction->presettlementExecute()
[16-01-20 15:38:01] C:\WWW\dmsbeta\ThinkPHP\Lib\Core\App.class.php (133) call_user_func(array)
[16-01-20 15:38:01] C:\WWW\dmsbeta\ThinkPHP\Lib\Core\App.class.php (160) App::exec()
[16-01-20 15:38:01] C:\WWW\dmsbeta\ThinkPHP\Lib\Core\Think.class.php (48) App::run()
[16-01-20 15:38:01] C:\WWW\dmsbeta\ThinkPHP\Common\runtime.php (241) Think::Start()
[16-01-20 15:38:01] C:\WWW\dmsbeta\ThinkPHP\ThinkPHP.php (41) require(C:\WWW\dmsbeta\ThinkPHP\Common\runtime.php)
[16-01-20 15:38:01] C:\WWW\dmsbeta\public_html\index.php (20) require(C:\WWW\dmsbeta\ThinkPHP\ThinkPHP.php)

[ 2016-01-20T15:44:05+08:00 ] /index.php?s=/Cal/presettlementExecute | ERR: (ThinkException) Unknown column '个人业绩' in 'where clause'
[ 2016-01-20T15:44:05+08:00 ] /index.php?s=/Cal/presettlementExecute | ERR: (ThinkException) [16-01-20 15:44:01] C:\WWW\dmsbeta\ThinkPHP\Lib\Driver\Db\DbMysql.class.php (137) DbMysql->error()
[16-01-20 15:44:01] C:\WWW\dmsbeta\ThinkPHP\Lib\Core\Db.class.php (943) DbMysql->query(SELECT `id`,`编号` FROM `dms_会员` WHERE 个人业绩>=400  FOR UPDATE )
[16-01-20 15:44:01] C:\WWW\dmsbeta\ThinkPHP\Lib\Core\Model.class.php (557) Db->select(array)
[16-01-20 15:44:01] C:\WWW\dmsbeta\DmsAdmin\Lib\DMS\fun_standard.class.php (26) Model->select()
[16-01-20 15:44:01]  () fun_standard->event_cal(object, 1454169600)
[16-01-20 15:44:01] C:\WWW\dmsbeta\DmsAdmin\Lib\DMS\stru.class.php (332) call_user_func_array(array, array)
[16-01-20 15:44:01] C:\WWW\dmsbeta\DmsAdmin\Lib\DMS\tle.class.php (272) stru->callevent(cal, array)
[16-01-20 15:44:01] C:\WWW\dmsbeta\DmsAdmin\Lib\Action\Admin\CalAction.class.php (170) tle->cal(1454169600)
[16-01-20 15:44:01] C:\WWW\dmsbeta\DmsAdmin\Lib\Action\Admin\CalAction.class.php (74) CalAction->settlementExecute(NULL, NULL, array)
[16-01-20 15:44:01]  () CalAction->presettlementExecute()
[16-01-20 15:44:01] C:\WWW\dmsbeta\ThinkPHP\Lib\Core\App.class.php (133) call_user_func(array)
[16-01-20 15:44:01] C:\WWW\dmsbeta\ThinkPHP\Lib\Core\App.class.php (160) App::exec()
[16-01-20 15:44:01] C:\WWW\dmsbeta\ThinkPHP\Lib\Core\Think.class.php (48) App::run()
[16-01-20 15:44:01] C:\WWW\dmsbeta\ThinkPHP\Common\runtime.php (241) Think::Start()
[16-01-20 15:44:01] C:\WWW\dmsbeta\ThinkPHP\ThinkPHP.php (41) require(C:\WWW\dmsbeta\ThinkPHP\Common\runtime.php)
[16-01-20 15:44:01] C:\WWW\dmsbeta\public_html\index.php (20) require(C:\WWW\dmsbeta\ThinkPHP\ThinkPHP.php)

[ 2016-01-20T15:44:35+08:00 ] /index.php?s=/Cal/presettlementExecute | ERR: (ThinkException) Table 'dmsbeta.dms_考核' doesn't exist
[ 2016-01-20T15:44:35+08:00 ] /index.php?s=/Cal/presettlementExecute | ERR: (ThinkException) [16-01-20 15:44:01] C:\WWW\dmsbeta\ThinkPHP\Lib\Driver\Db\DbMysql.class.php (137) DbMysql->error()
[16-01-20 15:44:01] C:\WWW\dmsbeta\ThinkPHP\Lib\Driver\Db\DbMysql.class.php (307) DbMysql->query(SHOW COLUMNS FROM `dms_考核`)
[16-01-20 15:44:01] C:\WWW\dmsbeta\ThinkPHP\Lib\Core\Model.class.php (142) DbMysql->getFields(dms_考核)
[16-01-20 15:44:01] C:\WWW\dmsbeta\ThinkPHP\Lib\Core\Model.class.php (125) Model->flush()
[16-01-20 15:44:01] C:\WWW\dmsbeta\ThinkPHP\Lib\Core\Model.class.php (1262) Model->_checkTableInfo()
[16-01-20 15:44:01] C:\WWW\dmsbeta\ThinkPHP\Lib\Core\Model.class.php (102) Model->db(0, )
[16-01-20 15:44:01] C:\WWW\dmsbeta\ThinkPHP\Common\common.php (264) Model->__construct(考核, , )
[16-01-20 15:44:01] C:\WWW\dmsbeta\DmsAdmin\Lib\DMS\fun_standard.class.php (27) M(考核)
[16-01-20 15:44:01]  () fun_standard->event_cal(object, 1454169600)
[16-01-20 15:44:01] C:\WWW\dmsbeta\DmsAdmin\Lib\DMS\stru.class.php (332) call_user_func_array(array, array)
[16-01-20 15:44:01] C:\WWW\dmsbeta\DmsAdmin\Lib\DMS\tle.class.php (272) stru->callevent(cal, array)
[16-01-20 15:44:01] C:\WWW\dmsbeta\DmsAdmin\Lib\Action\Admin\CalAction.class.php (170) tle->cal(1454169600)
[16-01-20 15:44:01] C:\WWW\dmsbeta\DmsAdmin\Lib\Action\Admin\CalAction.class.php (74) CalAction->settlementExecute(NULL, NULL, array)
[16-01-20 15:44:01]  () CalAction->presettlementExecute()
[16-01-20 15:44:01] C:\WWW\dmsbeta\ThinkPHP\Lib\Core\App.class.php (133) call_user_func(array)
[16-01-20 15:44:01] C:\WWW\dmsbeta\ThinkPHP\Lib\Core\App.class.php (160) App::exec()
[16-01-20 15:44:01] C:\WWW\dmsbeta\ThinkPHP\Lib\Core\Think.class.php (48) App::run()
[16-01-20 15:44:01] C:\WWW\dmsbeta\ThinkPHP\Common\runtime.php (241) Think::Start()
[16-01-20 15:44:01] C:\WWW\dmsbeta\ThinkPHP\ThinkPHP.php (41) require(C:\WWW\dmsbeta\ThinkPHP\Common\runtime.php)
[16-01-20 15:44:01] C:\WWW\dmsbeta\public_html\index.php (20) require(C:\WWW\dmsbeta\ThinkPHP\ThinkPHP.php)

[ 2016-01-20T15:45:01+08:00 ] /index.php?s=/Cal/presettlementExecute | ERR: (ThinkException) Unknown column '日期' in 'where clause'
[ 2016-01-20T15:45:01+08:00 ] /index.php?s=/Cal/presettlementExecute | ERR: (ThinkException) [16-01-20 15:45:01] C:\WWW\dmsbeta\ThinkPHP\Lib\Driver\Db\DbMysql.class.php (137) DbMysql->error()
[16-01-20 15:45:01] C:\WWW\dmsbeta\ThinkPHP\Lib\Core\Db.class.php (943) DbMysql->query(SELECT `编号`,`连续` FROM `dms_考核` WHERE ( `日期` = 1451491200 ) AND ( `0` = '' )  FOR UPDATE )
[16-01-20 15:45:01] C:\WWW\dmsbeta\ThinkPHP\Lib\Core\Model.class.php (789) Db->select(array)
[16-01-20 15:45:01] C:\WWW\dmsbeta\DmsAdmin\Lib\DMS\fun_standard.class.php (27) Model->getField(编号,连续)
[16-01-20 15:45:01]  () fun_standard->event_cal(object, 1454169600)
[16-01-20 15:45:01] C:\WWW\dmsbeta\DmsAdmin\Lib\DMS\stru.class.php (332) call_user_func_array(array, array)
[16-01-20 15:45:01] C:\WWW\dmsbeta\DmsAdmin\Lib\DMS\tle.class.php (272) stru->callevent(cal, array)
[16-01-20 15:45:01] C:\WWW\dmsbeta\DmsAdmin\Lib\Action\Admin\CalAction.class.php (170) tle->cal(1454169600)
[16-01-20 15:45:01] C:\WWW\dmsbeta\DmsAdmin\Lib\Action\Admin\CalAction.class.php (74) CalAction->settlementExecute(NULL, NULL, array)
[16-01-20 15:45:01]  () CalAction->presettlementExecute()
[16-01-20 15:45:01] C:\WWW\dmsbeta\ThinkPHP\Lib\Core\App.class.php (133) call_user_func(array)
[16-01-20 15:45:01] C:\WWW\dmsbeta\ThinkPHP\Lib\Core\App.class.php (160) App::exec()
[16-01-20 15:45:01] C:\WWW\dmsbeta\ThinkPHP\Lib\Core\Think.class.php (48) App::run()
[16-01-20 15:45:01] C:\WWW\dmsbeta\ThinkPHP\Common\runtime.php (241) Think::Start()
[16-01-20 15:45:01] C:\WWW\dmsbeta\ThinkPHP\ThinkPHP.php (41) require(C:\WWW\dmsbeta\ThinkPHP\Common\runtime.php)
[16-01-20 15:45:01] C:\WWW\dmsbeta\public_html\index.php (20) require(C:\WWW\dmsbeta\ThinkPHP\ThinkPHP.php)

[ 2016-01-20T15:45:27+08:00 ] /index.php?s=/Cal/presettlementExecute | ERR: (ThinkException) Unknown column '0' in 'where clause'
[ 2016-01-20T15:45:27+08:00 ] /index.php?s=/Cal/presettlementExecute | ERR: (ThinkException) [16-01-20 15:45:01] C:\WWW\dmsbeta\ThinkPHP\Lib\Driver\Db\DbMysql.class.php (137) DbMysql->error()
[16-01-20 15:45:01] C:\WWW\dmsbeta\ThinkPHP\Lib\Core\Db.class.php (943) DbMysql->query(SELECT `编号`,`连续` FROM `dms_考核` WHERE ( `日期` = 1451491200 ) AND ( `0` = '' )  FOR UPDATE )
[16-01-20 15:45:01] C:\WWW\dmsbeta\ThinkPHP\Lib\Core\Model.class.php (789) Db->select(array)
[16-01-20 15:45:01] C:\WWW\dmsbeta\DmsAdmin\Lib\DMS\fun_standard.class.php (27) Model->getField(编号,连续)
[16-01-20 15:45:01]  () fun_standard->event_cal(object, 1454169600)
[16-01-20 15:45:01] C:\WWW\dmsbeta\DmsAdmin\Lib\DMS\stru.class.php (332) call_user_func_array(array, array)
[16-01-20 15:45:01] C:\WWW\dmsbeta\DmsAdmin\Lib\DMS\tle.class.php (272) stru->callevent(cal, array)
[16-01-20 15:45:01] C:\WWW\dmsbeta\DmsAdmin\Lib\Action\Admin\CalAction.class.php (170) tle->cal(1454169600)
[16-01-20 15:45:01] C:\WWW\dmsbeta\DmsAdmin\Lib\Action\Admin\CalAction.class.php (74) CalAction->settlementExecute(NULL, NULL, array)
[16-01-20 15:45:01]  () CalAction->presettlementExecute()
[16-01-20 15:45:01] C:\WWW\dmsbeta\ThinkPHP\Lib\Core\App.class.php (133) call_user_func(array)
[16-01-20 15:45:01] C:\WWW\dmsbeta\ThinkPHP\Lib\Core\App.class.php (160) App::exec()
[16-01-20 15:45:01] C:\WWW\dmsbeta\ThinkPHP\Lib\Core\Think.class.php (48) App::run()
[16-01-20 15:45:01] C:\WWW\dmsbeta\ThinkPHP\Common\runtime.php (241) Think::Start()
[16-01-20 15:45:01] C:\WWW\dmsbeta\ThinkPHP\ThinkPHP.php (41) require(C:\WWW\dmsbeta\ThinkPHP\Common\runtime.php)
[16-01-20 15:45:01] C:\WWW\dmsbeta\public_html\index.php (20) require(C:\WWW\dmsbeta\ThinkPHP\ThinkPHP.php)

[ 2016-01-20T15:50:07+08:00 ] /index.php?s=/Cal/presettlementExecute | ERR: (ThinkException) Column '编号' cannot be null
[ 2016-01-20T15:50:07+08:00 ] /index.php?s=/Cal/presettlementExecute | ERR: (ThinkException) [16-01-20 15:50:01] C:\WWW\dmsbeta\ThinkPHP\Lib\Driver\Db\DbMysql.class.php (178) DbMysql->error()
[16-01-20 15:50:01] C:\WWW\dmsbeta\ThinkPHP\Lib\Core\Model.class.php (1198) DbMysql->execute(INSERT INTO dms_考核 (`编号`,`日期`,`连续`) VALUE (null,1454169600,1))
[16-01-20 15:50:01] C:\WWW\dmsbeta\ThinkPHP\Lib\Core\Model.class.php (1718) Model->execute(INSERT INTO dms_考核 (`编号`,`日期`,`连续`) VALUE (null,1454169600,1))
[16-01-20 15:50:01] C:\WWW\dmsbeta\DmsAdmin\Lib\DMS\fun_standard.class.php (44) Model->bUpdate()
[16-01-20 15:50:01]  () fun_standard->event_cal(object, 1454169600)
[16-01-20 15:50:01] C:\WWW\dmsbeta\DmsAdmin\Lib\DMS\stru.class.php (332) call_user_func_array(array, array)
[16-01-20 15:50:01] C:\WWW\dmsbeta\DmsAdmin\Lib\DMS\tle.class.php (272) stru->callevent(cal, array)
[16-01-20 15:50:01] C:\WWW\dmsbeta\DmsAdmin\Lib\Action\Admin\CalAction.class.php (170) tle->cal(1454169600)
[16-01-20 15:50:01] C:\WWW\dmsbeta\DmsAdmin\Lib\Action\Admin\CalAction.class.php (74) CalAction->settlementExecute(NULL, NULL, array)
[16-01-20 15:50:01]  () CalAction->presettlementExecute()
[16-01-20 15:50:01] C:\WWW\dmsbeta\ThinkPHP\Lib\Core\App.class.php (133) call_user_func(array)
[16-01-20 15:50:01] C:\WWW\dmsbeta\ThinkPHP\Lib\Core\App.class.php (160) App::exec()
[16-01-20 15:50:01] C:\WWW\dmsbeta\ThinkPHP\Lib\Core\Think.class.php (48) App::run()
[16-01-20 15:50:01] C:\WWW\dmsbeta\ThinkPHP\Common\runtime.php (241) Think::Start()
[16-01-20 15:50:01] C:\WWW\dmsbeta\ThinkPHP\ThinkPHP.php (41) require(C:\WWW\dmsbeta\ThinkPHP\Common\runtime.php)
[16-01-20 15:50:01] C:\WWW\dmsbeta\public_html\index.php (20) require(C:\WWW\dmsbeta\ThinkPHP\ThinkPHP.php)

[ 2016-01-20T16:08:08+08:00 ] /index.php?s=/Cal/presettlementExecute | ERR: (ThinkException) Unknown column '连贯' in 'where clause'
[ 2016-01-20T16:08:08+08:00 ] /index.php?s=/Cal/presettlementExecute | ERR: (ThinkException) [16-01-20 16:08:01] C:\WWW\dmsbeta\ThinkPHP\Lib\Driver\Db\DbMysql.class.php (137) DbMysql->error()
[16-01-20 16:08:01] C:\WWW\dmsbeta\ThinkPHP\Lib\Core\Model.class.php (1181) DbMysql->query(select 编号 from `dms_考核` where 日期=1459439999 and 连贯>=3)
[16-01-20 16:08:01] C:\WWW\dmsbeta\DmsAdmin\Lib\DMS\levels.class.php (122) Model->query(select 编号 from `dms_考核` where 日期=1459439999 and 连贯>=3)
[16-01-20 16:08:01] C:\WWW\dmsbeta\DmsAdmin\Lib\DMS\tle.class.php (277) levels->uplv(calStart, 1459439999)
[16-01-20 16:08:01] C:\WWW\dmsbeta\DmsAdmin\Lib\Action\Admin\CalAction.class.php (170) tle->cal(1459353600)
[16-01-20 16:08:01] C:\WWW\dmsbeta\DmsAdmin\Lib\Action\Admin\CalAction.class.php (74) CalAction->settlementExecute(NULL, NULL, array)
[16-01-20 16:08:01]  () CalAction->presettlementExecute()
[16-01-20 16:08:01] C:\WWW\dmsbeta\ThinkPHP\Lib\Core\App.class.php (133) call_user_func(array)
[16-01-20 16:08:01] C:\WWW\dmsbeta\ThinkPHP\Lib\Core\App.class.php (160) App::exec()
[16-01-20 16:08:01] C:\WWW\dmsbeta\ThinkPHP\Lib\Core\Think.class.php (48) App::run()
[16-01-20 16:08:01] C:\WWW\dmsbeta\ThinkPHP\Common\runtime.php (241) Think::Start()
[16-01-20 16:08:01] C:\WWW\dmsbeta\ThinkPHP\ThinkPHP.php (41) require(C:\WWW\dmsbeta\ThinkPHP\Common\runtime.php)
[16-01-20 16:08:01] C:\WWW\dmsbeta\public_html\index.php (20) require(C:\WWW\dmsbeta\ThinkPHP\ThinkPHP.php)

[ 2016-01-20T16:08:20+08:00 ] /index.php?s=/Cal/presettlementExecute | ERR: (ThinkException) Unknown column '考核_上级编号' in 'field list'
[ 2016-01-20T16:08:20+08:00 ] /index.php?s=/Cal/presettlementExecute | ERR: (ThinkException) [16-01-20 16:08:01] C:\WWW\dmsbeta\ThinkPHP\Lib\Driver\Db\DbMysql.class.php (137) DbMysql->error()
[16-01-20 16:08:01] C:\WWW\dmsbeta\ThinkPHP\Lib\Core\Db.class.php (943) DbMysql->query(SELECT `id`,`管理级别` FROM dms_会员 a  inner join (select distinct 考核_上级编号 编号 from `dms_会员` where 3) b0 on a.编号=b0.编号  WHERE 管理级别<=5 and (1)  FOR UPDATE )
[16-01-20 16:08:01] C:\WWW\dmsbeta\ThinkPHP\Lib\Core\Model.class.php (557) Db->select(array)
[16-01-20 16:08:01] C:\WWW\dmsbeta\DmsAdmin\Lib\DMS\levels.class.php (207) Model->select()
[16-01-20 16:08:01] C:\WWW\dmsbeta\DmsAdmin\Lib\DMS\tle.class.php (277) levels->uplv(calStart, 1459439999)
[16-01-20 16:08:01] C:\WWW\dmsbeta\DmsAdmin\Lib\Action\Admin\CalAction.class.php (170) tle->cal(1459353600)
[16-01-20 16:08:01] C:\WWW\dmsbeta\DmsAdmin\Lib\Action\Admin\CalAction.class.php (74) CalAction->settlementExecute(NULL, NULL, array)
[16-01-20 16:08:01]  () CalAction->presettlementExecute()
[16-01-20 16:08:01] C:\WWW\dmsbeta\ThinkPHP\Lib\Core\App.class.php (133) call_user_func(array)
[16-01-20 16:08:01] C:\WWW\dmsbeta\ThinkPHP\Lib\Core\App.class.php (160) App::exec()
[16-01-20 16:08:01] C:\WWW\dmsbeta\ThinkPHP\Lib\Core\Think.class.php (48) App::run()
[16-01-20 16:08:01] C:\WWW\dmsbeta\ThinkPHP\Common\runtime.php (241) Think::Start()
[16-01-20 16:08:01] C:\WWW\dmsbeta\ThinkPHP\ThinkPHP.php (41) require(C:\WWW\dmsbeta\ThinkPHP\Common\runtime.php)
[16-01-20 16:08:01] C:\WWW\dmsbeta\public_html\index.php (20) require(C:\WWW\dmsbeta\ThinkPHP\ThinkPHP.php)

[ 2016-01-20T16:08:43+08:00 ] /index.php?s=/Cal/presettlementExecute | ERR: (ThinkException) Unknown column '考核_上级编号' in 'field list'
[ 2016-01-20T16:08:43+08:00 ] /index.php?s=/Cal/presettlementExecute | ERR: (ThinkException) [16-01-20 16:08:01] C:\WWW\dmsbeta\ThinkPHP\Lib\Driver\Db\DbMysql.class.php (137) DbMysql->error()
[16-01-20 16:08:01] C:\WWW\dmsbeta\ThinkPHP\Lib\Core\Db.class.php (943) DbMysql->query(SELECT `id`,`管理级别` FROM dms_会员 a  inner join (select distinct 考核_上级编号 编号 from `dms_会员` where 3) b0 on a.编号=b0.编号  WHERE 管理级别<=5 and (1)  FOR UPDATE )
[16-01-20 16:08:01] C:\WWW\dmsbeta\ThinkPHP\Lib\Core\Model.class.php (557) Db->select(array)
[16-01-20 16:08:01] C:\WWW\dmsbeta\DmsAdmin\Lib\DMS\levels.class.php (208) Model->select()
[16-01-20 16:08:01] C:\WWW\dmsbeta\DmsAdmin\Lib\DMS\tle.class.php (277) levels->uplv(calStart, 1459439999)
[16-01-20 16:08:01] C:\WWW\dmsbeta\DmsAdmin\Lib\Action\Admin\CalAction.class.php (170) tle->cal(1459353600)
[16-01-20 16:08:01] C:\WWW\dmsbeta\DmsAdmin\Lib\Action\Admin\CalAction.class.php (74) CalAction->settlementExecute(NULL, NULL, array)
[16-01-20 16:08:01]  () CalAction->presettlementExecute()
[16-01-20 16:08:01] C:\WWW\dmsbeta\ThinkPHP\Lib\Core\App.class.php (133) call_user_func(array)
[16-01-20 16:08:01] C:\WWW\dmsbeta\ThinkPHP\Lib\Core\App.class.php (160) App::exec()
[16-01-20 16:08:01] C:\WWW\dmsbeta\ThinkPHP\Lib\Core\Think.class.php (48) App::run()
[16-01-20 16:08:01] C:\WWW\dmsbeta\ThinkPHP\Common\runtime.php (241) Think::Start()
[16-01-20 16:08:01] C:\WWW\dmsbeta\ThinkPHP\ThinkPHP.php (41) require(C:\WWW\dmsbeta\ThinkPHP\Common\runtime.php)
[16-01-20 16:08:01] C:\WWW\dmsbeta\public_html\index.php (20) require(C:\WWW\dmsbeta\ThinkPHP\ThinkPHP.php)

[ 2016-01-20T16:10:48+08:00 ] /index.php?s=/Cal/presettlementExecute | ERR: (ThinkException) Unknown column '考核_上级编号' in 'field list'
[ 2016-01-20T16:10:48+08:00 ] /index.php?s=/Cal/presettlementExecute | ERR: (ThinkException) [16-01-20 16:10:01] C:\WWW\dmsbeta\ThinkPHP\Lib\Driver\Db\DbMysql.class.php (137) DbMysql->error()
[16-01-20 16:10:01] C:\WWW\dmsbeta\ThinkPHP\Lib\Core\Db.class.php (943) DbMysql->query(SELECT `id`,`管理级别` FROM dms_会员 a  inner join (select distinct 考核_上级编号 编号 from `dms_会员` where 3) b0 on a.编号=b0.编号  WHERE 管理级别<=5 and (1)  FOR UPDATE )
[16-01-20 16:10:01] C:\WWW\dmsbeta\ThinkPHP\Lib\Core\Model.class.php (557) Db->select(array)
[16-01-20 16:10:01] C:\WWW\dmsbeta\DmsAdmin\Lib\DMS\levels.class.php (210) Model->select()
[16-01-20 16:10:01] C:\WWW\dmsbeta\DmsAdmin\Lib\DMS\tle.class.php (277) levels->uplv(calStart, 1459439999)
[16-01-20 16:10:01] C:\WWW\dmsbeta\DmsAdmin\Lib\Action\Admin\CalAction.class.php (170) tle->cal(1459353600)
[16-01-20 16:10:01] C:\WWW\dmsbeta\DmsAdmin\Lib\Action\Admin\CalAction.class.php (74) CalAction->settlementExecute(NULL, NULL, array)
[16-01-20 16:10:01]  () CalAction->presettlementExecute()
[16-01-20 16:10:01] C:\WWW\dmsbeta\ThinkPHP\Lib\Core\App.class.php (133) call_user_func(array)
[16-01-20 16:10:01] C:\WWW\dmsbeta\ThinkPHP\Lib\Core\App.class.php (160) App::exec()
[16-01-20 16:10:01] C:\WWW\dmsbeta\ThinkPHP\Lib\Core\Think.class.php (48) App::run()
[16-01-20 16:10:01] C:\WWW\dmsbeta\ThinkPHP\Common\runtime.php (241) Think::Start()
[16-01-20 16:10:01] C:\WWW\dmsbeta\ThinkPHP\ThinkPHP.php (41) require(C:\WWW\dmsbeta\ThinkPHP\Common\runtime.php)
[16-01-20 16:10:01] C:\WWW\dmsbeta\public_html\index.php (20) require(C:\WWW\dmsbeta\ThinkPHP\ThinkPHP.php)

[ 2016-01-20T16:11:13+08:00 ] /index.php?s=/Cal/presettlementExecute | ERR: (ThinkException) Unknown column '考核_上级编号' in 'field list'
[ 2016-01-20T16:11:13+08:00 ] /index.php?s=/Cal/presettlementExecute | ERR: (ThinkException) [16-01-20 16:11:01] C:\WWW\dmsbeta\ThinkPHP\Lib\Driver\Db\DbMysql.class.php (137) DbMysql->error()
[16-01-20 16:11:01] C:\WWW\dmsbeta\ThinkPHP\Lib\Core\Db.class.php (943) DbMysql->query(SELECT `id`,`管理级别` FROM dms_会员 a  inner join (select distinct 考核_上级编号 编号 from `dms_会员` where 3) b0 on a.编号=b0.编号  WHERE 管理级别<=5 and (1)  FOR UPDATE )
[16-01-20 16:11:01] C:\WWW\dmsbeta\ThinkPHP\Lib\Core\Model.class.php (557) Db->select(array)
[16-01-20 16:11:01] C:\WWW\dmsbeta\DmsAdmin\Lib\DMS\levels.class.php (209) Model->select()
[16-01-20 16:11:01] C:\WWW\dmsbeta\DmsAdmin\Lib\DMS\tle.class.php (277) levels->uplv(calStart, 1459439999)
[16-01-20 16:11:01] C:\WWW\dmsbeta\DmsAdmin\Lib\Action\Admin\CalAction.class.php (170) tle->cal(1459353600)
[16-01-20 16:11:01] C:\WWW\dmsbeta\DmsAdmin\Lib\Action\Admin\CalAction.class.php (74) CalAction->settlementExecute(NULL, NULL, array)
[16-01-20 16:11:01]  () CalAction->presettlementExecute()
[16-01-20 16:11:01] C:\WWW\dmsbeta\ThinkPHP\Lib\Core\App.class.php (133) call_user_func(array)
[16-01-20 16:11:01] C:\WWW\dmsbeta\ThinkPHP\Lib\Core\App.class.php (160) App::exec()
[16-01-20 16:11:01] C:\WWW\dmsbeta\ThinkPHP\Lib\Core\Think.class.php (48) App::run()
[16-01-20 16:11:01] C:\WWW\dmsbeta\ThinkPHP\Common\runtime.php (241) Think::Start()
[16-01-20 16:11:01] C:\WWW\dmsbeta\ThinkPHP\ThinkPHP.php (41) require(C:\WWW\dmsbeta\ThinkPHP\Common\runtime.php)
[16-01-20 16:11:01] C:\WWW\dmsbeta\public_html\index.php (20) require(C:\WWW\dmsbeta\ThinkPHP\ThinkPHP.php)

