[ 2016-01-04T18:02:36+08:00 ] /index.php?s=/Sec/debugSet/state/0&_=1451901756419 | ERR: (ThinkException) 非法操作debugSet
[ 2016-01-04T18:02:36+08:00 ] /index.php?s=/Sec/debugSet/state/0&_=1451901756419 | ERR: (ThinkException) [16-01-04 18:02:01] C:\WWW\dmsbeta\DmsAdmin\Lib\Action\Admin\CommonAction.class.php (131) Action->__call(debugSet, array)
[16-01-04 18:02:01]  () CommonAction->__call(debugSet, array)
[16-01-04 18:02:01]  () SecAction->debugSet()
[16-01-04 18:02:01] C:\WWW\dmsbeta\ThinkPHP\Lib\Core\App.class.php (133) call_user_func(array)
[16-01-04 18:02:01] C:\WWW\dmsbeta\ThinkPHP\Lib\Core\App.class.php (160) App::exec()
[16-01-04 18:02:01] C:\WWW\dmsbeta\ThinkPHP\Lib\Core\Think.class.php (48) App::run()
[16-01-04 18:02:01] C:\WWW\dmsbeta\ThinkPHP\Common\runtime.php (241) Think::Start()
[16-01-04 18:02:01] C:\WWW\dmsbeta\ThinkPHP\ThinkPHP.php (41) require(C:\WWW\dmsbeta\ThinkPHP\Common\runtime.php)
[16-01-04 18:02:01] C:\WWW\dmsbeta\public_html\index.php (20) require(C:\WWW\dmsbeta\ThinkPHP\ThinkPHP.php)

[ 2016-01-04T18:03:39+08:00 ] /index.php?s=/Sec/Voice&_=1451901819796 | ERR: (ThinkException) 非法操作Voice
[ 2016-01-04T18:03:39+08:00 ] /index.php?s=/Sec/Voice&_=1451901819796 | ERR: (ThinkException) [16-01-04 18:03:01] C:\WWW\dmsbeta\DmsAdmin\Lib\Action\Admin\CommonAction.class.php (131) Action->__call(Voice, array)
[16-01-04 18:03:01]  () CommonAction->__call(Voice, array)
[16-01-04 18:03:01]  () SecAction->Voice()
[16-01-04 18:03:01] C:\WWW\dmsbeta\ThinkPHP\Lib\Core\App.class.php (133) call_user_func(array)
[16-01-04 18:03:01] C:\WWW\dmsbeta\ThinkPHP\Lib\Core\App.class.php (160) App::exec()
[16-01-04 18:03:01] C:\WWW\dmsbeta\ThinkPHP\Lib\Core\Think.class.php (48) App::run()
[16-01-04 18:03:01] C:\WWW\dmsbeta\ThinkPHP\Common\runtime.php (241) Think::Start()
[16-01-04 18:03:01] C:\WWW\dmsbeta\ThinkPHP\ThinkPHP.php (41) require(C:\WWW\dmsbeta\ThinkPHP\Common\runtime.php)
[16-01-04 18:03:01] C:\WWW\dmsbeta\public_html\index.php (20) require(C:\WWW\dmsbeta\ThinkPHP\ThinkPHP.php)

[ 2016-01-04T18:43:22+08:00 ] /index.php?s=/Sec/VoiceTest/account_sid//auth_token/undefined/app_id/undefined | ERR: (ThinkException) 非法操作VoiceTest
[ 2016-01-04T18:43:22+08:00 ] /index.php?s=/Sec/VoiceTest/account_sid//auth_token/undefined/app_id/undefined | ERR: (ThinkException) [16-01-04 18:43:01] C:\WWW\dmsbeta\DmsAdmin\Lib\Action\Admin\CommonAction.class.php (131) Action->__call(VoiceTest, array)
[16-01-04 18:43:01]  () CommonAction->__call(VoiceTest, array)
[16-01-04 18:43:01]  () SecAction->VoiceTest()
[16-01-04 18:43:01] C:\WWW\dmsbeta\ThinkPHP\Lib\Core\App.class.php (133) call_user_func(array)
[16-01-04 18:43:01] C:\WWW\dmsbeta\ThinkPHP\Lib\Core\App.class.php (160) App::exec()
[16-01-04 18:43:01] C:\WWW\dmsbeta\ThinkPHP\Lib\Core\Think.class.php (48) App::run()
[16-01-04 18:43:01] C:\WWW\dmsbeta\ThinkPHP\Common\runtime.php (241) Think::Start()
[16-01-04 18:43:01] C:\WWW\dmsbeta\ThinkPHP\ThinkPHP.php (41) require(C:\WWW\dmsbeta\ThinkPHP\Common\runtime.php)
[16-01-04 18:43:01] C:\WWW\dmsbeta\public_html\index.php (20) require(C:\WWW\dmsbeta\ThinkPHP\ThinkPHP.php)

[ 2016-01-04T18:43:33+08:00 ] /index.php?s=/Sec/VoiceTest/account_sid/543543/auth_token/undefined/app_id/undefined | ERR: (ThinkException) 非法操作VoiceTest
[ 2016-01-04T18:43:33+08:00 ] /index.php?s=/Sec/VoiceTest/account_sid/543543/auth_token/undefined/app_id/undefined | ERR: (ThinkException) [16-01-04 18:43:01] C:\WWW\dmsbeta\DmsAdmin\Lib\Action\Admin\CommonAction.class.php (131) Action->__call(VoiceTest, array)
[16-01-04 18:43:01]  () CommonAction->__call(VoiceTest, array)
[16-01-04 18:43:01]  () SecAction->VoiceTest()
[16-01-04 18:43:01] C:\WWW\dmsbeta\ThinkPHP\Lib\Core\App.class.php (133) call_user_func(array)
[16-01-04 18:43:01] C:\WWW\dmsbeta\ThinkPHP\Lib\Core\App.class.php (160) App::exec()
[16-01-04 18:43:01] C:\WWW\dmsbeta\ThinkPHP\Lib\Core\Think.class.php (48) App::run()
[16-01-04 18:43:01] C:\WWW\dmsbeta\ThinkPHP\Common\runtime.php (241) Think::Start()
[16-01-04 18:43:01] C:\WWW\dmsbeta\ThinkPHP\ThinkPHP.php (41) require(C:\WWW\dmsbeta\ThinkPHP\Common\runtime.php)
[16-01-04 18:43:01] C:\WWW\dmsbeta\public_html\index.php (20) require(C:\WWW\dmsbeta\ThinkPHP\ThinkPHP.php)

[ 2016-01-04T18:43:38+08:00 ] /index.php?s=/Sec/VoiceTest/account_sid/543543/auth_token/undefined/app_id/undefined | ERR: (ThinkException) 非法操作VoiceTest
[ 2016-01-04T18:43:38+08:00 ] /index.php?s=/Sec/VoiceTest/account_sid/543543/auth_token/undefined/app_id/undefined | ERR: (ThinkException) [16-01-04 18:43:01] C:\WWW\dmsbeta\DmsAdmin\Lib\Action\Admin\CommonAction.class.php (131) Action->__call(VoiceTest, array)
[16-01-04 18:43:01]  () CommonAction->__call(VoiceTest, array)
[16-01-04 18:43:01]  () SecAction->VoiceTest()
[16-01-04 18:43:01] C:\WWW\dmsbeta\ThinkPHP\Lib\Core\App.class.php (133) call_user_func(array)
[16-01-04 18:43:01] C:\WWW\dmsbeta\ThinkPHP\Lib\Core\App.class.php (160) App::exec()
[16-01-04 18:43:01] C:\WWW\dmsbeta\ThinkPHP\Lib\Core\Think.class.php (48) App::run()
[16-01-04 18:43:01] C:\WWW\dmsbeta\ThinkPHP\Common\runtime.php (241) Think::Start()
[16-01-04 18:43:01] C:\WWW\dmsbeta\ThinkPHP\ThinkPHP.php (41) require(C:\WWW\dmsbeta\ThinkPHP\Common\runtime.php)
[16-01-04 18:43:01] C:\WWW\dmsbeta\public_html\index.php (20) require(C:\WWW\dmsbeta\ThinkPHP\ThinkPHP.php)

[ 2016-01-04T18:44:46+08:00 ] /index.php?s=/Sec/VoiceTest/account_sid/1/auth_token/2/app_id/3/phone_number/4 | ERR: (ThinkException) 非法操作VoiceTest
[ 2016-01-04T18:44:46+08:00 ] /index.php?s=/Sec/VoiceTest/account_sid/1/auth_token/2/app_id/3/phone_number/4 | ERR: (ThinkException) [16-01-04 18:44:01] C:\WWW\dmsbeta\DmsAdmin\Lib\Action\Admin\CommonAction.class.php (131) Action->__call(VoiceTest, array)
[16-01-04 18:44:01]  () CommonAction->__call(VoiceTest, array)
[16-01-04 18:44:01]  () SecAction->VoiceTest()
[16-01-04 18:44:01] C:\WWW\dmsbeta\ThinkPHP\Lib\Core\App.class.php (133) call_user_func(array)
[16-01-04 18:44:01] C:\WWW\dmsbeta\ThinkPHP\Lib\Core\App.class.php (160) App::exec()
[16-01-04 18:44:01] C:\WWW\dmsbeta\ThinkPHP\Lib\Core\Think.class.php (48) App::run()
[16-01-04 18:44:01] C:\WWW\dmsbeta\ThinkPHP\Common\runtime.php (241) Think::Start()
[16-01-04 18:44:01] C:\WWW\dmsbeta\ThinkPHP\ThinkPHP.php (41) require(C:\WWW\dmsbeta\ThinkPHP\Common\runtime.php)
[16-01-04 18:44:01] C:\WWW\dmsbeta\public_html\index.php (20) require(C:\WWW\dmsbeta\ThinkPHP\ThinkPHP.php)

[ 2016-01-04T19:27:15+08:00 ] /index.php?s=/Sec/VoiceSave | ERR: (ThinkException) 警告：此操作不在事务中
[ 2016-01-04T19:27:15+08:00 ] /index.php?s=/Sec/VoiceSave | ERR: (ThinkException) [16-01-04 19:27:01] C:\WWW\dmsbeta\ThinkPHP\Lib\Core\Model.class.php (1198) DbMysql->execute(update `config` set `data`='i:1;' where id=62)
[16-01-04 19:27:01] C:\WWW\dmsbeta\function.php (555) Model->execute(update `config` set `data`='i:1;' where id=62)
[16-01-04 19:27:01] C:\WWW\dmsbeta\DmsAdmin\Lib\Action\Admin\SecAction.class.php (45) CONFIG(VOICE_STATUS, 1)
[16-01-04 19:27:01]  () SecAction->VoiceSave()
[16-01-04 19:27:01] C:\WWW\dmsbeta\ThinkPHP\Lib\Core\App.class.php (133) call_user_func(array)
[16-01-04 19:27:01] C:\WWW\dmsbeta\ThinkPHP\Lib\Core\App.class.php (160) App::exec()
[16-01-04 19:27:01] C:\WWW\dmsbeta\ThinkPHP\Lib\Core\Think.class.php (48) App::run()
[16-01-04 19:27:01] C:\WWW\dmsbeta\ThinkPHP\Common\runtime.php (241) Think::Start()
[16-01-04 19:27:01] C:\WWW\dmsbeta\ThinkPHP\ThinkPHP.php (41) require(C:\WWW\dmsbeta\ThinkPHP\Common\runtime.php)
[16-01-04 19:27:01] C:\WWW\dmsbeta\public_html\index.php (20) require(C:\WWW\dmsbeta\ThinkPHP\ThinkPHP.php)

