[ 2016-01-22T10:22:52+08:00 ] /index.php?s=/User/Transfer/giveSave | ERR: (ThinkException) Unknown column 'wu' in 'where clause'
[ 2016-01-22T10:22:52+08:00 ] /index.php?s=/User/Transfer/giveSave | ERR: (ThinkException) [16-01-22 10:22:01] C:\WWW\dmsbeta\ThinkPHP\Lib\Driver\Db\DbMysql.class.php (137) DbMysql->error()
[16-01-22 10:22:01] C:\WWW\dmsbeta\ThinkPHP\Lib\Core\Db.class.php (943) DbMysql->query(SELECT * FROM `dms_转账设置` WHERE ( `id` = '1' ) AND ( `wu` = 1 ) AND ( `status` = 1 ) LIMIT 1  )
[16-01-22 10:22:01] C:\WWW\dmsbeta\ThinkPHP\Lib\Core\Model.class.php (673) Db->select(array)
[16-01-22 10:22:01] C:\WWW\dmsbeta\DmsAdmin\Lib\Action\User\TransferAction.class.php (60) Model->find()
[16-01-22 10:22:01]  () TransferAction->giveSave()
[16-01-22 10:22:01] C:\WWW\dmsbeta\ThinkPHP\Lib\Core\App.class.php (133) call_user_func(array)
[16-01-22 10:22:01] C:\WWW\dmsbeta\ThinkPHP\Lib\Core\App.class.php (160) App::exec()
[16-01-22 10:22:01] C:\WWW\dmsbeta\ThinkPHP\Lib\Core\Think.class.php (48) App::run()
[16-01-22 10:22:01] C:\WWW\dmsbeta\ThinkPHP\Common\runtime.php (241) Think::Start()
[16-01-22 10:22:01] C:\WWW\dmsbeta\ThinkPHP\ThinkPHP.php (41) require(C:\WWW\dmsbeta\ThinkPHP\Common\runtime.php)
[16-01-22 10:22:01] C:\WWW\dmsbeta\public_html\index.php (20) require(C:\WWW\dmsbeta\ThinkPHP\ThinkPHP.php)

[ 2016-01-22T10:22:59+08:00 ] /index.php?s=/User/Transfer/giveSave | ERR: (ThinkException) Unknown column 'wu' in 'where clause'
[ 2016-01-22T10:22:59+08:00 ] /index.php?s=/User/Transfer/giveSave | ERR: (ThinkException) [16-01-22 10:22:01] C:\WWW\dmsbeta\ThinkPHP\Lib\Driver\Db\DbMysql.class.php (137) DbMysql->error()
[16-01-22 10:22:01] C:\WWW\dmsbeta\ThinkPHP\Lib\Core\Db.class.php (943) DbMysql->query(SELECT * FROM `dms_转账设置` WHERE ( `id` = '1' ) AND ( `wu` = 1 ) AND ( `status` = 1 ) LIMIT 1  )
[16-01-22 10:22:01] C:\WWW\dmsbeta\ThinkPHP\Lib\Core\Model.class.php (673) Db->select(array)
[16-01-22 10:22:01] C:\WWW\dmsbeta\DmsAdmin\Lib\Action\User\TransferAction.class.php (60) Model->find()
[16-01-22 10:22:01]  () TransferAction->giveSave()
[16-01-22 10:22:01] C:\WWW\dmsbeta\ThinkPHP\Lib\Core\App.class.php (133) call_user_func(array)
[16-01-22 10:22:01] C:\WWW\dmsbeta\ThinkPHP\Lib\Core\App.class.php (160) App::exec()
[16-01-22 10:22:01] C:\WWW\dmsbeta\ThinkPHP\Lib\Core\Think.class.php (48) App::run()
[16-01-22 10:22:01] C:\WWW\dmsbeta\ThinkPHP\Common\runtime.php (241) Think::Start()
[16-01-22 10:22:01] C:\WWW\dmsbeta\ThinkPHP\ThinkPHP.php (41) require(C:\WWW\dmsbeta\ThinkPHP\Common\runtime.php)
[16-01-22 10:22:01] C:\WWW\dmsbeta\public_html\index.php (20) require(C:\WWW\dmsbeta\ThinkPHP\ThinkPHP.php)

[ 2016-01-22T10:23:04+08:00 ] /index.php?s=/User/Transfer/giveSave | ERR: (ThinkException) Unknown column 'wu' in 'where clause'
[ 2016-01-22T10:23:04+08:00 ] /index.php?s=/User/Transfer/giveSave | ERR: (ThinkException) [16-01-22 10:23:01] C:\WWW\dmsbeta\ThinkPHP\Lib\Driver\Db\DbMysql.class.php (137) DbMysql->error()
[16-01-22 10:23:01] C:\WWW\dmsbeta\ThinkPHP\Lib\Core\Db.class.php (943) DbMysql->query(SELECT * FROM `dms_转账设置` WHERE ( `id` = '1' ) AND ( `wu` = 1 ) AND ( `status` = 1 ) LIMIT 1  )
[16-01-22 10:23:01] C:\WWW\dmsbeta\ThinkPHP\Lib\Core\Model.class.php (673) Db->select(array)
[16-01-22 10:23:01] C:\WWW\dmsbeta\DmsAdmin\Lib\Action\User\TransferAction.class.php (60) Model->find()
[16-01-22 10:23:01]  () TransferAction->giveSave()
[16-01-22 10:23:01] C:\WWW\dmsbeta\ThinkPHP\Lib\Core\App.class.php (133) call_user_func(array)
[16-01-22 10:23:01] C:\WWW\dmsbeta\ThinkPHP\Lib\Core\App.class.php (160) App::exec()
[16-01-22 10:23:01] C:\WWW\dmsbeta\ThinkPHP\Lib\Core\Think.class.php (48) App::run()
[16-01-22 10:23:01] C:\WWW\dmsbeta\ThinkPHP\Common\runtime.php (241) Think::Start()
[16-01-22 10:23:01] C:\WWW\dmsbeta\ThinkPHP\ThinkPHP.php (41) require(C:\WWW\dmsbeta\ThinkPHP\Common\runtime.php)
[16-01-22 10:23:01] C:\WWW\dmsbeta\public_html\index.php (20) require(C:\WWW\dmsbeta\ThinkPHP\ThinkPHP.php)

[ 2016-01-22T16:20:33+08:00 ] /index.php?s=/Tools/userInsert | ERR: (ThinkException) Duplicate column name 'id'
[ 2016-01-22T16:20:33+08:00 ] /index.php?s=/Tools/userInsert | ERR: (ThinkException) [16-01-22 16:20:01] C:\WWW\dmsbeta\ThinkPHP\Lib\Driver\Db\DbMysql.class.php (137) DbMysql->error()
[16-01-22 16:20:01] C:\WWW\dmsbeta\ThinkPHP\Lib\Core\Model.class.php (1181) DbMysql->query(select * from( SELECT id,编号,会员级别,id,'左' as region  FROM `dms_会员` WHERE 管理_层数=2 and 空点=0 and 状态='有效' and 审核日期<1453478400  and  管理_网体数据 like '1-左%' order by 审核日期 asc  limit 1) a0 UNION ALL select * from( SELECT id,编号,会员级别,id,'右' as region  FROM `dms_会员` WHERE 管理_层数=2 and 空点=0 and 状态='有效' and 审核日期<1453478400  and  管理_网体数据 like '1-右%' order by 审核日期 asc  limit 1) a1)
[16-01-22 16:20:01] C:\WWW\dmsbeta\DmsAdmin\Lib\DMS\prize_layer.class.php (192) Model->query(select * from( SELECT id,编号,会员级别,id,'左' as region  FROM `dms_会员` WHERE 管理_层数=2 and 空点=0 and 状态='有效' and 审核日期<1453478400  and  管理_网体数据 like '1-左%' order by 审核日期 asc  limit 1) a0 UNION ALL select * from( SELECT id,编号,会员级别,id,'右' as region  FROM `dms_会员` WHERE 管理_层数=2 and 空点=0 and 状态='有效' and 审核日期<1453478400  and  管理_网体数据 like '1-右%' order by 审核日期 asc  limit 1) a1)
[16-01-22 16:20:01] C:\WWW\dmsbeta\DmsAdmin\Lib\DMS\prize_layer.class.php (124) prize_layer->calculate(object, array, 2, array, 0, 2, array, boolean)
[16-01-22 16:20:01] C:\WWW\dmsbeta\DmsAdmin\Lib\DMS\tle.class.php (287) prize_layer->cal()
[16-01-22 16:20:01] C:\WWW\dmsbeta\DmsAdmin\Lib\Action\Admin\CalAction.class.php (170) tle->cal(1453392000)
[16-01-22 16:20:01]  () CalAction->settlementExecute(1453392000, boolean)
[16-01-22 16:20:01] C:\WWW\dmsbeta\ThinkPHP\Common\common.php (305) call_user_func_array(array, array)
[16-01-22 16:20:01] C:\WWW\dmsbeta\DmsAdmin\Lib\Action\Admin\ToolsAction.class.php (594) R(DmsAdmin://Admin/Cal/settlementExecute, array)
[16-01-22 16:20:01]  () ToolsAction->userInsert()
[16-01-22 16:20:01] C:\WWW\dmsbeta\ThinkPHP\Lib\Core\App.class.php (133) call_user_func(array)
[16-01-22 16:20:01] C:\WWW\dmsbeta\ThinkPHP\Lib\Core\App.class.php (160) App::exec()
[16-01-22 16:20:01] C:\WWW\dmsbeta\ThinkPHP\Lib\Core\Think.class.php (48) App::run()
[16-01-22 16:20:01] C:\WWW\dmsbeta\ThinkPHP\Common\runtime.php (241) Think::Start()
[16-01-22 16:20:01] C:\WWW\dmsbeta\ThinkPHP\ThinkPHP.php (41) require(C:\WWW\dmsbeta\ThinkPHP\Common\runtime.php)
[16-01-22 16:20:01] C:\WWW\dmsbeta\public_html\index.php (20) require(C:\WWW\dmsbeta\ThinkPHP\ThinkPHP.php)

