[ 2016-02-18T00:09:43+00:00 ] /xsinst.php | INFO: Tag[ app_init ] --START--
[ 2016-02-18T00:09:43+00:00 ] /xsinst.php | INFO: Run XSS Behavior [ RunTime:0.000411s ]
[ 2016-02-18T00:09:43+00:00 ] /xsinst.php | INFO: Tag[ app_init ] --END-- [ RunTime:0.000495s ]
[ 2016-02-18T08:09:43+08:00 ] /xsinst.php | INFO: Tag[ app_begin ] --START--
[ 2016-02-18T08:09:43+08:00 ] /xsinst.php | INFO: Run ReadHtmlCache Behavior [ RunTime:0.000447s ]
[ 2016-02-18T08:09:43+08:00 ] /xsinst.php | INFO: Tag[ app_begin ] --END-- [ RunTime:0.000488s ]
[ 2016-02-18T08:09:43+08:00 ] /xsinst.php | INFO: Tag[ app_end ] --START--
[ 2016-02-18T08:09:43+08:00 ] /xsinst.php | INFO: Run SaveConfig Behavior [ RunTime:0.118024s ]
[ 2016-02-18T08:09:43+08:00 ] /xsinst.php | INFO: Tag[ app_end ] --END-- [ RunTime:0.118091s ]
[ 2016-02-18T00:09:43+00:00 ] /xsinst.php?s=/Install/index | INFO: Tag[ app_init ] --START--
[ 2016-02-18T00:09:43+00:00 ] /xsinst.php?s=/Install/index | INFO: Run XSS Behavior [ RunTime:0.000969s ]
[ 2016-02-18T00:09:43+00:00 ] /xsinst.php?s=/Install/index | INFO: Tag[ app_init ] --END-- [ RunTime:0.001085s ]
[ 2016-02-18T08:09:43+08:00 ] /xsinst.php?s=/Install/index | INFO: Tag[ route_check ] --START--
[ 2016-02-18T08:09:43+08:00 ] /xsinst.php?s=/Install/index | INFO: Run CheckRoute Behavior [ RunTime:0.000857s ]
[ 2016-02-18T08:09:43+08:00 ] /xsinst.php?s=/Install/index | INFO: Tag[ route_check ] --END-- [ RunTime:0.000922s ]
[ 2016-02-18T08:09:43+08:00 ] /xsinst.php?s=/Install/index | INFO: Tag[ app_begin ] --START--
[ 2016-02-18T08:09:43+08:00 ] /xsinst.php?s=/Install/index | INFO: Run ReadHtmlCache Behavior [ RunTime:0.000555s ]
[ 2016-02-18T08:09:43+08:00 ] /xsinst.php?s=/Install/index | INFO: Tag[ app_begin ] --END-- [ RunTime:0.000592s ]
[ 2016-02-18T08:09:44+08:00 ] /xsinst.php?s=/Install/index | INFO: Tag[ view_template ] --START--
[ 2016-02-18T08:09:44+08:00 ] /xsinst.php?s=/Install/index | INFO: Run LocationTemplate Behavior [ RunTime:0.049797s ]
[ 2016-02-18T08:09:44+08:00 ] /xsinst.php?s=/Install/index | INFO: Tag[ view_template ] --END-- [ RunTime:0.049866s ]
[ 2016-02-18T08:09:44+08:00 ] /xsinst.php?s=/Install/index | INFO: Tag[ view_parse ] --START--
[ 2016-02-18T08:09:44+08:00 ] /xsinst.php?s=/Install/index | INFO: Run ParseTemplate Behavior [ RunTime:0.094753s ]
[ 2016-02-18T08:09:44+08:00 ] /xsinst.php?s=/Install/index | INFO: Tag[ view_parse ] --END-- [ RunTime:0.094817s ]
[ 2016-02-18T08:09:44+08:00 ] /xsinst.php?s=/Install/index | INFO: Tag[ view_filter ] --START--
[ 2016-02-18T08:09:44+08:00 ] /xsinst.php?s=/Install/index | INFO: Run ContentReplace Behavior [ RunTime:0.000940s ]
[ 2016-02-18T08:09:44+08:00 ] /xsinst.php?s=/Install/index | INFO: Run TokenBuild Behavior [ RunTime:0.000955s ]
[ 2016-02-18T08:09:44+08:00 ] /xsinst.php?s=/Install/index | INFO: Run WriteHtmlCache Behavior [ RunTime:0.000718s ]
[ 2016-02-18T08:09:44+08:00 ] /xsinst.php?s=/Install/index | INFO: Run ShowRuntime Behavior [ RunTime:0.000805s ]
[ 2016-02-18T08:09:44+08:00 ] /xsinst.php?s=/Install/index | INFO: Tag[ view_filter ] --END-- [ RunTime:0.003544s ]
[ 2016-02-18T08:09:44+08:00 ] /xsinst.php?s=/Install/index | INFO: Tag[ view_end ] --START--
[ 2016-02-18T08:09:44+08:00 ] /xsinst.php?s=/Install/index | INFO: Run ShowPageTrace Behavior [ RunTime:0.000845s ]
[ 2016-02-18T08:09:44+08:00 ] /xsinst.php?s=/Install/index | INFO: Tag[ view_end ] --END-- [ RunTime:0.000885s ]
[ 2016-02-18T08:09:44+08:00 ] /xsinst.php?s=/Install/index | INFO: Tag[ app_end ] --START--
[ 2016-02-18T08:09:44+08:00 ] /xsinst.php?s=/Install/index | INFO: Run SaveConfig Behavior [ RunTime:0.000408s ]
[ 2016-02-18T08:09:44+08:00 ] /xsinst.php?s=/Install/index | INFO: Tag[ app_end ] --END-- [ RunTime:0.000445s ]
[ 2016-02-18T00:09:44+00:00 ] /xsinst.php?s=/Install/setup/lang/zh_cn&1455754184569569 | INFO: Tag[ app_init ] --START--
[ 2016-02-18T00:09:44+00:00 ] /xsinst.php?s=/Install/setup/lang/zh_cn&1455754184569569 | INFO: Run XSS Behavior [ RunTime:0.000521s ]
[ 2016-02-18T00:09:44+00:00 ] /xsinst.php?s=/Install/setup/lang/zh_cn&1455754184569569 | INFO: Tag[ app_init ] --END-- [ RunTime:0.000604s ]
[ 2016-02-18T08:09:44+08:00 ] /xsinst.php?s=/Install/setup/lang/zh_cn&1455754184569569 | INFO: Tag[ route_check ] --START--
[ 2016-02-18T08:09:44+08:00 ] /xsinst.php?s=/Install/setup/lang/zh_cn&1455754184569569 | INFO: Run CheckRoute Behavior [ RunTime:0.000659s ]
[ 2016-02-18T08:09:44+08:00 ] /xsinst.php?s=/Install/setup/lang/zh_cn&1455754184569569 | INFO: Tag[ route_check ] --END-- [ RunTime:0.000704s ]
[ 2016-02-18T08:09:44+08:00 ] /xsinst.php?s=/Install/setup/lang/zh_cn&1455754184569569 | INFO: Tag[ app_begin ] --START--
[ 2016-02-18T08:09:44+08:00 ] /xsinst.php?s=/Install/setup/lang/zh_cn&1455754184569569 | INFO: Run ReadHtmlCache Behavior [ RunTime:0.000604s ]
[ 2016-02-18T08:09:44+08:00 ] /xsinst.php?s=/Install/setup/lang/zh_cn&1455754184569569 | INFO: Tag[ app_begin ] --END-- [ RunTime:0.000643s ]
[ 2016-02-18T08:09:44+08:00 ] /xsinst.php?s=/Install/setup/lang/zh_cn&1455754184569569 | INFO: Tag[ view_template ] --START--
[ 2016-02-18T08:09:44+08:00 ] /xsinst.php?s=/Install/setup/lang/zh_cn&1455754184569569 | INFO: Run LocationTemplate Behavior [ RunTime:0.000602s ]
[ 2016-02-18T08:09:44+08:00 ] /xsinst.php?s=/Install/setup/lang/zh_cn&1455754184569569 | INFO: Tag[ view_template ] --END-- [ RunTime:0.000650s ]
[ 2016-02-18T08:09:44+08:00 ] /xsinst.php?s=/Install/setup/lang/zh_cn&1455754184569569 | INFO: Tag[ view_parse ] --START--
[ 2016-02-18T08:09:44+08:00 ] /xsinst.php?s=/Install/setup/lang/zh_cn&1455754184569569 | INFO: Run ParseTemplate Behavior [ RunTime:0.061746s ]
[ 2016-02-18T08:09:44+08:00 ] /xsinst.php?s=/Install/setup/lang/zh_cn&1455754184569569 | INFO: Tag[ view_parse ] --END-- [ RunTime:0.061940s ]
[ 2016-02-18T08:09:44+08:00 ] /xsinst.php?s=/Install/setup/lang/zh_cn&1455754184569569 | INFO: Tag[ view_filter ] --START--
[ 2016-02-18T08:09:44+08:00 ] /xsinst.php?s=/Install/setup/lang/zh_cn&1455754184569569 | INFO: Run ContentReplace Behavior [ RunTime:0.000650s ]
[ 2016-02-18T08:09:44+08:00 ] /xsinst.php?s=/Install/setup/lang/zh_cn&1455754184569569 | INFO: Run TokenBuild Behavior [ RunTime:0.000400s ]
[ 2016-02-18T08:09:44+08:00 ] /xsinst.php?s=/Install/setup/lang/zh_cn&1455754184569569 | INFO: Run WriteHtmlCache Behavior [ RunTime:0.000323s ]
[ 2016-02-18T08:09:44+08:00 ] /xsinst.php?s=/Install/setup/lang/zh_cn&1455754184569569 | INFO: Run ShowRuntime Behavior [ RunTime:0.000445s ]
[ 2016-02-18T08:09:44+08:00 ] /xsinst.php?s=/Install/setup/lang/zh_cn&1455754184569569 | INFO: Tag[ view_filter ] --END-- [ RunTime:0.001920s ]
[ 2016-02-18T08:09:44+08:00 ] /xsinst.php?s=/Install/setup/lang/zh_cn&1455754184569569 | INFO: Tag[ view_end ] --START--
[ 2016-02-18T08:09:44+08:00 ] /xsinst.php?s=/Install/setup/lang/zh_cn&1455754184569569 | INFO: Run ShowPageTrace Behavior [ RunTime:0.000498s ]
[ 2016-02-18T08:09:44+08:00 ] /xsinst.php?s=/Install/setup/lang/zh_cn&1455754184569569 | INFO: Tag[ view_end ] --END-- [ RunTime:0.000534s ]
[ 2016-02-18T08:09:44+08:00 ] /xsinst.php?s=/Install/setup/lang/zh_cn&1455754184569569 | INFO: Tag[ app_end ] --START--
[ 2016-02-18T08:09:44+08:00 ] /xsinst.php?s=/Install/setup/lang/zh_cn&1455754184569569 | INFO: Run SaveConfig Behavior [ RunTime:0.000340s ]
[ 2016-02-18T08:09:44+08:00 ] /xsinst.php?s=/Install/setup/lang/zh_cn&1455754184569569 | INFO: Tag[ app_end ] --END-- [ RunTime:0.000379s ]
[ 2016-02-18T00:09:59+00:00 ] /xsinst.php?s=/Install/get_db_list | INFO: Tag[ app_init ] --START--
[ 2016-02-18T00:09:59+00:00 ] /xsinst.php?s=/Install/get_db_list | INFO: Run XSS Behavior [ RunTime:0.000404s ]
[ 2016-02-18T00:09:59+00:00 ] /xsinst.php?s=/Install/get_db_list | INFO: Tag[ app_init ] --END-- [ RunTime:0.000502s ]
[ 2016-02-18T08:09:59+08:00 ] /xsinst.php?s=/Install/get_db_list | INFO: Tag[ route_check ] --START--
[ 2016-02-18T08:09:59+08:00 ] /xsinst.php?s=/Install/get_db_list | INFO: Run CheckRoute Behavior [ RunTime:0.000612s ]
[ 2016-02-18T08:09:59+08:00 ] /xsinst.php?s=/Install/get_db_list | INFO: Tag[ route_check ] --END-- [ RunTime:0.000654s ]
[ 2016-02-18T08:09:59+08:00 ] /xsinst.php?s=/Install/get_db_list | INFO: Tag[ app_begin ] --START--
[ 2016-02-18T08:09:59+08:00 ] /xsinst.php?s=/Install/get_db_list | INFO: Run ReadHtmlCache Behavior [ RunTime:0.000475s ]
[ 2016-02-18T08:09:59+08:00 ] /xsinst.php?s=/Install/get_db_list | INFO: Tag[ app_begin ] --END-- [ RunTime:0.000511s ]
[ 2016-02-18T08:10:00+08:00 ] /xsinst.php?s=/Install/get_db_list | INFO: Tag[ app_end ] --START--
[ 2016-02-18T08:10:00+08:00 ] /xsinst.php?s=/Install/get_db_list | INFO: Run SaveConfig Behavior [ RunTime:0.000533s ]
[ 2016-02-18T08:10:00+08:00 ] /xsinst.php?s=/Install/get_db_list | INFO: Tag[ app_end ] --END-- [ RunTime:0.000619s ]
[ 2016-02-18T00:10:01+00:00 ] /xsinst.php?s=/Install/create_config_file | INFO: Tag[ app_init ] --START--
[ 2016-02-18T00:10:01+00:00 ] /xsinst.php?s=/Install/create_config_file | INFO: Run XSS Behavior [ RunTime:0.000386s ]
[ 2016-02-18T00:10:01+00:00 ] /xsinst.php?s=/Install/create_config_file | INFO: Tag[ app_init ] --END-- [ RunTime:0.000469s ]
[ 2016-02-18T08:10:01+08:00 ] /xsinst.php?s=/Install/create_config_file | INFO: Tag[ route_check ] --START--
[ 2016-02-18T08:10:01+08:00 ] /xsinst.php?s=/Install/create_config_file | INFO: Run CheckRoute Behavior [ RunTime:0.000587s ]
[ 2016-02-18T08:10:01+08:00 ] /xsinst.php?s=/Install/create_config_file | INFO: Tag[ route_check ] --END-- [ RunTime:0.000630s ]
[ 2016-02-18T08:10:01+08:00 ] /xsinst.php?s=/Install/create_config_file | INFO: Tag[ app_begin ] --START--
[ 2016-02-18T08:10:01+08:00 ] /xsinst.php?s=/Install/create_config_file | INFO: Run ReadHtmlCache Behavior [ RunTime:0.000427s ]
[ 2016-02-18T08:10:01+08:00 ] /xsinst.php?s=/Install/create_config_file | INFO: Tag[ app_begin ] --END-- [ RunTime:0.000463s ]
[ 2016-02-18T08:10:01+08:00 ] /xsinst.php?s=/Install/create_config_file | INFO: Tag[ app_end ] --START--
[ 2016-02-18T08:10:01+08:00 ] /xsinst.php?s=/Install/create_config_file | INFO: Run SaveConfig Behavior [ RunTime:0.000375s ]
[ 2016-02-18T08:10:01+08:00 ] /xsinst.php?s=/Install/create_config_file | INFO: Tag[ app_end ] --END-- [ RunTime:0.000441s ]
[ 2016-02-18T00:10:01+00:00 ] /xsinst.php?s=/Install/create_database | INFO: Tag[ app_init ] --START--
[ 2016-02-18T00:10:01+00:00 ] /xsinst.php?s=/Install/create_database | INFO: Run XSS Behavior [ RunTime:0.000405s ]
[ 2016-02-18T00:10:01+00:00 ] /xsinst.php?s=/Install/create_database | INFO: Tag[ app_init ] --END-- [ RunTime:0.000490s ]
[ 2016-02-18T08:10:01+08:00 ] /xsinst.php?s=/Install/create_database | INFO: Tag[ route_check ] --START--
[ 2016-02-18T08:10:01+08:00 ] /xsinst.php?s=/Install/create_database | INFO: Run CheckRoute Behavior [ RunTime:0.000815s ]
[ 2016-02-18T08:10:01+08:00 ] /xsinst.php?s=/Install/create_database | INFO: Tag[ route_check ] --END-- [ RunTime:0.000888s ]
[ 2016-02-18T08:10:01+08:00 ] /xsinst.php?s=/Install/create_database | INFO: Tag[ app_begin ] --START--
[ 2016-02-18T08:10:01+08:00 ] /xsinst.php?s=/Install/create_database | INFO: Run ReadHtmlCache Behavior [ RunTime:0.000561s ]
[ 2016-02-18T08:10:01+08:00 ] /xsinst.php?s=/Install/create_database | INFO: Tag[ app_begin ] --END-- [ RunTime:0.000600s ]
[ 2016-02-18T08:10:01+08:00 ] /xsinst.php?s=/Install/create_database | INFO: Tag[ app_end ] --START--
[ 2016-02-18T08:10:01+08:00 ] /xsinst.php?s=/Install/create_database | INFO: Run SaveConfig Behavior [ RunTime:0.000417s ]
[ 2016-02-18T08:10:01+08:00 ] /xsinst.php?s=/Install/create_database | INFO: Tag[ app_end ] --END-- [ RunTime:0.000496s ]
[ 2016-02-18T00:10:01+00:00 ] /xsinst.php?s=/Install/install_base_data | INFO: Tag[ app_init ] --START--
[ 2016-02-18T00:10:01+00:00 ] /xsinst.php?s=/Install/install_base_data | INFO: Run XSS Behavior [ RunTime:0.000405s ]
[ 2016-02-18T00:10:01+00:00 ] /xsinst.php?s=/Install/install_base_data | INFO: Tag[ app_init ] --END-- [ RunTime:0.000491s ]
[ 2016-02-18T08:10:01+08:00 ] /xsinst.php?s=/Install/install_base_data | INFO: Tag[ route_check ] --START--
[ 2016-02-18T08:10:01+08:00 ] /xsinst.php?s=/Install/install_base_data | INFO: Run CheckRoute Behavior [ RunTime:0.000625s ]
[ 2016-02-18T08:10:01+08:00 ] /xsinst.php?s=/Install/install_base_data | INFO: Tag[ route_check ] --END-- [ RunTime:0.000668s ]
[ 2016-02-18T08:10:01+08:00 ] /xsinst.php?s=/Install/install_base_data | INFO: Tag[ app_begin ] --START--
[ 2016-02-18T08:10:01+08:00 ] /xsinst.php?s=/Install/install_base_data | INFO: Run ReadHtmlCache Behavior [ RunTime:0.000441s ]
[ 2016-02-18T08:10:01+08:00 ] /xsinst.php?s=/Install/install_base_data | INFO: Tag[ app_begin ] --END-- [ RunTime:0.000478s ]
[ 2016-02-18T08:10:18+08:00 ] /xsinst.php?s=/Install/install_base_data | SQL: SHOW COLUMNS FROM `config` [ RunTime:0.003137s ]
[ 2016-02-18T08:10:18+08:00 ] /xsinst.php?s=/Install/install_base_data | SQL: INSERT INTO `config` (`name`,`data`) VALUES ('ADMIN_SHOW','s:39:\"baodan_wuliu_pro,kuaidi_pro,admin_blank\";') [ RunTime:0.116441s ]
[ 2016-02-18T08:10:18+08:00 ] /xsinst.php?s=/Install/install_base_data | SQL: INSERT INTO `config` (`name`,`data`) VALUES ('AUTOBACKUP','i:0;') [ RunTime:0.120167s ]
[ 2016-02-18T08:10:19+08:00 ] /xsinst.php?s=/Install/install_base_data | SQL: INSERT INTO `config` (`name`,`data`) VALUES ('TIMEMOVE_HOUR','i:0;') [ RunTime:0.090170s ]
[ 2016-02-18T08:10:19+08:00 ] /xsinst.php?s=/Install/install_base_data | SQL: INSERT INTO `config` (`name`,`data`) VALUES ('TIMEMOVE_DAY','i:0;') [ RunTime:0.091511s ]
[ 2016-02-18T08:10:19+08:00 ] /xsinst.php?s=/Install/install_base_data | SQL: INSERT INTO `config` (`name`,`data`) VALUES ('CAL_START_TIME','i:1455724800;') [ RunTime:0.152374s ]
[ 2016-02-18T08:10:19+08:00 ] /xsinst.php?s=/Install/install_base_data | SQL: INSERT INTO `config` (`name`,`data`) VALUES ('XMLMD5','s:0:\"\";') [ RunTime:0.109142s ]
[ 2016-02-18T08:10:19+08:00 ] /xsinst.php?s=/Install/install_base_data | SQL: INSERT INTO `config` (`name`,`data`) VALUES ('DIFFTIME','i:1455724800;') [ RunTime:0.096203s ]
[ 2016-02-18T08:10:19+08:00 ] /xsinst.php?s=/Install/install_base_data | SQL: INSERT INTO `config` (`name`,`data`) VALUES ('SHOW_WORLD_MOBILE','i:0;') [ RunTime:0.117908s ]
[ 2016-02-18T08:10:19+08:00 ] /xsinst.php?s=/Install/install_base_data | SQL: INSERT INTO `config` (`name`,`data`) VALUES ('SHOW_TIMESET','i:0;') [ RunTime:0.089923s ]
[ 2016-02-18T08:10:19+08:00 ] /xsinst.php?s=/Install/install_base_data | SQL: INSERT INTO `config` (`name`,`data`) VALUES ('SHOW_SHOPSET','i:0;') [ RunTime:0.091632s ]
[ 2016-02-18T08:10:19+08:00 ] /xsinst.php?s=/Install/install_base_data | SQL: INSERT INTO `config` (`name`,`data`) VALUES ('SHOW_BULKREG','i:0;') [ RunTime:0.160604s ]
[ 2016-02-18T08:10:20+08:00 ] /xsinst.php?s=/Install/install_base_data | SQL: INSERT INTO `config` (`name`,`data`) VALUES ('DEFAULT_USER_PASS1','s:0:\"\";') [ RunTime:0.124827s ]
[ 2016-02-18T08:10:20+08:00 ] /xsinst.php?s=/Install/install_base_data | SQL: INSERT INTO `config` (`name`,`data`) VALUES ('DEFAULT_USER_PASS2','s:0:\"\";') [ RunTime:0.096702s ]
[ 2016-02-18T08:10:20+08:00 ] /xsinst.php?s=/Install/install_base_data | SQL: INSERT INTO `config` (`name`,`data`) VALUES ('DEFAULT_USER_PASS3','s:0:\"\";') [ RunTime:0.109786s ]
[ 2016-02-18T08:10:20+08:00 ] /xsinst.php?s=/Install/install_base_data | SQL: INSERT INTO `config` (`name`,`data`) VALUES ('SERVICE_QQ','s:0:\"\";') [ RunTime:0.081775s ]
[ 2016-02-18T08:10:20+08:00 ] /xsinst.php?s=/Install/install_base_data | SQL: INSERT INTO `config` (`name`,`data`) VALUES ('SYSTEM_TITLE','s:0:\"\";') [ RunTime:0.083290s ]
[ 2016-02-18T08:10:20+08:00 ] /xsinst.php?s=/Install/install_base_data | SQL: INSERT INTO `config` (`name`,`data`) VALUES ('SYSTEM_COMPANY','s:0:\"\";') [ RunTime:0.117764s ]
[ 2016-02-18T08:10:20+08:00 ] /xsinst.php?s=/Install/install_base_data | SQL: INSERT INTO `config` (`name`,`data`) VALUES ('SYSTEM_MEMO','s:0:\"\";') [ RunTime:0.104475s ]
[ 2016-02-18T08:10:20+08:00 ] /xsinst.php?s=/Install/install_base_data | SQL: INSERT INTO `config` (`name`,`data`) VALUES ('USER_REMIT_INBANK','s:0:\"\";') [ RunTime:0.116458s ]
[ 2016-02-18T08:10:20+08:00 ] /xsinst.php?s=/Install/install_base_data | SQL: INSERT INTO `config` (`name`,`data`) VALUES ('USER_REMIT_RATIO_USE','b:0;') [ RunTime:0.128658s ]
[ 2016-02-18T08:10:20+08:00 ] /xsinst.php?s=/Install/install_base_data | SQL: INSERT INTO `config` (`name`,`data`) VALUES ('USER_REMIT_RATIO','i:1;') [ RunTime:0.081612s ]
[ 2016-02-18T08:10:21+08:00 ] /xsinst.php?s=/Install/install_base_data | SQL: INSERT INTO `config` (`name`,`data`) VALUES ('USER_REMIT_MIN','i:0;') [ RunTime:0.091217s ]
[ 2016-02-18T08:10:21+08:00 ] /xsinst.php?s=/Install/install_base_data | SQL: INSERT INTO `config` (`name`,`data`) VALUES ('USER_REMIT_MAX','i:0;') [ RunTime:0.122797s ]
[ 2016-02-18T08:10:21+08:00 ] /xsinst.php?s=/Install/install_base_data | SQL: INSERT INTO `config` (`name`,`data`) VALUES ('USER_PRIZE_SWITCH','b:0;') [ RunTime:0.091474s ]
[ 2016-02-18T08:10:21+08:00 ] /xsinst.php?s=/Install/install_base_data | SQL: INSERT INTO `config` (`name`,`data`) VALUES ('DEFAULT_THEME','b:0;') [ RunTime:0.101841s ]
[ 2016-02-18T08:10:21+08:00 ] /xsinst.php?s=/Install/install_base_data | SQL: INSERT INTO `config` (`name`,`data`) VALUES ('DEFAULT_LOGIN_THEME','s:0:\"\";') [ RunTime:0.108432s ]
[ 2016-02-18T08:10:21+08:00 ] /xsinst.php?s=/Install/install_base_data | SQL: INSERT INTO `config` (`name`,`data`) VALUES ('USER_USE_PASS3','i:0;') [ RunTime:0.139250s ]
[ 2016-02-18T08:10:21+08:00 ] /xsinst.php?s=/Install/install_base_data | SQL: INSERT INTO `config` (`name`,`data`) VALUES ('USER_PASS_TIMEOUT','i:0;') [ RunTime:0.144237s ]
[ 2016-02-18T08:10:21+08:00 ] /xsinst.php?s=/Install/install_base_data | SQL: INSERT INTO `config` (`name`,`data`) VALUES ('USER_LOGIN_URL','s:0:\"\";') [ RunTime:0.169082s ]
[ 2016-02-18T08:10:22+08:00 ] /xsinst.php?s=/Install/install_base_data | SQL: INSERT INTO `config` (`name`,`data`) VALUES ('USER_LOGIN_VERIFY','i:0;') [ RunTime:0.330071s ]
[ 2016-02-18T08:10:22+08:00 ] /xsinst.php?s=/Install/install_base_data | SQL: INSERT INTO `config` (`name`,`data`) VALUES ('USER_SHOP_SALEONLY','i:0;') [ RunTime:0.324826s ]
[ 2016-02-18T08:10:22+08:00 ] /xsinst.php?s=/Install/install_base_data | SQL: INSERT INTO `config` (`name`,`data`) VALUES ('USER_REG_REQUIRED','s:0:\"\";') [ RunTime:0.214841s ]
[ 2016-02-18T08:10:22+08:00 ] /xsinst.php?s=/Install/install_base_data | SQL: INSERT INTO `config` (`name`,`data`) VALUES ('USER_REG_SHOW','s:140:\"name,sex,alias,reciver,pv,qq,email,mobile,address,bank_card,bank_name,bank_apply_addr,bank_apply_name,area,id_card,pass1,pass1c,pass2,pass2c\";') [ RunTime:0.082849s ]
[ 2016-02-18T08:10:22+08:00 ] /xsinst.php?s=/Install/install_base_data | SQL: INSERT INTO `config` (`name`,`data`) VALUES ('USER_EDIT_SHOW','s:135:\"name,sex,alias,reciver,pv,qq,email,0,address,bank_card,bank_name,bank_apply_addr,bank_apply_name,area,id_card,pass1,pass1c,pass2,pass2c\";') [ RunTime:0.083122s ]
[ 2016-02-18T08:10:23+08:00 ] /xsinst.php?s=/Install/install_base_data | SQL: INSERT INTO `config` (`name`,`data`) VALUES ('USER_VIEW_SHOW','s:109:\"name,sex,alias,reciver,pv,qq,email,0,address,bank_card,bank_name,bank_apply_addr,bank_apply_name,area,id_card\";') [ RunTime:0.091173s ]
[ 2016-02-18T08:10:23+08:00 ] /xsinst.php?s=/Install/install_base_data | SQL: INSERT INTO `config` (`name`,`data`) VALUES ('USER_TRUTH','s:0:\"\";') [ RunTime:0.099839s ]
[ 2016-02-18T08:10:23+08:00 ] /xsinst.php?s=/Install/install_base_data | SQL: INSERT INTO `config` (`name`,`data`) VALUES ('MAIL_ADDRESS','s:0:\"\";') [ RunTime:0.091482s ]
[ 2016-02-18T08:10:23+08:00 ] /xsinst.php?s=/Install/install_base_data | SQL: INSERT INTO `config` (`name`,`data`) VALUES ('MAIL_SMTP','s:0:\"\";') [ RunTime:0.116528s ]
[ 2016-02-18T08:10:23+08:00 ] /xsinst.php?s=/Install/install_base_data | SQL: INSERT INTO `config` (`name`,`data`) VALUES ('MAIL_LOGINNAME','s:0:\"\";') [ RunTime:0.091483s ]
[ 2016-02-18T08:10:23+08:00 ] /xsinst.php?s=/Install/install_base_data | SQL: INSERT INTO `config` (`name`,`data`) VALUES ('MAIL_PASSWORD','s:0:\"\";') [ RunTime:0.110131s ]
[ 2016-02-18T08:10:23+08:00 ] /xsinst.php?s=/Install/install_base_data | SQL: INSERT INTO `config` (`name`,`data`) VALUES ('MAIL_FROMNAME','s:0:\"\";') [ RunTime:0.124805s ]
[ 2016-02-18T08:10:23+08:00 ] /xsinst.php?s=/Install/install_base_data | SQL: INSERT INTO `config` (`name`,`data`) VALUES ('SYSTEM_SERVICE','i:0;') [ RunTime:0.161236s ]
[ 2016-02-18T08:10:24+08:00 ] /xsinst.php?s=/Install/install_base_data | SQL: INSERT INTO `config` (`name`,`data`) VALUES ('lv1money','s:1:\"0\";') [ RunTime:0.136503s ]
[ 2016-02-18T08:10:24+08:00 ] /xsinst.php?s=/Install/install_base_data | SQL: INSERT INTO `config` (`name`,`data`) VALUES ('lv2money','s:4:\"1920\";') [ RunTime:0.099776s ]
[ 2016-02-18T08:10:24+08:00 ] /xsinst.php?s=/Install/install_base_data | SQL: INSERT INTO `config` (`name`,`data`) VALUES ('lv3money','s:4:\"6400\";') [ RunTime:0.091480s ]
[ 2016-02-18T08:10:24+08:00 ] /xsinst.php?s=/Install/install_base_data | SQL: INSERT INTO `config` (`name`,`data`) VALUES ('lv4money','s:5:\"12800\";') [ RunTime:0.619779s ]
[ 2016-02-18T08:10:25+08:00 ] /xsinst.php?s=/Install/install_base_data | SQL: INSERT INTO `config` (`name`,`data`) VALUES ('pljffd1','s:4:\"3000\";') [ RunTime:0.340261s ]
[ 2016-02-18T08:10:25+08:00 ] /xsinst.php?s=/Install/install_base_data | SQL: INSERT INTO `config` (`name`,`data`) VALUES ('pljffd2','s:4:\"5000\";') [ RunTime:0.183179s ]
[ 2016-02-18T08:10:25+08:00 ] /xsinst.php?s=/Install/install_base_data | SQL: INSERT INTO `config` (`name`,`data`) VALUES ('pljffd3','s:5:\"10000\";') [ RunTime:0.244685s ]
[ 2016-02-18T08:10:25+08:00 ] /xsinst.php?s=/Install/install_base_data | SQL: INSERT INTO `config` (`name`,`data`) VALUES ('pljffd4','s:5:\"10000\";') [ RunTime:0.080203s ]
[ 2016-02-18T08:10:25+08:00 ] /xsinst.php?s=/Install/install_base_data | SQL: INSERT INTO `config` (`name`,`data`) VALUES ('zrxfjf','s:2:\"10\";') [ RunTime:0.083134s ]
[ 2016-02-18T08:10:26+08:00 ] /xsinst.php?s=/Install/install_base_data | SQL: INSERT INTO `config` (`name`,`data`) VALUES ('zrxfjffd','s:4:\"2000\";') [ RunTime:0.244360s ]
[ 2016-02-18T08:10:26+08:00 ] /xsinst.php?s=/Install/install_base_data | SQL: INSERT INTO `config` (`name`,`data`) VALUES ('SYSTEM_PASS_KEY','s:32:\"7e3888ced918ea2d6d0791cc7d181480\";') [ RunTime:0.096680s ]
[ 2016-02-18T08:10:26+08:00 ] /xsinst.php?s=/Install/install_base_data | INFO: Tag[ app_end ] --START--
[ 2016-02-18T08:10:26+08:00 ] /xsinst.php?s=/Install/install_base_data | INFO: Run SaveConfig Behavior [ RunTime:0.000642s ]
[ 2016-02-18T08:10:26+08:00 ] /xsinst.php?s=/Install/install_base_data | INFO: Tag[ app_end ] --END-- [ RunTime:0.000716s ]
[ 2016-02-18T00:10:26+00:00 ] /xsinst.php?s=/Install/create_admin_passport | INFO: Tag[ app_init ] --START--
[ 2016-02-18T00:10:26+00:00 ] /xsinst.php?s=/Install/create_admin_passport | INFO: Run XSS Behavior [ RunTime:0.000411s ]
[ 2016-02-18T00:10:26+00:00 ] /xsinst.php?s=/Install/create_admin_passport | INFO: Tag[ app_init ] --END-- [ RunTime:0.000496s ]
[ 2016-02-18T08:10:26+08:00 ] /xsinst.php?s=/Install/create_admin_passport | INFO: Tag[ route_check ] --START--
[ 2016-02-18T08:10:26+08:00 ] /xsinst.php?s=/Install/create_admin_passport | INFO: Run CheckRoute Behavior [ RunTime:0.000617s ]
[ 2016-02-18T08:10:26+08:00 ] /xsinst.php?s=/Install/create_admin_passport | INFO: Tag[ route_check ] --END-- [ RunTime:0.000658s ]
[ 2016-02-18T08:10:26+08:00 ] /xsinst.php?s=/Install/create_admin_passport | INFO: Tag[ app_begin ] --START--
[ 2016-02-18T08:10:26+08:00 ] /xsinst.php?s=/Install/create_admin_passport | INFO: Run ReadHtmlCache Behavior [ RunTime:0.000445s ]
[ 2016-02-18T08:10:26+08:00 ] /xsinst.php?s=/Install/create_admin_passport | INFO: Tag[ app_begin ] --END-- [ RunTime:0.000480s ]
[ 2016-02-18T08:10:26+08:00 ] /xsinst.php?s=/Install/create_admin_passport | SQL: SHOW COLUMNS FROM `admin` [ RunTime:0.004836s ]
[ 2016-02-18T08:10:26+08:00 ] /xsinst.php?s=/Install/create_admin_passport | SQL: INSERT INTO `admin` (`nickname`,`account`,`admin_status`,`password`,`email`,`create_time`,`status`) VALUES ('超级管理员','admin',1,'ebec28d12beee51f504a97f7ecb92eca','',1455754226,1) [ RunTime:0.000293s ]
[ 2016-02-18T08:10:26+08:00 ] /xsinst.php?s=/Install/create_admin_passport | INFO: Tag[ app_end ] --START--
[ 2016-02-18T08:10:26+08:00 ] /xsinst.php?s=/Install/create_admin_passport | INFO: Run SaveConfig Behavior [ RunTime:0.000391s ]
[ 2016-02-18T08:10:26+08:00 ] /xsinst.php?s=/Install/create_admin_passport | INFO: Tag[ app_end ] --END-- [ RunTime:0.000446s ]
[ 2016-02-18T00:10:26+00:00 ] /xsinst.php?s=/Install/do_others | INFO: Tag[ app_init ] --START--
[ 2016-02-18T00:10:26+00:00 ] /xsinst.php?s=/Install/do_others | INFO: Run XSS Behavior [ RunTime:0.000407s ]
[ 2016-02-18T00:10:26+00:00 ] /xsinst.php?s=/Install/do_others | INFO: Tag[ app_init ] --END-- [ RunTime:0.000485s ]
[ 2016-02-18T08:10:26+08:00 ] /xsinst.php?s=/Install/do_others | INFO: Tag[ route_check ] --START--
[ 2016-02-18T08:10:26+08:00 ] /xsinst.php?s=/Install/do_others | INFO: Run CheckRoute Behavior [ RunTime:0.000819s ]
[ 2016-02-18T08:10:26+08:00 ] /xsinst.php?s=/Install/do_others | INFO: Tag[ route_check ] --END-- [ RunTime:0.000882s ]
[ 2016-02-18T08:10:26+08:00 ] /xsinst.php?s=/Install/do_others | INFO: Tag[ app_begin ] --START--
[ 2016-02-18T08:10:26+08:00 ] /xsinst.php?s=/Install/do_others | INFO: Run ReadHtmlCache Behavior [ RunTime:0.000575s ]
[ 2016-02-18T08:10:26+08:00 ] /xsinst.php?s=/Install/do_others | INFO: Tag[ app_begin ] --END-- [ RunTime:0.000614s ]
[ 2016-02-18T08:10:26+08:00 ] /xsinst.php?s=/Install/do_others | SQL: SHOW COLUMNS FROM `node` [ RunTime:0.003929s ]
[ 2016-02-18T08:10:26+08:00 ] /xsinst.php?s=/Install/do_others | SQL: INSERT INTO `node` (`name`,`group`,`title`,`level`,`status`,`sort`,`is_sync_node`,`is_sync_menu`,`is_quick_search`) VALUES ('Admin','','系统设置',1,1,'9999','1','1','0') [ RunTime:0.000506s ]
[ 2016-02-18T08:10:26+08:00 ] /xsinst.php?s=/Install/do_others | SQL: INSERT INTO `node` (`name`,`group`,`title`,`level`,`status`,`sort`,`is_sync_node`,`is_sync_menu`,`is_quick_search`) VALUES ('DmsAdmin','Admin','结算管理',1,1,1,'1','1','1') [ RunTime:0.000398s ]
[ 2016-02-18T08:10:26+08:00 ] /xsinst.php?s=/Install/do_others | SQL: SHOW COLUMNS FROM `config` [ RunTime:0.003297s ]
[ 2016-02-18T08:10:26+08:00 ] /xsinst.php?s=/Install/do_others | SQL: SELECT `name`,`data` FROM `config`  [ RunTime:0.000656s ]
[ 2016-02-18T08:10:26+08:00 ] /xsinst.php?s=/Install/do_others | INFO: Run SaveConfig Behavior [ RunTime:0.006449s ]
[ 2016-02-18T08:10:26+08:00 ] /xsinst.php?s=/Install/do_others | INFO: Tag[ app_end ] --START--
[ 2016-02-18T08:10:26+08:00 ] /xsinst.php?s=/Install/do_others | INFO: Run SaveConfig Behavior [ RunTime:0.000010s ]
[ 2016-02-18T08:10:26+08:00 ] /xsinst.php?s=/Install/do_others | INFO: Tag[ app_end ] --END-- [ RunTime:0.000045s ]
