[ 2016-01-27T17:12:52+08:00 ] /xsinst.php | INFO: Tag[ app_init ] --START--
[ 2016-01-27T17:12:52+08:00 ] /xsinst.php | INFO: Run XSS Behavior [ RunTime:0.002517s ]
[ 2016-01-27T17:12:52+08:00 ] /xsinst.php | INFO: Tag[ app_init ] --END-- [ RunTime:0.002676s ]
[ 2016-01-27T17:12:52+08:00 ] /xsinst.php | INFO: Tag[ app_begin ] --START--
[ 2016-01-27T17:12:52+08:00 ] /xsinst.php | INFO: Run ReadHtmlCache Behavior [ RunTime:0.003582s ]
[ 2016-01-27T17:12:52+08:00 ] /xsinst.php | INFO: Tag[ app_begin ] --END-- [ RunTime:0.003634s ]
[ 2016-01-27T17:12:52+08:00 ] /xsinst.php | INFO: Tag[ app_end ] --START--
[ 2016-01-27T17:12:52+08:00 ] /xsinst.php | INFO: Run SaveConfig Behavior [ RunTime:0.004863s ]
[ 2016-01-27T17:12:52+08:00 ] /xsinst.php | INFO: Tag[ app_end ] --END-- [ RunTime:0.004952s ]
[ 2016-01-27T17:12:52+08:00 ] /xsinst.php?s=/Install/index | INFO: Tag[ app_init ] --START--
[ 2016-01-27T17:12:52+08:00 ] /xsinst.php?s=/Install/index | INFO: Run XSS Behavior [ RunTime:0.002612s ]
[ 2016-01-27T17:12:52+08:00 ] /xsinst.php?s=/Install/index | INFO: Tag[ app_init ] --END-- [ RunTime:0.002836s ]
[ 2016-01-27T17:12:52+08:00 ] /xsinst.php?s=/Install/index | INFO: Tag[ route_check ] --START--
[ 2016-01-27T17:12:52+08:00 ] /xsinst.php?s=/Install/index | INFO: Run CheckRoute Behavior [ RunTime:0.006316s ]
[ 2016-01-27T17:12:52+08:00 ] /xsinst.php?s=/Install/index | INFO: Tag[ route_check ] --END-- [ RunTime:0.006383s ]
[ 2016-01-27T17:12:52+08:00 ] /xsinst.php?s=/Install/index | INFO: Tag[ app_begin ] --START--
[ 2016-01-27T17:12:52+08:00 ] /xsinst.php?s=/Install/index | INFO: Run ReadHtmlCache Behavior [ RunTime:0.003264s ]
[ 2016-01-27T17:12:52+08:00 ] /xsinst.php?s=/Install/index | INFO: Tag[ app_begin ] --END-- [ RunTime:0.003320s ]
[ 2016-01-27T17:12:52+08:00 ] /xsinst.php?s=/Install/index | INFO: Tag[ view_template ] --START--
[ 2016-01-27T17:12:52+08:00 ] /xsinst.php?s=/Install/index | INFO: Run LocationTemplate Behavior [ RunTime:0.007865s ]
[ 2016-01-27T17:12:52+08:00 ] /xsinst.php?s=/Install/index | INFO: Tag[ view_template ] --END-- [ RunTime:0.007929s ]
[ 2016-01-27T17:12:52+08:00 ] /xsinst.php?s=/Install/index | INFO: Tag[ view_parse ] --START--
[ 2016-01-27T17:12:52+08:00 ] /xsinst.php?s=/Install/index | INFO: Run ParseTemplate Behavior [ RunTime:0.035838s ]
[ 2016-01-27T17:12:52+08:00 ] /xsinst.php?s=/Install/index | INFO: Tag[ view_parse ] --END-- [ RunTime:0.035898s ]
[ 2016-01-27T17:12:52+08:00 ] /xsinst.php?s=/Install/index | INFO: Tag[ view_filter ] --START--
[ 2016-01-27T17:12:52+08:00 ] /xsinst.php?s=/Install/index | INFO: Run ContentReplace Behavior [ RunTime:0.003047s ]
[ 2016-01-27T17:12:52+08:00 ] /xsinst.php?s=/Install/index | INFO: Run TokenBuild Behavior [ RunTime:0.003103s ]
[ 2016-01-27T17:12:52+08:00 ] /xsinst.php?s=/Install/index | INFO: Run WriteHtmlCache Behavior [ RunTime:0.003276s ]
[ 2016-01-27T17:12:52+08:00 ] /xsinst.php?s=/Install/index | INFO: Run ShowRuntime Behavior [ RunTime:0.003485s ]
[ 2016-01-27T17:12:52+08:00 ] /xsinst.php?s=/Install/index | INFO: Tag[ view_filter ] --END-- [ RunTime:0.013065s ]
[ 2016-01-27T17:12:52+08:00 ] /xsinst.php?s=/Install/index | INFO: Tag[ view_end ] --START--
[ 2016-01-27T17:12:52+08:00 ] /xsinst.php?s=/Install/index | INFO: Run ShowPageTrace Behavior [ RunTime:0.004766s ]
[ 2016-01-27T17:12:52+08:00 ] /xsinst.php?s=/Install/index | INFO: Tag[ view_end ] --END-- [ RunTime:0.004850s ]
[ 2016-01-27T17:12:52+08:00 ] /xsinst.php?s=/Install/index | INFO: Tag[ app_end ] --START--
[ 2016-01-27T17:12:52+08:00 ] /xsinst.php?s=/Install/index | INFO: Run SaveConfig Behavior [ RunTime:0.003734s ]
[ 2016-01-27T17:12:52+08:00 ] /xsinst.php?s=/Install/index | INFO: Tag[ app_end ] --END-- [ RunTime:0.003792s ]
[ 2016-01-27T17:12:53+08:00 ] /xsinst.php?s=/Install/setup/lang/zh_cn&1453885972940940 | INFO: Tag[ app_init ] --START--
[ 2016-01-27T17:12:53+08:00 ] /xsinst.php?s=/Install/setup/lang/zh_cn&1453885972940940 | INFO: Run XSS Behavior [ RunTime:0.010497s ]
[ 2016-01-27T17:12:53+08:00 ] /xsinst.php?s=/Install/setup/lang/zh_cn&1453885972940940 | INFO: Tag[ app_init ] --END-- [ RunTime:0.010703s ]
[ 2016-01-27T17:12:53+08:00 ] /xsinst.php?s=/Install/setup/lang/zh_cn&1453885972940940 | INFO: Tag[ route_check ] --START--
[ 2016-01-27T17:12:53+08:00 ] /xsinst.php?s=/Install/setup/lang/zh_cn&1453885972940940 | INFO: Run CheckRoute Behavior [ RunTime:0.006423s ]
[ 2016-01-27T17:12:53+08:00 ] /xsinst.php?s=/Install/setup/lang/zh_cn&1453885972940940 | INFO: Tag[ route_check ] --END-- [ RunTime:0.006500s ]
[ 2016-01-27T17:12:53+08:00 ] /xsinst.php?s=/Install/setup/lang/zh_cn&1453885972940940 | INFO: Tag[ app_begin ] --START--
[ 2016-01-27T17:12:53+08:00 ] /xsinst.php?s=/Install/setup/lang/zh_cn&1453885972940940 | INFO: Run ReadHtmlCache Behavior [ RunTime:0.003339s ]
[ 2016-01-27T17:12:53+08:00 ] /xsinst.php?s=/Install/setup/lang/zh_cn&1453885972940940 | INFO: Tag[ app_begin ] --END-- [ RunTime:0.003414s ]
[ 2016-01-27T17:12:53+08:00 ] /xsinst.php?s=/Install/setup/lang/zh_cn&1453885972940940 | INFO: Tag[ view_template ] --START--
[ 2016-01-27T17:12:53+08:00 ] /xsinst.php?s=/Install/setup/lang/zh_cn&1453885972940940 | INFO: Run LocationTemplate Behavior [ RunTime:0.010749s ]
[ 2016-01-27T17:12:53+08:00 ] /xsinst.php?s=/Install/setup/lang/zh_cn&1453885972940940 | INFO: Tag[ view_template ] --END-- [ RunTime:0.010839s ]
[ 2016-01-27T17:12:53+08:00 ] /xsinst.php?s=/Install/setup/lang/zh_cn&1453885972940940 | INFO: Tag[ view_parse ] --START--
[ 2016-01-27T17:12:53+08:00 ] /xsinst.php?s=/Install/setup/lang/zh_cn&1453885972940940 | INFO: Run ParseTemplate Behavior [ RunTime:0.066794s ]
[ 2016-01-27T17:12:53+08:00 ] /xsinst.php?s=/Install/setup/lang/zh_cn&1453885972940940 | INFO: Tag[ view_parse ] --END-- [ RunTime:0.066894s ]
[ 2016-01-27T17:12:53+08:00 ] /xsinst.php?s=/Install/setup/lang/zh_cn&1453885972940940 | INFO: Tag[ view_filter ] --START--
[ 2016-01-27T17:12:53+08:00 ] /xsinst.php?s=/Install/setup/lang/zh_cn&1453885972940940 | INFO: Run ContentReplace Behavior [ RunTime:0.014876s ]
[ 2016-01-27T17:12:53+08:00 ] /xsinst.php?s=/Install/setup/lang/zh_cn&1453885972940940 | INFO: Run TokenBuild Behavior [ RunTime:0.013920s ]
[ 2016-01-27T17:12:53+08:00 ] /xsinst.php?s=/Install/setup/lang/zh_cn&1453885972940940 | INFO: Run WriteHtmlCache Behavior [ RunTime:0.004350s ]
[ 2016-01-27T17:12:53+08:00 ] /xsinst.php?s=/Install/setup/lang/zh_cn&1453885972940940 | INFO: Run ShowRuntime Behavior [ RunTime:0.007251s ]
[ 2016-01-27T17:12:53+08:00 ] /xsinst.php?s=/Install/setup/lang/zh_cn&1453885972940940 | INFO: Tag[ view_filter ] --END-- [ RunTime:0.040763s ]
[ 2016-01-27T17:12:53+08:00 ] /xsinst.php?s=/Install/setup/lang/zh_cn&1453885972940940 | INFO: Tag[ view_end ] --START--
[ 2016-01-27T17:12:53+08:00 ] /xsinst.php?s=/Install/setup/lang/zh_cn&1453885972940940 | INFO: Run ShowPageTrace Behavior [ RunTime:0.005619s ]
[ 2016-01-27T17:12:53+08:00 ] /xsinst.php?s=/Install/setup/lang/zh_cn&1453885972940940 | INFO: Tag[ view_end ] --END-- [ RunTime:0.005684s ]
[ 2016-01-27T17:12:53+08:00 ] /xsinst.php?s=/Install/setup/lang/zh_cn&1453885972940940 | INFO: Tag[ app_end ] --START--
[ 2016-01-27T17:12:53+08:00 ] /xsinst.php?s=/Install/setup/lang/zh_cn&1453885972940940 | INFO: Run SaveConfig Behavior [ RunTime:0.005349s ]
[ 2016-01-27T17:12:53+08:00 ] /xsinst.php?s=/Install/setup/lang/zh_cn&1453885972940940 | INFO: Tag[ app_end ] --END-- [ RunTime:0.005415s ]
[ 2016-01-27T17:12:54+08:00 ] /xsinst.php?s=/Install/create_config_file | INFO: Tag[ app_init ] --START--
[ 2016-01-27T17:12:54+08:00 ] /xsinst.php?s=/Install/create_config_file | INFO: Run XSS Behavior [ RunTime:0.002081s ]
[ 2016-01-27T17:12:54+08:00 ] /xsinst.php?s=/Install/create_config_file | INFO: Tag[ app_init ] --END-- [ RunTime:0.002327s ]
[ 2016-01-27T17:12:54+08:00 ] /xsinst.php?s=/Install/create_config_file | INFO: Tag[ route_check ] --START--
[ 2016-01-27T17:12:54+08:00 ] /xsinst.php?s=/Install/create_config_file | INFO: Run CheckRoute Behavior [ RunTime:0.003639s ]
[ 2016-01-27T17:12:54+08:00 ] /xsinst.php?s=/Install/create_config_file | INFO: Tag[ route_check ] --END-- [ RunTime:0.003683s ]
[ 2016-01-27T17:12:54+08:00 ] /xsinst.php?s=/Install/create_config_file | INFO: Tag[ app_begin ] --START--
[ 2016-01-27T17:12:54+08:00 ] /xsinst.php?s=/Install/create_config_file | INFO: Run ReadHtmlCache Behavior [ RunTime:0.001903s ]
[ 2016-01-27T17:12:54+08:00 ] /xsinst.php?s=/Install/create_config_file | INFO: Tag[ app_begin ] --END-- [ RunTime:0.001939s ]
[ 2016-01-27T17:12:54+08:00 ] /xsinst.php?s=/Install/create_config_file | INFO: Tag[ app_end ] --START--
[ 2016-01-27T17:12:54+08:00 ] /xsinst.php?s=/Install/create_config_file | INFO: Run SaveConfig Behavior [ RunTime:0.005154s ]
[ 2016-01-27T17:12:54+08:00 ] /xsinst.php?s=/Install/create_config_file | INFO: Tag[ app_end ] --END-- [ RunTime:0.005241s ]
[ 2016-01-27T17:12:55+08:00 ] /xsinst.php?s=/Install/create_database | INFO: Tag[ app_init ] --START--
[ 2016-01-27T17:12:55+08:00 ] /xsinst.php?s=/Install/create_database | INFO: Run XSS Behavior [ RunTime:0.001867s ]
[ 2016-01-27T17:12:55+08:00 ] /xsinst.php?s=/Install/create_database | INFO: Tag[ app_init ] --END-- [ RunTime:0.001994s ]
[ 2016-01-27T17:12:55+08:00 ] /xsinst.php?s=/Install/create_database | INFO: Tag[ route_check ] --START--
[ 2016-01-27T17:12:55+08:00 ] /xsinst.php?s=/Install/create_database | INFO: Run CheckRoute Behavior [ RunTime:0.003378s ]
[ 2016-01-27T17:12:55+08:00 ] /xsinst.php?s=/Install/create_database | INFO: Tag[ route_check ] --END-- [ RunTime:0.003433s ]
[ 2016-01-27T17:12:55+08:00 ] /xsinst.php?s=/Install/create_database | INFO: Tag[ app_begin ] --START--
[ 2016-01-27T17:12:55+08:00 ] /xsinst.php?s=/Install/create_database | INFO: Run ReadHtmlCache Behavior [ RunTime:0.001967s ]
[ 2016-01-27T17:12:55+08:00 ] /xsinst.php?s=/Install/create_database | INFO: Tag[ app_begin ] --END-- [ RunTime:0.002003s ]
[ 2016-01-27T17:12:55+08:00 ] /xsinst.php?s=/Install/create_database | SQL: SHOW TABLES  [ RunTime:0.013994s ]
[ 2016-01-27T17:12:55+08:00 ] /xsinst.php?s=/Install/create_database | SQL: SHOW CREATE TABLE `admin` [ RunTime:0.011154s ]
[ 2016-01-27T17:12:55+08:00 ] /xsinst.php?s=/Install/create_database | SQL: SHOW index FROM `admin` [ RunTime:0.009026s ]
[ 2016-01-27T17:12:55+08:00 ] /xsinst.php?s=/Install/create_database | SQL: SELECT * INTO OUTFILE 'C:/WWW/dmsbeta/public_html/dbbackup/table.txt' FIELDS TERMINATED BY ',' OPTIONALLY ENCLOSED BY '"' LINES TERMINATED BY '
'  FROM `admin` ; [ RunTime:0.015545s ]
[ 2016-01-27T17:12:55+08:00 ] /xsinst.php?s=/Install/create_database | SQL: SHOW CREATE TABLE `admin_access` [ RunTime:0.028604s ]
[ 2016-01-27T17:12:55+08:00 ] /xsinst.php?s=/Install/create_database | SQL: SHOW index FROM `admin_access` [ RunTime:0.005394s ]
[ 2016-01-27T17:12:55+08:00 ] /xsinst.php?s=/Install/create_database | SQL: SELECT * INTO OUTFILE 'C:/WWW/dmsbeta/public_html/dbbackup/table.txt' FIELDS TERMINATED BY ',' OPTIONALLY ENCLOSED BY '"' LINES TERMINATED BY '
'  FROM `admin_access` ; [ RunTime:0.008545s ]
[ 2016-01-27T17:12:55+08:00 ] /xsinst.php?s=/Install/create_database | SQL: SHOW CREATE TABLE `area` [ RunTime:0.022100s ]
[ 2016-01-27T17:12:55+08:00 ] /xsinst.php?s=/Install/create_database | SQL: SHOW index FROM `area` [ RunTime:0.006843s ]
[ 2016-01-27T17:12:55+08:00 ] /xsinst.php?s=/Install/create_database | SQL: SELECT * INTO OUTFILE 'C:/WWW/dmsbeta/public_html/dbbackup/table.txt' FIELDS TERMINATED BY ',' OPTIONALLY ENCLOSED BY '"' LINES TERMINATED BY '
'  FROM `area` ; [ RunTime:0.012873s ]
[ 2016-01-27T17:12:55+08:00 ] /xsinst.php?s=/Install/create_database | SQL: SHOW CREATE TABLE `config` [ RunTime:0.008423s ]
[ 2016-01-27T17:12:55+08:00 ] /xsinst.php?s=/Install/create_database | SQL: SHOW index FROM `config` [ RunTime:0.007265s ]
[ 2016-01-27T17:12:55+08:00 ] /xsinst.php?s=/Install/create_database | SQL: SELECT * INTO OUTFILE 'C:/WWW/dmsbeta/public_html/dbbackup/table.txt' FIELDS TERMINATED BY ',' OPTIONALLY ENCLOSED BY '"' LINES TERMINATED BY '
'  FROM `config` ; [ RunTime:0.011267s ]
[ 2016-01-27T17:12:55+08:00 ] /xsinst.php?s=/Install/create_database | SQL: SHOW CREATE TABLE `dms_一级店消费购物车` [ RunTime:0.029904s ]
[ 2016-01-27T17:12:55+08:00 ] /xsinst.php?s=/Install/create_database | SQL: SHOW index FROM `dms_一级店消费购物车` [ RunTime:0.005928s ]
[ 2016-01-27T17:12:55+08:00 ] /xsinst.php?s=/Install/create_database | SQL: SELECT * INTO OUTFILE 'C:/WWW/dmsbeta/public_html/dbbackup/table.txt' FIELDS TERMINATED BY ',' OPTIONALLY ENCLOSED BY '"' LINES TERMINATED BY '
'  FROM `dms_一级店消费购物车` ; [ RunTime:0.008684s ]
[ 2016-01-27T17:12:55+08:00 ] /xsinst.php?s=/Install/create_database | SQL: SHOW CREATE TABLE `dms_个人业绩_业绩` [ RunTime:0.035669s ]
[ 2016-01-27T17:12:55+08:00 ] /xsinst.php?s=/Install/create_database | SQL: SHOW index FROM `dms_个人业绩_业绩` [ RunTime:0.005821s ]
[ 2016-01-27T17:12:55+08:00 ] /xsinst.php?s=/Install/create_database | SQL: SELECT * INTO OUTFILE 'C:/WWW/dmsbeta/public_html/dbbackup/table.txt' FIELDS TERMINATED BY ',' OPTIONALLY ENCLOSED BY '"' LINES TERMINATED BY '
'  FROM `dms_个人业绩_业绩` ; [ RunTime:0.009481s ]
[ 2016-01-27T17:12:55+08:00 ] /xsinst.php?s=/Install/create_database | SQL: SHOW CREATE TABLE `dms_二级店消费购物车` [ RunTime:0.015699s ]
[ 2016-01-27T17:12:55+08:00 ] /xsinst.php?s=/Install/create_database | SQL: SHOW index FROM `dms_二级店消费购物车` [ RunTime:0.006592s ]
[ 2016-01-27T17:12:55+08:00 ] /xsinst.php?s=/Install/create_database | SQL: SELECT * INTO OUTFILE 'C:/WWW/dmsbeta/public_html/dbbackup/table.txt' FIELDS TERMINATED BY ',' OPTIONALLY ENCLOSED BY '"' LINES TERMINATED BY '
'  FROM `dms_二级店消费购物车` ; [ RunTime:0.008950s ]
[ 2016-01-27T17:12:55+08:00 ] /xsinst.php?s=/Install/create_database | SQL: SHOW CREATE TABLE `dms_产品` [ RunTime:0.022851s ]
[ 2016-01-27T17:12:55+08:00 ] /xsinst.php?s=/Install/create_database | SQL: SHOW index FROM `dms_产品` [ RunTime:0.006302s ]
[ 2016-01-27T17:12:55+08:00 ] /xsinst.php?s=/Install/create_database | SQL: SELECT * INTO OUTFILE 'C:/WWW/dmsbeta/public_html/dbbackup/table.txt' FIELDS TERMINATED BY ',' OPTIONALLY ENCLOSED BY '"' LINES TERMINATED BY '
'  FROM `dms_产品` ; [ RunTime:0.010755s ]
[ 2016-01-27T17:12:55+08:00 ] /xsinst.php?s=/Install/create_database | SQL: SHOW CREATE TABLE `dms_产品套餐` [ RunTime:0.025120s ]
[ 2016-01-27T17:12:55+08:00 ] /xsinst.php?s=/Install/create_database | SQL: SHOW index FROM `dms_产品套餐` [ RunTime:0.006720s ]
[ 2016-01-27T17:12:55+08:00 ] /xsinst.php?s=/Install/create_database | SQL: SELECT * INTO OUTFILE 'C:/WWW/dmsbeta/public_html/dbbackup/table.txt' FIELDS TERMINATED BY ',' OPTIONALLY ENCLOSED BY '"' LINES TERMINATED BY '
'  FROM `dms_产品套餐` ; [ RunTime:0.013464s ]
[ 2016-01-27T17:12:55+08:00 ] /xsinst.php?s=/Install/create_database | SQL: SHOW CREATE TABLE `dms_产品库存` [ RunTime:0.025142s ]
[ 2016-01-27T17:12:55+08:00 ] /xsinst.php?s=/Install/create_database | SQL: SHOW index FROM `dms_产品库存` [ RunTime:0.006008s ]
[ 2016-01-27T17:12:55+08:00 ] /xsinst.php?s=/Install/create_database | SQL: SELECT * INTO OUTFILE 'C:/WWW/dmsbeta/public_html/dbbackup/table.txt' FIELDS TERMINATED BY ',' OPTIONALLY ENCLOSED BY '"' LINES TERMINATED BY '
'  FROM `dms_产品库存` ; [ RunTime:0.008872s ]
[ 2016-01-27T17:12:55+08:00 ] /xsinst.php?s=/Install/create_database | SQL: SHOW CREATE TABLE `dms_产品物流管理` [ RunTime:0.025214s ]
[ 2016-01-27T17:12:55+08:00 ] /xsinst.php?s=/Install/create_database | SQL: SHOW index FROM `dms_产品物流管理` [ RunTime:0.005115s ]
[ 2016-01-27T17:12:55+08:00 ] /xsinst.php?s=/Install/create_database | SQL: SELECT * INTO OUTFILE 'C:/WWW/dmsbeta/public_html/dbbackup/table.txt' FIELDS TERMINATED BY ',' OPTIONALLY ENCLOSED BY '"' LINES TERMINATED BY '
'  FROM `dms_产品物流管理` ; [ RunTime:0.009101s ]
[ 2016-01-27T17:12:55+08:00 ] /xsinst.php?s=/Install/create_database | SQL: SHOW CREATE TABLE `dms_产品订单` [ RunTime:0.035878s ]
[ 2016-01-27T17:12:55+08:00 ] /xsinst.php?s=/Install/create_database | SQL: SHOW index FROM `dms_产品订单` [ RunTime:0.007255s ]
[ 2016-01-27T17:12:55+08:00 ] /xsinst.php?s=/Install/create_database | SQL: SELECT * INTO OUTFILE 'C:/WWW/dmsbeta/public_html/dbbackup/table.txt' FIELDS TERMINATED BY ',' OPTIONALLY ENCLOSED BY '"' LINES TERMINATED BY '
'  FROM `dms_产品订单` ; [ RunTime:0.012391s ]
[ 2016-01-27T17:12:55+08:00 ] /xsinst.php?s=/Install/create_database | SQL: SHOW CREATE TABLE `dms_产品_分类` [ RunTime:0.025306s ]
[ 2016-01-27T17:12:55+08:00 ] /xsinst.php?s=/Install/create_database | SQL: SHOW index FROM `dms_产品_分类` [ RunTime:0.004657s ]
[ 2016-01-27T17:12:55+08:00 ] /xsinst.php?s=/Install/create_database | SQL: SELECT * INTO OUTFILE 'C:/WWW/dmsbeta/public_html/dbbackup/table.txt' FIELDS TERMINATED BY ',' OPTIONALLY ENCLOSED BY '"' LINES TERMINATED BY '
'  FROM `dms_产品_分类` ; [ RunTime:0.009755s ]
[ 2016-01-27T17:12:55+08:00 ] /xsinst.php?s=/Install/create_database | SQL: SHOW CREATE TABLE `dms_产品_功能` [ RunTime:0.021686s ]
[ 2016-01-27T17:12:55+08:00 ] /xsinst.php?s=/Install/create_database | SQL: SHOW index FROM `dms_产品_功能` [ RunTime:0.004920s ]
[ 2016-01-27T17:12:55+08:00 ] /xsinst.php?s=/Install/create_database | SQL: SELECT * INTO OUTFILE 'C:/WWW/dmsbeta/public_html/dbbackup/table.txt' FIELDS TERMINATED BY ',' OPTIONALLY ENCLOSED BY '"' LINES TERMINATED BY '
'  FROM `dms_产品_功能` ; [ RunTime:0.010324s ]
[ 2016-01-27T17:12:55+08:00 ] /xsinst.php?s=/Install/create_database | SQL: SHOW CREATE TABLE `dms_会员` [ RunTime:0.037863s ]
[ 2016-01-27T17:12:55+08:00 ] /xsinst.php?s=/Install/create_database | SQL: SHOW index FROM `dms_会员` [ RunTime:0.005699s ]
[ 2016-01-27T17:12:55+08:00 ] /xsinst.php?s=/Install/create_database | SQL: SELECT * INTO OUTFILE 'C:/WWW/dmsbeta/public_html/dbbackup/table.txt' FIELDS TERMINATED BY ',' OPTIONALLY ENCLOSED BY '"' LINES TERMINATED BY '
'  FROM `dms_会员` ; [ RunTime:0.008838s ]
[ 2016-01-27T17:12:55+08:00 ] /xsinst.php?s=/Install/create_database | SQL: SHOW CREATE TABLE `dms_修改日志` [ RunTime:0.029904s ]
[ 2016-01-27T17:12:55+08:00 ] /xsinst.php?s=/Install/create_database | SQL: SHOW index FROM `dms_修改日志` [ RunTime:0.005132s ]
[ 2016-01-27T17:12:55+08:00 ] /xsinst.php?s=/Install/create_database | SQL: SELECT * INTO OUTFILE 'C:/WWW/dmsbeta/public_html/dbbackup/table.txt' FIELDS TERMINATED BY ',' OPTIONALLY ENCLOSED BY '"' LINES TERMINATED BY '
'  FROM `dms_修改日志` ; [ RunTime:0.017970s ]
[ 2016-01-27T17:12:56+08:00 ] /xsinst.php?s=/Install/create_database | SQL: SHOW CREATE TABLE `dms_公告` [ RunTime:0.021420s ]
[ 2016-01-27T17:12:56+08:00 ] /xsinst.php?s=/Install/create_database | SQL: SHOW index FROM `dms_公告` [ RunTime:0.005101s ]
[ 2016-01-27T17:12:56+08:00 ] /xsinst.php?s=/Install/create_database | SQL: SELECT * INTO OUTFILE 'C:/WWW/dmsbeta/public_html/dbbackup/table.txt' FIELDS TERMINATED BY ',' OPTIONALLY ENCLOSED BY '"' LINES TERMINATED BY '
'  FROM `dms_公告` ; [ RunTime:0.008547s ]
[ 2016-01-27T17:12:56+08:00 ] /xsinst.php?s=/Install/create_database | SQL: SHOW CREATE TABLE `dms_号码` [ RunTime:0.021685s ]
[ 2016-01-27T17:12:56+08:00 ] /xsinst.php?s=/Install/create_database | SQL: SHOW index FROM `dms_号码` [ RunTime:0.006405s ]
[ 2016-01-27T17:12:56+08:00 ] /xsinst.php?s=/Install/create_database | SQL: SELECT * INTO OUTFILE 'C:/WWW/dmsbeta/public_html/dbbackup/table.txt' FIELDS TERMINATED BY ',' OPTIONALLY ENCLOSED BY '"' LINES TERMINATED BY '
'  FROM `dms_号码` ; [ RunTime:0.013261s ]
[ 2016-01-27T17:12:56+08:00 ] /xsinst.php?s=/Install/create_database | SQL: SHOW CREATE TABLE `dms_号码编组` [ RunTime:0.034117s ]
[ 2016-01-27T17:12:56+08:00 ] /xsinst.php?s=/Install/create_database | SQL: SHOW index FROM `dms_号码编组` [ RunTime:0.006383s ]
[ 2016-01-27T17:12:56+08:00 ] /xsinst.php?s=/Install/create_database | SQL: SELECT * INTO OUTFILE 'C:/WWW/dmsbeta/public_html/dbbackup/table.txt' FIELDS TERMINATED BY ',' OPTIONALLY ENCLOSED BY '"' LINES TERMINATED BY '
'  FROM `dms_号码编组` ; [ RunTime:0.010323s ]
[ 2016-01-27T17:12:56+08:00 ] /xsinst.php?s=/Install/create_database | SQL: SHOW CREATE TABLE `dms_商城产品` [ RunTime:0.026657s ]
[ 2016-01-27T17:12:56+08:00 ] /xsinst.php?s=/Install/create_database | SQL: SHOW index FROM `dms_商城产品` [ RunTime:0.009539s ]
[ 2016-01-27T17:12:56+08:00 ] /xsinst.php?s=/Install/create_database | SQL: SELECT * INTO OUTFILE 'C:/WWW/dmsbeta/public_html/dbbackup/table.txt' FIELDS TERMINATED BY ',' OPTIONALLY ENCLOSED BY '"' LINES TERMINATED BY '
'  FROM `dms_商城产品` ; [ RunTime:0.014426s ]
[ 2016-01-27T17:12:56+08:00 ] /xsinst.php?s=/Install/create_database | SQL: SHOW CREATE TABLE `dms_商城产品套餐` [ RunTime:0.032974s ]
[ 2016-01-27T17:12:56+08:00 ] /xsinst.php?s=/Install/create_database | SQL: SHOW index FROM `dms_商城产品套餐` [ RunTime:0.008498s ]
[ 2016-01-27T17:12:56+08:00 ] /xsinst.php?s=/Install/create_database | SQL: SELECT * INTO OUTFILE 'C:/WWW/dmsbeta/public_html/dbbackup/table.txt' FIELDS TERMINATED BY ',' OPTIONALLY ENCLOSED BY '"' LINES TERMINATED BY '
'  FROM `dms_商城产品套餐` ; [ RunTime:0.012598s ]
[ 2016-01-27T17:12:56+08:00 ] /xsinst.php?s=/Install/create_database | SQL: SHOW CREATE TABLE `dms_商城产品_分类` [ RunTime:0.028641s ]
[ 2016-01-27T17:12:56+08:00 ] /xsinst.php?s=/Install/create_database | SQL: SHOW index FROM `dms_商城产品_分类` [ RunTime:0.006568s ]
[ 2016-01-27T17:12:56+08:00 ] /xsinst.php?s=/Install/create_database | SQL: SELECT * INTO OUTFILE 'C:/WWW/dmsbeta/public_html/dbbackup/table.txt' FIELDS TERMINATED BY ',' OPTIONALLY ENCLOSED BY '"' LINES TERMINATED BY '
'  FROM `dms_商城产品_分类` ; [ RunTime:0.010593s ]
[ 2016-01-27T17:12:56+08:00 ] /xsinst.php?s=/Install/create_database | SQL: SHOW CREATE TABLE `dms_密保` [ RunTime:0.027349s ]
[ 2016-01-27T17:12:56+08:00 ] /xsinst.php?s=/Install/create_database | SQL: SHOW index FROM `dms_密保` [ RunTime:0.006801s ]
[ 2016-01-27T17:12:56+08:00 ] /xsinst.php?s=/Install/create_database | SQL: SELECT * INTO OUTFILE 'C:/WWW/dmsbeta/public_html/dbbackup/table.txt' FIELDS TERMINATED BY ',' OPTIONALLY ENCLOSED BY '"' LINES TERMINATED BY '
'  FROM `dms_密保` ; [ RunTime:0.010663s ]
[ 2016-01-27T17:12:56+08:00 ] /xsinst.php?s=/Install/create_database | SQL: SHOW CREATE TABLE `dms_层碰奖` [ RunTime:0.022670s ]
[ 2016-01-27T17:12:56+08:00 ] /xsinst.php?s=/Install/create_database | SQL: SHOW index FROM `dms_层碰奖` [ RunTime:0.006229s ]
[ 2016-01-27T17:12:56+08:00 ] /xsinst.php?s=/Install/create_database | SQL: SELECT * INTO OUTFILE 'C:/WWW/dmsbeta/public_html/dbbackup/table.txt' FIELDS TERMINATED BY ',' OPTIONALLY ENCLOSED BY '"' LINES TERMINATED BY '
'  FROM `dms_层碰奖` ; [ RunTime:0.009744s ]
[ 2016-01-27T17:12:56+08:00 ] /xsinst.php?s=/Install/create_database | SQL: SHOW CREATE TABLE `dms_快递` [ RunTime:0.024816s ]
[ 2016-01-27T17:12:56+08:00 ] /xsinst.php?s=/Install/create_database | SQL: SHOW index FROM `dms_快递` [ RunTime:0.005061s ]
[ 2016-01-27T17:12:56+08:00 ] /xsinst.php?s=/Install/create_database | SQL: SELECT * INTO OUTFILE 'C:/WWW/dmsbeta/public_html/dbbackup/table.txt' FIELDS TERMINATED BY ',' OPTIONALLY ENCLOSED BY '"' LINES TERMINATED BY '
'  FROM `dms_快递` ; [ RunTime:0.009178s ]
[ 2016-01-27T17:12:56+08:00 ] /xsinst.php?s=/Install/create_database | SQL: SHOW CREATE TABLE `dms_报单` [ RunTime:0.034497s ]
[ 2016-01-27T17:12:56+08:00 ] /xsinst.php?s=/Install/create_database | SQL: SHOW index FROM `dms_报单` [ RunTime:0.006455s ]
[ 2016-01-27T17:12:56+08:00 ] /xsinst.php?s=/Install/create_database | SQL: SELECT * INTO OUTFILE 'C:/WWW/dmsbeta/public_html/dbbackup/table.txt' FIELDS TERMINATED BY ',' OPTIONALLY ENCLOSED BY '"' LINES TERMINATED BY '
'  FROM `dms_报单` ; [ RunTime:0.009535s ]
[ 2016-01-27T17:12:56+08:00 ] /xsinst.php?s=/Install/create_database | SQL: SHOW CREATE TABLE `dms_报单回填明细` [ RunTime:0.020500s ]
[ 2016-01-27T17:12:56+08:00 ] /xsinst.php?s=/Install/create_database | SQL: SHOW index FROM `dms_报单回填明细` [ RunTime:0.005847s ]
[ 2016-01-27T17:12:56+08:00 ] /xsinst.php?s=/Install/create_database | SQL: SELECT * INTO OUTFILE 'C:/WWW/dmsbeta/public_html/dbbackup/table.txt' FIELDS TERMINATED BY ',' OPTIONALLY ENCLOSED BY '"' LINES TERMINATED BY '
'  FROM `dms_报单回填明细` ; [ RunTime:0.009949s ]
[ 2016-01-27T17:12:56+08:00 ] /xsinst.php?s=/Install/create_database | SQL: SHOW CREATE TABLE `dms_提现` [ RunTime:0.025700s ]
[ 2016-01-27T17:12:56+08:00 ] /xsinst.php?s=/Install/create_database | SQL: SHOW index FROM `dms_提现` [ RunTime:0.006265s ]
[ 2016-01-27T17:12:56+08:00 ] /xsinst.php?s=/Install/create_database | SQL: SELECT * INTO OUTFILE 'C:/WWW/dmsbeta/public_html/dbbackup/table.txt' FIELDS TERMINATED BY ',' OPTIONALLY ENCLOSED BY '"' LINES TERMINATED BY '
'  FROM `dms_提现` ; [ RunTime:0.010435s ]
[ 2016-01-27T17:12:56+08:00 ] /xsinst.php?s=/Install/create_database | SQL: SHOW CREATE TABLE `dms_汇款方式` [ RunTime:0.034753s ]
[ 2016-01-27T17:12:56+08:00 ] /xsinst.php?s=/Install/create_database | SQL: SHOW index FROM `dms_汇款方式` [ RunTime:0.010839s ]
[ 2016-01-27T17:12:56+08:00 ] /xsinst.php?s=/Install/create_database | SQL: SELECT * INTO OUTFILE 'C:/WWW/dmsbeta/public_html/dbbackup/table.txt' FIELDS TERMINATED BY ',' OPTIONALLY ENCLOSED BY '"' LINES TERMINATED BY '
'  FROM `dms_汇款方式` ; [ RunTime:0.014533s ]
[ 2016-01-27T17:12:56+08:00 ] /xsinst.php?s=/Install/create_database | SQL: SHOW CREATE TABLE `dms_汇款通知` [ RunTime:0.028073s ]
[ 2016-01-27T17:12:56+08:00 ] /xsinst.php?s=/Install/create_database | SQL: SHOW index FROM `dms_汇款通知` [ RunTime:0.006922s ]
[ 2016-01-27T17:12:56+08:00 ] /xsinst.php?s=/Install/create_database | SQL: SELECT * INTO OUTFILE 'C:/WWW/dmsbeta/public_html/dbbackup/table.txt' FIELDS TERMINATED BY ',' OPTIONALLY ENCLOSED BY '"' LINES TERMINATED BY '
'  FROM `dms_汇款通知` ; [ RunTime:0.015557s ]
[ 2016-01-27T17:12:56+08:00 ] /xsinst.php?s=/Install/create_database | SQL: SHOW CREATE TABLE `dms_消费货币明细` [ RunTime:0.030697s ]
[ 2016-01-27T17:12:56+08:00 ] /xsinst.php?s=/Install/create_database | SQL: SHOW index FROM `dms_消费货币明细` [ RunTime:0.008204s ]
[ 2016-01-27T17:12:56+08:00 ] /xsinst.php?s=/Install/create_database | SQL: SELECT * INTO OUTFILE 'C:/WWW/dmsbeta/public_html/dbbackup/table.txt' FIELDS TERMINATED BY ',' OPTIONALLY ENCLOSED BY '"' LINES TERMINATED BY '
'  FROM `dms_消费货币明细` ; [ RunTime:0.018662s ]
[ 2016-01-27T17:12:56+08:00 ] /xsinst.php?s=/Install/create_database | SQL: SHOW CREATE TABLE `dms_游戏钱包明细` [ RunTime:0.014095s ]
[ 2016-01-27T17:12:56+08:00 ] /xsinst.php?s=/Install/create_database | SQL: SHOW index FROM `dms_游戏钱包明细` [ RunTime:0.008714s ]
[ 2016-01-27T17:12:56+08:00 ] /xsinst.php?s=/Install/create_database | SQL: SELECT * INTO OUTFILE 'C:/WWW/dmsbeta/public_html/dbbackup/table.txt' FIELDS TERMINATED BY ',' OPTIONALLY ENCLOSED BY '"' LINES TERMINATED BY '
'  FROM `dms_游戏钱包明细` ; [ RunTime:0.014325s ]
[ 2016-01-27T17:12:57+08:00 ] /xsinst.php?s=/Install/create_database | SQL: SHOW CREATE TABLE `dms_申请回填` [ RunTime:0.031122s ]
[ 2016-01-27T17:12:57+08:00 ] /xsinst.php?s=/Install/create_database | SQL: SHOW index FROM `dms_申请回填` [ RunTime:0.007682s ]
[ 2016-01-27T17:12:57+08:00 ] /xsinst.php?s=/Install/create_database | SQL: SELECT * INTO OUTFILE 'C:/WWW/dmsbeta/public_html/dbbackup/table.txt' FIELDS TERMINATED BY ',' OPTIONALLY ENCLOSED BY '"' LINES TERMINATED BY '
'  FROM `dms_申请回填` ; [ RunTime:0.014749s ]
[ 2016-01-27T17:12:57+08:00 ] /xsinst.php?s=/Install/create_database | SQL: SHOW CREATE TABLE `dms_电子货币明细` [ RunTime:0.026683s ]
[ 2016-01-27T17:12:57+08:00 ] /xsinst.php?s=/Install/create_database | SQL: SHOW index FROM `dms_电子货币明细` [ RunTime:0.006071s ]
[ 2016-01-27T17:12:57+08:00 ] /xsinst.php?s=/Install/create_database | SQL: SELECT * INTO OUTFILE 'C:/WWW/dmsbeta/public_html/dbbackup/table.txt' FIELDS TERMINATED BY ',' OPTIONALLY ENCLOSED BY '"' LINES TERMINATED BY '
'  FROM `dms_电子货币明细` ; [ RunTime:0.009466s ]
[ 2016-01-27T17:12:57+08:00 ] /xsinst.php?s=/Install/create_database | SQL: SHOW CREATE TABLE `dms_短信` [ RunTime:0.023459s ]
[ 2016-01-27T17:12:57+08:00 ] /xsinst.php?s=/Install/create_database | SQL: SHOW index FROM `dms_短信` [ RunTime:0.005162s ]
[ 2016-01-27T17:12:57+08:00 ] /xsinst.php?s=/Install/create_database | SQL: SELECT * INTO OUTFILE 'C:/WWW/dmsbeta/public_html/dbbackup/table.txt' FIELDS TERMINATED BY ',' OPTIONALLY ENCLOSED BY '"' LINES TERMINATED BY '
'  FROM `dms_短信` ; [ RunTime:0.009027s ]
[ 2016-01-27T17:12:57+08:00 ] /xsinst.php?s=/Install/create_database | SQL: SHOW CREATE TABLE `dms_短信详细` [ RunTime:0.023240s ]
[ 2016-01-27T17:12:57+08:00 ] /xsinst.php?s=/Install/create_database | SQL: SHOW index FROM `dms_短信详细` [ RunTime:0.004790s ]
[ 2016-01-27T17:12:57+08:00 ] /xsinst.php?s=/Install/create_database | SQL: SELECT * INTO OUTFILE 'C:/WWW/dmsbeta/public_html/dbbackup/table.txt' FIELDS TERMINATED BY ',' OPTIONALLY ENCLOSED BY '"' LINES TERMINATED BY '
'  FROM `dms_短信详细` ; [ RunTime:0.010304s ]
[ 2016-01-27T17:12:57+08:00 ] /xsinst.php?s=/Install/create_database | SQL: SHOW CREATE TABLE `dms_短语` [ RunTime:0.040039s ]
[ 2016-01-27T17:12:57+08:00 ] /xsinst.php?s=/Install/create_database | SQL: SHOW index FROM `dms_短语` [ RunTime:0.008108s ]
[ 2016-01-27T17:12:57+08:00 ] /xsinst.php?s=/Install/create_database | SQL: SELECT * INTO OUTFILE 'C:/WWW/dmsbeta/public_html/dbbackup/table.txt' FIELDS TERMINATED BY ',' OPTIONALLY ENCLOSED BY '"' LINES TERMINATED BY '
'  FROM `dms_短语` ; [ RunTime:0.014045s ]
[ 2016-01-27T17:12:57+08:00 ] /xsinst.php?s=/Install/create_database | SQL: SHOW CREATE TABLE `dms_福利奖` [ RunTime:0.037052s ]
[ 2016-01-27T17:12:57+08:00 ] /xsinst.php?s=/Install/create_database | SQL: SHOW index FROM `dms_福利奖` [ RunTime:0.011060s ]
[ 2016-01-27T17:12:57+08:00 ] /xsinst.php?s=/Install/create_database | SQL: SELECT * INTO OUTFILE 'C:/WWW/dmsbeta/public_html/dbbackup/table.txt' FIELDS TERMINATED BY ',' OPTIONALLY ENCLOSED BY '"' LINES TERMINATED BY '
'  FROM `dms_福利奖` ; [ RunTime:0.012958s ]
[ 2016-01-27T17:12:57+08:00 ] /xsinst.php?s=/Install/create_database | SQL: SHOW CREATE TABLE `dms_站外邮件` [ RunTime:0.028532s ]
[ 2016-01-27T17:12:57+08:00 ] /xsinst.php?s=/Install/create_database | SQL: SHOW index FROM `dms_站外邮件` [ RunTime:0.005401s ]
[ 2016-01-27T17:12:57+08:00 ] /xsinst.php?s=/Install/create_database | SQL: SELECT * INTO OUTFILE 'C:/WWW/dmsbeta/public_html/dbbackup/table.txt' FIELDS TERMINATED BY ',' OPTIONALLY ENCLOSED BY '"' LINES TERMINATED BY '
'  FROM `dms_站外邮件` ; [ RunTime:0.011204s ]
[ 2016-01-27T17:12:57+08:00 ] /xsinst.php?s=/Install/create_database | SQL: SHOW CREATE TABLE `dms_管理_业绩` [ RunTime:0.025257s ]
[ 2016-01-27T17:12:57+08:00 ] /xsinst.php?s=/Install/create_database | SQL: SHOW index FROM `dms_管理_业绩` [ RunTime:0.005727s ]
[ 2016-01-27T17:12:57+08:00 ] /xsinst.php?s=/Install/create_database | SQL: SELECT * INTO OUTFILE 'C:/WWW/dmsbeta/public_html/dbbackup/table.txt' FIELDS TERMINATED BY ',' OPTIONALLY ENCLOSED BY '"' LINES TERMINATED BY '
'  FROM `dms_管理_业绩` ; [ RunTime:0.010935s ]
[ 2016-01-27T17:12:57+08:00 ] /xsinst.php?s=/Install/create_database | SQL: SHOW CREATE TABLE `dms_考核` [ RunTime:0.017849s ]
[ 2016-01-27T17:12:57+08:00 ] /xsinst.php?s=/Install/create_database | SQL: SHOW index FROM `dms_考核` [ RunTime:0.006795s ]
[ 2016-01-27T17:12:57+08:00 ] /xsinst.php?s=/Install/create_database | SQL: SELECT * INTO OUTFILE 'C:/WWW/dmsbeta/public_html/dbbackup/table.txt' FIELDS TERMINATED BY ',' OPTIONALLY ENCLOSED BY '"' LINES TERMINATED BY '
'  FROM `dms_考核` ; [ RunTime:0.008358s ]
[ 2016-01-27T17:12:57+08:00 ] /xsinst.php?s=/Install/create_database | SQL: SHOW CREATE TABLE `dms_货币` [ RunTime:0.031077s ]
[ 2016-01-27T17:12:57+08:00 ] /xsinst.php?s=/Install/create_database | SQL: SHOW index FROM `dms_货币` [ RunTime:0.005152s ]
[ 2016-01-27T17:12:57+08:00 ] /xsinst.php?s=/Install/create_database | SQL: SELECT * INTO OUTFILE 'C:/WWW/dmsbeta/public_html/dbbackup/table.txt' FIELDS TERMINATED BY ',' OPTIONALLY ENCLOSED BY '"' LINES TERMINATED BY '
'  FROM `dms_货币` ; [ RunTime:0.010635s ]
[ 2016-01-27T17:12:57+08:00 ] /xsinst.php?s=/Install/create_database | SQL: SHOW CREATE TABLE `dms_转账明细` [ RunTime:0.033089s ]
[ 2016-01-27T17:12:57+08:00 ] /xsinst.php?s=/Install/create_database | SQL: SHOW index FROM `dms_转账明细` [ RunTime:0.006435s ]
[ 2016-01-27T17:12:57+08:00 ] /xsinst.php?s=/Install/create_database | SQL: SELECT * INTO OUTFILE 'C:/WWW/dmsbeta/public_html/dbbackup/table.txt' FIELDS TERMINATED BY ',' OPTIONALLY ENCLOSED BY '"' LINES TERMINATED BY '
'  FROM `dms_转账明细` ; [ RunTime:0.011623s ]
[ 2016-01-27T17:12:57+08:00 ] /xsinst.php?s=/Install/create_database | SQL: SHOW CREATE TABLE `dms_转账设置` [ RunTime:0.019895s ]
[ 2016-01-27T17:12:57+08:00 ] /xsinst.php?s=/Install/create_database | SQL: SHOW index FROM `dms_转账设置` [ RunTime:0.006177s ]
[ 2016-01-27T17:12:57+08:00 ] /xsinst.php?s=/Install/create_database | SQL: SELECT * INTO OUTFILE 'C:/WWW/dmsbeta/public_html/dbbackup/table.txt' FIELDS TERMINATED BY ',' OPTIONALLY ENCLOSED BY '"' LINES TERMINATED BY '
'  FROM `dms_转账设置` ; [ RunTime:0.008781s ]
[ 2016-01-27T17:12:57+08:00 ] /xsinst.php?s=/Install/create_database | SQL: SHOW CREATE TABLE `dms_邮件` [ RunTime:0.030015s ]
[ 2016-01-27T17:12:57+08:00 ] /xsinst.php?s=/Install/create_database | SQL: SHOW index FROM `dms_邮件` [ RunTime:0.005906s ]
[ 2016-01-27T17:12:57+08:00 ] /xsinst.php?s=/Install/create_database | SQL: SELECT * INTO OUTFILE 'C:/WWW/dmsbeta/public_html/dbbackup/table.txt' FIELDS TERMINATED BY ',' OPTIONALLY ENCLOSED BY '"' LINES TERMINATED BY '
'  FROM `dms_邮件` ; [ RunTime:0.014042s ]
[ 2016-01-27T17:12:57+08:00 ] /xsinst.php?s=/Install/create_database | SQL: SHOW CREATE TABLE `dms_银行卡` [ RunTime:0.044303s ]
[ 2016-01-27T17:12:57+08:00 ] /xsinst.php?s=/Install/create_database | SQL: SHOW index FROM `dms_银行卡` [ RunTime:0.007196s ]
[ 2016-01-27T17:12:57+08:00 ] /xsinst.php?s=/Install/create_database | SQL: SELECT * INTO OUTFILE 'C:/WWW/dmsbeta/public_html/dbbackup/table.txt' FIELDS TERMINATED BY ',' OPTIONALLY ENCLOSED BY '"' LINES TERMINATED BY '
'  FROM `dms_银行卡` ; [ RunTime:0.019964s ]
[ 2016-01-27T17:12:57+08:00 ] /xsinst.php?s=/Install/create_database | SQL: SHOW CREATE TABLE `dms_银行账户` [ RunTime:0.023655s ]
[ 2016-01-27T17:12:57+08:00 ] /xsinst.php?s=/Install/create_database | SQL: SHOW index FROM `dms_银行账户` [ RunTime:0.005927s ]
[ 2016-01-27T17:12:57+08:00 ] /xsinst.php?s=/Install/create_database | SQL: SELECT * INTO OUTFILE 'C:/WWW/dmsbeta/public_html/dbbackup/table.txt' FIELDS TERMINATED BY ',' OPTIONALLY ENCLOSED BY '"' LINES TERMINATED BY '
'  FROM `dms_银行账户` ; [ RunTime:0.009964s ]
[ 2016-01-27T17:12:57+08:00 ] /xsinst.php?s=/Install/create_database | SQL: SHOW CREATE TABLE `dms_销售奖金` [ RunTime:0.033352s ]
[ 2016-01-27T17:12:57+08:00 ] /xsinst.php?s=/Install/create_database | SQL: SHOW index FROM `dms_销售奖金` [ RunTime:0.005491s ]
[ 2016-01-27T17:12:57+08:00 ] /xsinst.php?s=/Install/create_database | SQL: SELECT * INTO OUTFILE 'C:/WWW/dmsbeta/public_html/dbbackup/table.txt' FIELDS TERMINATED BY ',' OPTIONALLY ENCLOSED BY '"' LINES TERMINATED BY '
'  FROM `dms_销售奖金` ; [ RunTime:0.009615s ]
[ 2016-01-27T17:12:57+08:00 ] /xsinst.php?s=/Install/create_database | SQL: SHOW CREATE TABLE `dms_销售奖金总账` [ RunTime:0.022832s ]
[ 2016-01-27T17:12:57+08:00 ] /xsinst.php?s=/Install/create_database | SQL: SHOW index FROM `dms_销售奖金总账` [ RunTime:0.006336s ]
[ 2016-01-27T17:12:57+08:00 ] /xsinst.php?s=/Install/create_database | SQL: SELECT * INTO OUTFILE 'C:/WWW/dmsbeta/public_html/dbbackup/table.txt' FIELDS TERMINATED BY ',' OPTIONALLY ENCLOSED BY '"' LINES TERMINATED BY '
'  FROM `dms_销售奖金总账` ; [ RunTime:0.009977s ]
[ 2016-01-27T17:12:58+08:00 ] /xsinst.php?s=/Install/create_database | SQL: SHOW CREATE TABLE `dms_销售奖金构成` [ RunTime:0.015014s ]
[ 2016-01-27T17:12:58+08:00 ] /xsinst.php?s=/Install/create_database | SQL: SHOW index FROM `dms_销售奖金构成` [ RunTime:0.006272s ]
[ 2016-01-27T17:12:58+08:00 ] /xsinst.php?s=/Install/create_database | SQL: SELECT * INTO OUTFILE 'C:/WWW/dmsbeta/public_html/dbbackup/table.txt' FIELDS TERMINATED BY ',' OPTIONALLY ENCLOSED BY '"' LINES TERMINATED BY '
'  FROM `dms_销售奖金构成` ; [ RunTime:0.009358s ]
[ 2016-01-27T17:12:58+08:00 ] /xsinst.php?s=/Install/create_database | SQL: SHOW CREATE TABLE `dms_首页图片` [ RunTime:0.022363s ]
[ 2016-01-27T17:12:58+08:00 ] /xsinst.php?s=/Install/create_database | SQL: SHOW index FROM `dms_首页图片` [ RunTime:0.004651s ]
[ 2016-01-27T17:12:58+08:00 ] /xsinst.php?s=/Install/create_database | SQL: SELECT * INTO OUTFILE 'C:/WWW/dmsbeta/public_html/dbbackup/table.txt' FIELDS TERMINATED BY ',' OPTIONALLY ENCLOSED BY '"' LINES TERMINATED BY '
'  FROM `dms_首页图片` ; [ RunTime:0.009103s ]
[ 2016-01-27T17:12:58+08:00 ] /xsinst.php?s=/Install/create_database | SQL: SHOW CREATE TABLE `dms_apiget` [ RunTime:0.020802s ]
[ 2016-01-27T17:12:58+08:00 ] /xsinst.php?s=/Install/create_database | SQL: SHOW index FROM `dms_apiget` [ RunTime:0.007045s ]
[ 2016-01-27T17:12:58+08:00 ] /xsinst.php?s=/Install/create_database | SQL: SELECT * INTO OUTFILE 'C:/WWW/dmsbeta/public_html/dbbackup/table.txt' FIELDS TERMINATED BY ',' OPTIONALLY ENCLOSED BY '"' LINES TERMINATED BY '
'  FROM `dms_apiget` ; [ RunTime:0.008963s ]
[ 2016-01-27T17:12:58+08:00 ] /xsinst.php?s=/Install/create_database | SQL: SHOW CREATE TABLE `dms_apipost` [ RunTime:0.026504s ]
[ 2016-01-27T17:12:58+08:00 ] /xsinst.php?s=/Install/create_database | SQL: SHOW index FROM `dms_apipost` [ RunTime:0.005859s ]
[ 2016-01-27T17:12:58+08:00 ] /xsinst.php?s=/Install/create_database | SQL: SELECT * INTO OUTFILE 'C:/WWW/dmsbeta/public_html/dbbackup/table.txt' FIELDS TERMINATED BY ',' OPTIONALLY ENCLOSED BY '"' LINES TERMINATED BY '
'  FROM `dms_apipost` ; [ RunTime:0.009315s ]
[ 2016-01-27T17:12:58+08:00 ] /xsinst.php?s=/Install/create_database | SQL: SHOW CREATE TABLE `dms_fund` [ RunTime:0.020421s ]
[ 2016-01-27T17:12:58+08:00 ] /xsinst.php?s=/Install/create_database | SQL: SHOW index FROM `dms_fund` [ RunTime:0.004774s ]
[ 2016-01-27T17:12:58+08:00 ] /xsinst.php?s=/Install/create_database | SQL: SELECT * INTO OUTFILE 'C:/WWW/dmsbeta/public_html/dbbackup/table.txt' FIELDS TERMINATED BY ',' OPTIONALLY ENCLOSED BY '"' LINES TERMINATED BY '
'  FROM `dms_fund` ; [ RunTime:0.009833s ]
[ 2016-01-27T17:12:58+08:00 ] /xsinst.php?s=/Install/create_database | SQL: SHOW CREATE TABLE `dms_fundlist` [ RunTime:0.033074s ]
[ 2016-01-27T17:12:58+08:00 ] /xsinst.php?s=/Install/create_database | SQL: SHOW index FROM `dms_fundlist` [ RunTime:0.009377s ]
[ 2016-01-27T17:12:58+08:00 ] /xsinst.php?s=/Install/create_database | SQL: SELECT * INTO OUTFILE 'C:/WWW/dmsbeta/public_html/dbbackup/table.txt' FIELDS TERMINATED BY ',' OPTIONALLY ENCLOSED BY '"' LINES TERMINATED BY '
'  FROM `dms_fundlist` ; [ RunTime:0.013465s ]
[ 2016-01-27T17:12:58+08:00 ] /xsinst.php?s=/Install/create_database | SQL: SHOW CREATE TABLE `dms_lang` [ RunTime:0.033939s ]
[ 2016-01-27T17:12:58+08:00 ] /xsinst.php?s=/Install/create_database | SQL: SHOW index FROM `dms_lang` [ RunTime:0.005691s ]
[ 2016-01-27T17:12:58+08:00 ] /xsinst.php?s=/Install/create_database | SQL: SELECT * INTO OUTFILE 'C:/WWW/dmsbeta/public_html/dbbackup/table.txt' FIELDS TERMINATED BY ',' OPTIONALLY ENCLOSED BY '"' LINES TERMINATED BY '
'  FROM `dms_lang` ; [ RunTime:0.009509s ]
[ 2016-01-27T17:12:58+08:00 ] /xsinst.php?s=/Install/create_database | SQL: SHOW CREATE TABLE `dms_lang_data` [ RunTime:0.020680s ]
[ 2016-01-27T17:12:58+08:00 ] /xsinst.php?s=/Install/create_database | SQL: SHOW index FROM `dms_lang_data` [ RunTime:0.004995s ]
[ 2016-01-27T17:12:58+08:00 ] /xsinst.php?s=/Install/create_database | SQL: SELECT * INTO OUTFILE 'C:/WWW/dmsbeta/public_html/dbbackup/table.txt' FIELDS TERMINATED BY ',' OPTIONALLY ENCLOSED BY '"' LINES TERMINATED BY '
'  FROM `dms_lang_data` ; [ RunTime:0.010573s ]
[ 2016-01-27T17:12:58+08:00 ] /xsinst.php?s=/Install/create_database | SQL: SHOW CREATE TABLE `dms_log` [ RunTime:0.019327s ]
[ 2016-01-27T17:12:58+08:00 ] /xsinst.php?s=/Install/create_database | SQL: SHOW index FROM `dms_log` [ RunTime:0.005260s ]
[ 2016-01-27T17:12:58+08:00 ] /xsinst.php?s=/Install/create_database | SQL: SELECT * INTO OUTFILE 'C:/WWW/dmsbeta/public_html/dbbackup/table.txt' FIELDS TERMINATED BY ',' OPTIONALLY ENCLOSED BY '"' LINES TERMINATED BY '
'  FROM `dms_log` ; [ RunTime:0.009676s ]
[ 2016-01-27T17:12:58+08:00 ] /xsinst.php?s=/Install/create_database | SQL: SHOW CREATE TABLE `dms_log_user` [ RunTime:0.019044s ]
[ 2016-01-27T17:12:58+08:00 ] /xsinst.php?s=/Install/create_database | SQL: SHOW index FROM `dms_log_user` [ RunTime:0.004950s ]
[ 2016-01-27T17:12:58+08:00 ] /xsinst.php?s=/Install/create_database | SQL: SELECT * INTO OUTFILE 'C:/WWW/dmsbeta/public_html/dbbackup/table.txt' FIELDS TERMINATED BY ',' OPTIONALLY ENCLOSED BY '"' LINES TERMINATED BY '
'  FROM `dms_log_user` ; [ RunTime:0.008776s ]
[ 2016-01-27T17:12:58+08:00 ] /xsinst.php?s=/Install/create_database | SQL: SHOW CREATE TABLE `dms_loginrs` [ RunTime:0.011792s ]
[ 2016-01-27T17:12:58+08:00 ] /xsinst.php?s=/Install/create_database | SQL: SHOW index FROM `dms_loginrs` [ RunTime:0.004653s ]
[ 2016-01-27T17:12:58+08:00 ] /xsinst.php?s=/Install/create_database | SQL: SELECT * INTO OUTFILE 'C:/WWW/dmsbeta/public_html/dbbackup/table.txt' FIELDS TERMINATED BY ',' OPTIONALLY ENCLOSED BY '"' LINES TERMINATED BY '
'  FROM `dms_loginrs` ; [ RunTime:0.008447s ]
[ 2016-01-27T17:12:58+08:00 ] /xsinst.php?s=/Install/create_database | SQL: SHOW CREATE TABLE `dms_lvlog` [ RunTime:0.016510s ]
[ 2016-01-27T17:12:58+08:00 ] /xsinst.php?s=/Install/create_database | SQL: SHOW index FROM `dms_lvlog` [ RunTime:0.006598s ]
[ 2016-01-27T17:12:58+08:00 ] /xsinst.php?s=/Install/create_database | SQL: SELECT * INTO OUTFILE 'C:/WWW/dmsbeta/public_html/dbbackup/table.txt' FIELDS TERMINATED BY ',' OPTIONALLY ENCLOSED BY '"' LINES TERMINATED BY '
'  FROM `dms_lvlog` ; [ RunTime:0.010988s ]
[ 2016-01-27T17:12:58+08:00 ] /xsinst.php?s=/Install/create_database | SQL: SHOW CREATE TABLE `dms_onlinepay` [ RunTime:0.030583s ]
[ 2016-01-27T17:12:58+08:00 ] /xsinst.php?s=/Install/create_database | SQL: SHOW index FROM `dms_onlinepay` [ RunTime:0.005423s ]
[ 2016-01-27T17:12:58+08:00 ] /xsinst.php?s=/Install/create_database | SQL: SELECT * INTO OUTFILE 'C:/WWW/dmsbeta/public_html/dbbackup/table.txt' FIELDS TERMINATED BY ',' OPTIONALLY ENCLOSED BY '"' LINES TERMINATED BY '
'  FROM `dms_onlinepay` ; [ RunTime:0.009740s ]
[ 2016-01-27T17:12:58+08:00 ] /xsinst.php?s=/Install/create_database | SQL: SHOW CREATE TABLE `dms_session` [ RunTime:0.016719s ]
[ 2016-01-27T17:12:58+08:00 ] /xsinst.php?s=/Install/create_database | SQL: SHOW index FROM `dms_session` [ RunTime:0.005447s ]
[ 2016-01-27T17:12:58+08:00 ] /xsinst.php?s=/Install/create_database | SQL: SELECT * INTO OUTFILE 'C:/WWW/dmsbeta/public_html/dbbackup/table.txt' FIELDS TERMINATED BY ',' OPTIONALLY ENCLOSED BY '"' LINES TERMINATED BY '
'  FROM `dms_session` ; [ RunTime:0.008289s ]
[ 2016-01-27T17:12:58+08:00 ] /xsinst.php?s=/Install/create_database | SQL: SHOW CREATE TABLE `log` [ RunTime:0.024758s ]
[ 2016-01-27T17:12:58+08:00 ] /xsinst.php?s=/Install/create_database | SQL: SHOW index FROM `log` [ RunTime:0.004825s ]
[ 2016-01-27T17:12:58+08:00 ] /xsinst.php?s=/Install/create_database | SQL: SELECT * INTO OUTFILE 'C:/WWW/dmsbeta/public_html/dbbackup/table.txt' FIELDS TERMINATED BY ',' OPTIONALLY ENCLOSED BY '"' LINES TERMINATED BY '
'  FROM `log` ; [ RunTime:0.015456s ]
[ 2016-01-27T17:12:58+08:00 ] /xsinst.php?s=/Install/create_database | SQL: SHOW CREATE TABLE `mail_account` [ RunTime:0.019324s ]
[ 2016-01-27T17:12:58+08:00 ] /xsinst.php?s=/Install/create_database | SQL: SHOW index FROM `mail_account` [ RunTime:0.005664s ]
[ 2016-01-27T17:12:58+08:00 ] /xsinst.php?s=/Install/create_database | SQL: SELECT * INTO OUTFILE 'C:/WWW/dmsbeta/public_html/dbbackup/table.txt' FIELDS TERMINATED BY ',' OPTIONALLY ENCLOSED BY '"' LINES TERMINATED BY '
'  FROM `mail_account` ; [ RunTime:0.009604s ]
[ 2016-01-27T17:12:58+08:00 ] /xsinst.php?s=/Install/create_database | SQL: SHOW CREATE TABLE `node` [ RunTime:0.028758s ]
[ 2016-01-27T17:12:58+08:00 ] /xsinst.php?s=/Install/create_database | SQL: SHOW index FROM `node` [ RunTime:0.005702s ]
[ 2016-01-27T17:12:58+08:00 ] /xsinst.php?s=/Install/create_database | SQL: SELECT * INTO OUTFILE 'C:/WWW/dmsbeta/public_html/dbbackup/table.txt' FIELDS TERMINATED BY ',' OPTIONALLY ENCLOSED BY '"' LINES TERMINATED BY '
'  FROM `node` ; [ RunTime:0.015955s ]
[ 2016-01-27T17:12:58+08:00 ] /xsinst.php?s=/Install/create_database | SQL: SHOW CREATE TABLE `pay_event` [ RunTime:0.018323s ]
[ 2016-01-27T17:12:58+08:00 ] /xsinst.php?s=/Install/create_database | SQL: SHOW index FROM `pay_event` [ RunTime:0.005009s ]
[ 2016-01-27T17:12:58+08:00 ] /xsinst.php?s=/Install/create_database | SQL: SELECT * INTO OUTFILE 'C:/WWW/dmsbeta/public_html/dbbackup/table.txt' FIELDS TERMINATED BY ',' OPTIONALLY ENCLOSED BY '"' LINES TERMINATED BY '
'  FROM `pay_event` ; [ RunTime:0.009284s ]
[ 2016-01-27T17:12:58+08:00 ] /xsinst.php?s=/Install/create_database | SQL: SHOW CREATE TABLE `pay_onlineaccount` [ RunTime:0.021540s ]
[ 2016-01-27T17:12:58+08:00 ] /xsinst.php?s=/Install/create_database | SQL: SHOW index FROM `pay_onlineaccount` [ RunTime:0.005306s ]
[ 2016-01-27T17:12:58+08:00 ] /xsinst.php?s=/Install/create_database | SQL: SELECT * INTO OUTFILE 'C:/WWW/dmsbeta/public_html/dbbackup/table.txt' FIELDS TERMINATED BY ',' OPTIONALLY ENCLOSED BY '"' LINES TERMINATED BY '
'  FROM `pay_onlineaccount` ; [ RunTime:0.009874s ]
[ 2016-01-27T17:12:58+08:00 ] /xsinst.php?s=/Install/create_database | SQL: SHOW CREATE TABLE `pay_order` [ RunTime:0.021374s ]
[ 2016-01-27T17:12:58+08:00 ] /xsinst.php?s=/Install/create_database | SQL: SHOW index FROM `pay_order` [ RunTime:0.006006s ]
[ 2016-01-27T17:12:58+08:00 ] /xsinst.php?s=/Install/create_database | SQL: SELECT * INTO OUTFILE 'C:/WWW/dmsbeta/public_html/dbbackup/table.txt' FIELDS TERMINATED BY ',' OPTIONALLY ENCLOSED BY '"' LINES TERMINATED BY '
'  FROM `pay_order` ; [ RunTime:0.009009s ]
[ 2016-01-27T17:12:59+08:00 ] /xsinst.php?s=/Install/create_database | SQL: SHOW CREATE TABLE `role` [ RunTime:0.027483s ]
[ 2016-01-27T17:12:59+08:00 ] /xsinst.php?s=/Install/create_database | SQL: SHOW index FROM `role` [ RunTime:0.004798s ]
[ 2016-01-27T17:12:59+08:00 ] /xsinst.php?s=/Install/create_database | SQL: SELECT * INTO OUTFILE 'C:/WWW/dmsbeta/public_html/dbbackup/table.txt' FIELDS TERMINATED BY ',' OPTIONALLY ENCLOSED BY '"' LINES TERMINATED BY '
'  FROM `role` ; [ RunTime:0.009370s ]
[ 2016-01-27T17:12:59+08:00 ] /xsinst.php?s=/Install/create_database | SQL: SHOW CREATE TABLE `role_access` [ RunTime:0.013543s ]
[ 2016-01-27T17:12:59+08:00 ] /xsinst.php?s=/Install/create_database | SQL: SHOW index FROM `role_access` [ RunTime:0.005148s ]
[ 2016-01-27T17:12:59+08:00 ] /xsinst.php?s=/Install/create_database | SQL: SELECT * INTO OUTFILE 'C:/WWW/dmsbeta/public_html/dbbackup/table.txt' FIELDS TERMINATED BY ',' OPTIONALLY ENCLOSED BY '"' LINES TERMINATED BY '
'  FROM `role_access` ; [ RunTime:0.008759s ]
[ 2016-01-27T17:12:59+08:00 ] /xsinst.php?s=/Install/create_database | SQL: SHOW CREATE TABLE `role_admin` [ RunTime:0.017736s ]
[ 2016-01-27T17:12:59+08:00 ] /xsinst.php?s=/Install/create_database | SQL: SHOW index FROM `role_admin` [ RunTime:0.004801s ]
[ 2016-01-27T17:12:59+08:00 ] /xsinst.php?s=/Install/create_database | SQL: SELECT * INTO OUTFILE 'C:/WWW/dmsbeta/public_html/dbbackup/table.txt' FIELDS TERMINATED BY ',' OPTIONALLY ENCLOSED BY '"' LINES TERMINATED BY '
'  FROM `role_admin` ; [ RunTime:0.008597s ]
[ 2016-01-27T17:12:59+08:00 ] /xsinst.php?s=/Install/create_database | SQL: SHOW CREATE TABLE `xtable_set` [ RunTime:0.015623s ]
[ 2016-01-27T17:12:59+08:00 ] /xsinst.php?s=/Install/create_database | SQL: SHOW index FROM `xtable_set` [ RunTime:0.005850s ]
[ 2016-01-27T17:12:59+08:00 ] /xsinst.php?s=/Install/create_database | SQL: SELECT * INTO OUTFILE 'C:/WWW/dmsbeta/public_html/dbbackup/table.txt' FIELDS TERMINATED BY ',' OPTIONALLY ENCLOSED BY '"' LINES TERMINATED BY '
'  FROM `xtable_set` ; [ RunTime:0.009500s ]
[ 2016-01-27T17:12:59+08:00 ] /xsinst.php?s=/Install/create_database | SQL: SHOW CREATE TABLE `yubicloud` [ RunTime:0.006139s ]
[ 2016-01-27T17:12:59+08:00 ] /xsinst.php?s=/Install/create_database | SQL: SHOW index FROM `yubicloud` [ RunTime:0.005474s ]
[ 2016-01-27T17:12:59+08:00 ] /xsinst.php?s=/Install/create_database | SQL: SELECT * INTO OUTFILE 'C:/WWW/dmsbeta/public_html/dbbackup/table.txt' FIELDS TERMINATED BY ',' OPTIONALLY ENCLOSED BY '"' LINES TERMINATED BY '
'  FROM `yubicloud` ; [ RunTime:0.008905s ]
[ 2016-01-27T17:12:59+08:00 ] /xsinst.php?s=/Install/create_database | INFO: Tag[ app_end ] --START--
[ 2016-01-27T17:12:59+08:00 ] /xsinst.php?s=/Install/create_database | INFO: Run SaveConfig Behavior [ RunTime:0.008375s ]
[ 2016-01-27T17:12:59+08:00 ] /xsinst.php?s=/Install/create_database | INFO: Tag[ app_end ] --END-- [ RunTime:0.008463s ]
[ 2016-01-27T17:12:59+08:00 ] /xsinst.php?s=/Install/install_base_data | INFO: Tag[ app_init ] --START--
[ 2016-01-27T17:12:59+08:00 ] /xsinst.php?s=/Install/install_base_data | INFO: Run XSS Behavior [ RunTime:0.003727s ]
[ 2016-01-27T17:12:59+08:00 ] /xsinst.php?s=/Install/install_base_data | INFO: Tag[ app_init ] --END-- [ RunTime:0.003919s ]
[ 2016-01-27T17:12:59+08:00 ] /xsinst.php?s=/Install/install_base_data | INFO: Tag[ route_check ] --START--
[ 2016-01-27T17:12:59+08:00 ] /xsinst.php?s=/Install/install_base_data | INFO: Run CheckRoute Behavior [ RunTime:0.004907s ]
[ 2016-01-27T17:12:59+08:00 ] /xsinst.php?s=/Install/install_base_data | INFO: Tag[ route_check ] --END-- [ RunTime:0.004985s ]
[ 2016-01-27T17:12:59+08:00 ] /xsinst.php?s=/Install/install_base_data | INFO: Tag[ app_begin ] --START--
[ 2016-01-27T17:12:59+08:00 ] /xsinst.php?s=/Install/install_base_data | INFO: Run ReadHtmlCache Behavior [ RunTime:0.003731s ]
[ 2016-01-27T17:12:59+08:00 ] /xsinst.php?s=/Install/install_base_data | INFO: Tag[ app_begin ] --END-- [ RunTime:0.003789s ]
[ 2016-01-27T17:13:05+08:00 ] /xsinst.php?s=/Install/install_base_data | SQL: SHOW COLUMNS FROM `config` [ RunTime:0.018009s ]
[ 2016-01-27T17:13:05+08:00 ] /xsinst.php?s=/Install/install_base_data | SQL: INSERT INTO `config` (`name`,`data`) VALUES ('ADMIN_SHOW','s:39:\"baodan_wuliu_pro,kuaidi_pro,admin_blank\";') [ RunTime:0.007573s ]
[ 2016-01-27T17:13:05+08:00 ] /xsinst.php?s=/Install/install_base_data | SQL: INSERT INTO `config` (`name`,`data`) VALUES ('AUTOBACKUP','i:0;') [ RunTime:0.006753s ]
[ 2016-01-27T17:13:05+08:00 ] /xsinst.php?s=/Install/install_base_data | SQL: INSERT INTO `config` (`name`,`data`) VALUES ('TIMEMOVE_HOUR','i:0;') [ RunTime:0.006359s ]
[ 2016-01-27T17:13:05+08:00 ] /xsinst.php?s=/Install/install_base_data | SQL: INSERT INTO `config` (`name`,`data`) VALUES ('TIMEMOVE_DAY','i:0;') [ RunTime:0.006427s ]
[ 2016-01-27T17:13:05+08:00 ] /xsinst.php?s=/Install/install_base_data | SQL: INSERT INTO `config` (`name`,`data`) VALUES ('CAL_START_TIME','i:1453824000;') [ RunTime:0.006165s ]
[ 2016-01-27T17:13:05+08:00 ] /xsinst.php?s=/Install/install_base_data | SQL: INSERT INTO `config` (`name`,`data`) VALUES ('XMLMD5','s:0:\"\";') [ RunTime:0.007380s ]
[ 2016-01-27T17:13:05+08:00 ] /xsinst.php?s=/Install/install_base_data | SQL: INSERT INTO `config` (`name`,`data`) VALUES ('DIFFTIME','i:1453824000;') [ RunTime:0.006297s ]
[ 2016-01-27T17:13:05+08:00 ] /xsinst.php?s=/Install/install_base_data | SQL: INSERT INTO `config` (`name`,`data`) VALUES ('SHOW_WORLD_MOBILE','i:0;') [ RunTime:0.006160s ]
[ 2016-01-27T17:13:05+08:00 ] /xsinst.php?s=/Install/install_base_data | SQL: INSERT INTO `config` (`name`,`data`) VALUES ('SHOW_TIMESET','i:0;') [ RunTime:0.006403s ]
[ 2016-01-27T17:13:05+08:00 ] /xsinst.php?s=/Install/install_base_data | SQL: INSERT INTO `config` (`name`,`data`) VALUES ('SHOW_SHOPSET','i:0;') [ RunTime:0.006534s ]
[ 2016-01-27T17:13:05+08:00 ] /xsinst.php?s=/Install/install_base_data | SQL: INSERT INTO `config` (`name`,`data`) VALUES ('SHOW_BULKREG','i:0;') [ RunTime:0.006831s ]
[ 2016-01-27T17:13:05+08:00 ] /xsinst.php?s=/Install/install_base_data | SQL: INSERT INTO `config` (`name`,`data`) VALUES ('DEFAULT_USER_PASS1','s:0:\"\";') [ RunTime:0.008053s ]
[ 2016-01-27T17:13:05+08:00 ] /xsinst.php?s=/Install/install_base_data | SQL: INSERT INTO `config` (`name`,`data`) VALUES ('DEFAULT_USER_PASS2','s:0:\"\";') [ RunTime:0.006715s ]
[ 2016-01-27T17:13:05+08:00 ] /xsinst.php?s=/Install/install_base_data | SQL: INSERT INTO `config` (`name`,`data`) VALUES ('DEFAULT_USER_PASS3','s:0:\"\";') [ RunTime:0.012394s ]
[ 2016-01-27T17:13:05+08:00 ] /xsinst.php?s=/Install/install_base_data | SQL: INSERT INTO `config` (`name`,`data`) VALUES ('SERVICE_QQ','s:0:\"\";') [ RunTime:0.019021s ]
[ 2016-01-27T17:13:05+08:00 ] /xsinst.php?s=/Install/install_base_data | SQL: INSERT INTO `config` (`name`,`data`) VALUES ('SYSTEM_TITLE','s:0:\"\";') [ RunTime:0.008793s ]
[ 2016-01-27T17:13:05+08:00 ] /xsinst.php?s=/Install/install_base_data | SQL: INSERT INTO `config` (`name`,`data`) VALUES ('SYSTEM_COMPANY','s:0:\"\";') [ RunTime:0.013038s ]
[ 2016-01-27T17:13:05+08:00 ] /xsinst.php?s=/Install/install_base_data | SQL: INSERT INTO `config` (`name`,`data`) VALUES ('SYSTEM_MEMO','s:0:\"\";') [ RunTime:0.009966s ]
[ 2016-01-27T17:13:05+08:00 ] /xsinst.php?s=/Install/install_base_data | SQL: INSERT INTO `config` (`name`,`data`) VALUES ('USER_REMIT_INBANK','s:0:\"\";') [ RunTime:0.009975s ]
[ 2016-01-27T17:13:05+08:00 ] /xsinst.php?s=/Install/install_base_data | SQL: INSERT INTO `config` (`name`,`data`) VALUES ('USER_REMIT_RATIO_USE','b:0;') [ RunTime:0.007982s ]
[ 2016-01-27T17:13:05+08:00 ] /xsinst.php?s=/Install/install_base_data | SQL: INSERT INTO `config` (`name`,`data`) VALUES ('USER_REMIT_RATIO','i:1;') [ RunTime:0.008060s ]
[ 2016-01-27T17:13:05+08:00 ] /xsinst.php?s=/Install/install_base_data | SQL: INSERT INTO `config` (`name`,`data`) VALUES ('USER_REMIT_MIN','i:0;') [ RunTime:0.009982s ]
[ 2016-01-27T17:13:05+08:00 ] /xsinst.php?s=/Install/install_base_data | SQL: INSERT INTO `config` (`name`,`data`) VALUES ('USER_REMIT_MAX','i:0;') [ RunTime:0.008097s ]
[ 2016-01-27T17:13:05+08:00 ] /xsinst.php?s=/Install/install_base_data | SQL: INSERT INTO `config` (`name`,`data`) VALUES ('USER_PRIZE_SWITCH','b:0;') [ RunTime:0.007133s ]
[ 2016-01-27T17:13:05+08:00 ] /xsinst.php?s=/Install/install_base_data | SQL: INSERT INTO `config` (`name`,`data`) VALUES ('DEFAULT_THEME','b:0;') [ RunTime:0.006652s ]
[ 2016-01-27T17:13:05+08:00 ] /xsinst.php?s=/Install/install_base_data | SQL: INSERT INTO `config` (`name`,`data`) VALUES ('DEFAULT_LOGIN_THEME','s:0:\"\";') [ RunTime:0.007932s ]
[ 2016-01-27T17:13:05+08:00 ] /xsinst.php?s=/Install/install_base_data | SQL: INSERT INTO `config` (`name`,`data`) VALUES ('USER_USE_PASS3','i:0;') [ RunTime:0.007429s ]
[ 2016-01-27T17:13:05+08:00 ] /xsinst.php?s=/Install/install_base_data | SQL: INSERT INTO `config` (`name`,`data`) VALUES ('USER_PASS_TIMEOUT','i:0;') [ RunTime:0.006869s ]
[ 2016-01-27T17:13:05+08:00 ] /xsinst.php?s=/Install/install_base_data | SQL: INSERT INTO `config` (`name`,`data`) VALUES ('USER_LOGIN_URL','s:0:\"\";') [ RunTime:0.006701s ]
[ 2016-01-27T17:13:05+08:00 ] /xsinst.php?s=/Install/install_base_data | SQL: INSERT INTO `config` (`name`,`data`) VALUES ('USER_LOGIN_VERIFY','i:0;') [ RunTime:0.006526s ]
[ 2016-01-27T17:13:05+08:00 ] /xsinst.php?s=/Install/install_base_data | SQL: INSERT INTO `config` (`name`,`data`) VALUES ('USER_SHOP_SALEONLY','i:0;') [ RunTime:0.006807s ]
[ 2016-01-27T17:13:05+08:00 ] /xsinst.php?s=/Install/install_base_data | SQL: INSERT INTO `config` (`name`,`data`) VALUES ('USER_REG_REQUIRED','s:0:\"\";') [ RunTime:0.006491s ]
[ 2016-01-27T17:13:05+08:00 ] /xsinst.php?s=/Install/install_base_data | SQL: INSERT INTO `config` (`name`,`data`) VALUES ('USER_REG_SHOW','s:140:\"name,sex,alias,reciver,pv,qq,email,mobile,address,bank_card,bank_name,bank_apply_addr,bank_apply_name,area,id_card,pass1,pass1c,pass2,pass2c\";') [ RunTime:0.007303s ]
[ 2016-01-27T17:13:05+08:00 ] /xsinst.php?s=/Install/install_base_data | SQL: INSERT INTO `config` (`name`,`data`) VALUES ('USER_EDIT_SHOW','s:135:\"name,sex,alias,reciver,pv,qq,email,0,address,bank_card,bank_name,bank_apply_addr,bank_apply_name,area,id_card,pass1,pass1c,pass2,pass2c\";') [ RunTime:0.006467s ]
[ 2016-01-27T17:13:05+08:00 ] /xsinst.php?s=/Install/install_base_data | SQL: INSERT INTO `config` (`name`,`data`) VALUES ('USER_VIEW_SHOW','s:109:\"name,sex,alias,reciver,pv,qq,email,0,address,bank_card,bank_name,bank_apply_addr,bank_apply_name,area,id_card\";') [ RunTime:0.008059s ]
[ 2016-01-27T17:13:05+08:00 ] /xsinst.php?s=/Install/install_base_data | SQL: INSERT INTO `config` (`name`,`data`) VALUES ('USER_TRUTH','s:0:\"\";') [ RunTime:0.009526s ]
[ 2016-01-27T17:13:05+08:00 ] /xsinst.php?s=/Install/install_base_data | SQL: INSERT INTO `config` (`name`,`data`) VALUES ('MAIL_ADDRESS','s:0:\"\";') [ RunTime:0.008657s ]
[ 2016-01-27T17:13:05+08:00 ] /xsinst.php?s=/Install/install_base_data | SQL: INSERT INTO `config` (`name`,`data`) VALUES ('MAIL_SMTP','s:0:\"\";') [ RunTime:0.009561s ]
[ 2016-01-27T17:13:05+08:00 ] /xsinst.php?s=/Install/install_base_data | SQL: INSERT INTO `config` (`name`,`data`) VALUES ('MAIL_LOGINNAME','s:0:\"\";') [ RunTime:0.009727s ]
[ 2016-01-27T17:13:05+08:00 ] /xsinst.php?s=/Install/install_base_data | SQL: INSERT INTO `config` (`name`,`data`) VALUES ('MAIL_PASSWORD','s:0:\"\";') [ RunTime:0.010507s ]
[ 2016-01-27T17:13:05+08:00 ] /xsinst.php?s=/Install/install_base_data | SQL: INSERT INTO `config` (`name`,`data`) VALUES ('MAIL_FROMNAME','s:0:\"\";') [ RunTime:0.009119s ]
[ 2016-01-27T17:13:05+08:00 ] /xsinst.php?s=/Install/install_base_data | SQL: INSERT INTO `config` (`name`,`data`) VALUES ('SYSTEM_SERVICE','i:0;') [ RunTime:0.009576s ]
[ 2016-01-27T17:13:05+08:00 ] /xsinst.php?s=/Install/install_base_data | SQL: INSERT INTO `config` (`name`,`data`) VALUES ('lv1money','s:1:\"0\";') [ RunTime:0.008273s ]
[ 2016-01-27T17:13:05+08:00 ] /xsinst.php?s=/Install/install_base_data | SQL: INSERT INTO `config` (`name`,`data`) VALUES ('lv2money','s:4:\"1920\";') [ RunTime:0.014890s ]
[ 2016-01-27T17:13:05+08:00 ] /xsinst.php?s=/Install/install_base_data | SQL: INSERT INTO `config` (`name`,`data`) VALUES ('lv3money','s:4:\"6400\";') [ RunTime:0.008312s ]
[ 2016-01-27T17:13:05+08:00 ] /xsinst.php?s=/Install/install_base_data | SQL: INSERT INTO `config` (`name`,`data`) VALUES ('lv4money','s:5:\"12800\";') [ RunTime:0.008023s ]
[ 2016-01-27T17:13:05+08:00 ] /xsinst.php?s=/Install/install_base_data | SQL: INSERT INTO `config` (`name`,`data`) VALUES ('pljffd1','s:4:\"3000\";') [ RunTime:0.010623s ]
[ 2016-01-27T17:13:05+08:00 ] /xsinst.php?s=/Install/install_base_data | SQL: INSERT INTO `config` (`name`,`data`) VALUES ('pljffd2','s:4:\"5000\";') [ RunTime:0.006514s ]
[ 2016-01-27T17:13:05+08:00 ] /xsinst.php?s=/Install/install_base_data | SQL: INSERT INTO `config` (`name`,`data`) VALUES ('pljffd3','s:5:\"10000\";') [ RunTime:0.008486s ]
[ 2016-01-27T17:13:05+08:00 ] /xsinst.php?s=/Install/install_base_data | SQL: INSERT INTO `config` (`name`,`data`) VALUES ('pljffd4','s:5:\"10000\";') [ RunTime:0.010468s ]
[ 2016-01-27T17:13:06+08:00 ] /xsinst.php?s=/Install/install_base_data | SQL: INSERT INTO `config` (`name`,`data`) VALUES ('zrxfjf','s:2:\"10\";') [ RunTime:0.007147s ]
[ 2016-01-27T17:13:06+08:00 ] /xsinst.php?s=/Install/install_base_data | SQL: INSERT INTO `config` (`name`,`data`) VALUES ('zrxfjffd','s:4:\"2000\";') [ RunTime:0.008443s ]
[ 2016-01-27T17:13:06+08:00 ] /xsinst.php?s=/Install/install_base_data | SQL: INSERT INTO `config` (`name`,`data`) VALUES ('SYSTEM_PASS_KEY','s:32:\"64ac1fc06037fd787326b590d898f5b0\";') [ RunTime:0.012046s ]
[ 2016-01-27T17:13:06+08:00 ] /xsinst.php?s=/Install/install_base_data | INFO: Tag[ app_end ] --START--
[ 2016-01-27T17:13:06+08:00 ] /xsinst.php?s=/Install/install_base_data | INFO: Run SaveConfig Behavior [ RunTime:0.002131s ]
[ 2016-01-27T17:13:06+08:00 ] /xsinst.php?s=/Install/install_base_data | INFO: Tag[ app_end ] --END-- [ RunTime:0.002191s ]
[ 2016-01-27T17:13:06+08:00 ] /xsinst.php?s=/Install/create_admin_passport | INFO: Tag[ app_init ] --START--
[ 2016-01-27T17:13:06+08:00 ] /xsinst.php?s=/Install/create_admin_passport | INFO: Run XSS Behavior [ RunTime:0.001987s ]
[ 2016-01-27T17:13:06+08:00 ] /xsinst.php?s=/Install/create_admin_passport | INFO: Tag[ app_init ] --END-- [ RunTime:0.002139s ]
[ 2016-01-27T17:13:06+08:00 ] /xsinst.php?s=/Install/create_admin_passport | INFO: Tag[ route_check ] --START--
[ 2016-01-27T17:13:06+08:00 ] /xsinst.php?s=/Install/create_admin_passport | INFO: Run CheckRoute Behavior [ RunTime:0.002178s ]
[ 2016-01-27T17:13:06+08:00 ] /xsinst.php?s=/Install/create_admin_passport | INFO: Tag[ route_check ] --END-- [ RunTime:0.002215s ]
[ 2016-01-27T17:13:06+08:00 ] /xsinst.php?s=/Install/create_admin_passport | INFO: Tag[ app_begin ] --START--
[ 2016-01-27T17:13:06+08:00 ] /xsinst.php?s=/Install/create_admin_passport | INFO: Run ReadHtmlCache Behavior [ RunTime:0.001916s ]
[ 2016-01-27T17:13:06+08:00 ] /xsinst.php?s=/Install/create_admin_passport | INFO: Tag[ app_begin ] --END-- [ RunTime:0.001954s ]
[ 2016-01-27T17:13:06+08:00 ] /xsinst.php?s=/Install/create_admin_passport | SQL: SHOW COLUMNS FROM `admin` [ RunTime:0.022791s ]
[ 2016-01-27T17:13:06+08:00 ] /xsinst.php?s=/Install/create_admin_passport | SQL: INSERT INTO `admin` (`nickname`,`account`,`admin_status`,`password`,`email`,`create_time`,`status`) VALUES ('超级管理\','admin',1,'ebec28d12beee51f504a97f7ecb92eca','',1453885986,1) [ RunTime:0.006120s ]
[ 2016-01-27T17:13:06+08:00 ] /xsinst.php?s=/Install/create_admin_passport | INFO: Tag[ app_end ] --START--
[ 2016-01-27T17:13:06+08:00 ] /xsinst.php?s=/Install/create_admin_passport | INFO: Run SaveConfig Behavior [ RunTime:0.003001s ]
[ 2016-01-27T17:13:06+08:00 ] /xsinst.php?s=/Install/create_admin_passport | INFO: Tag[ app_end ] --END-- [ RunTime:0.003079s ]
[ 2016-01-27T17:13:06+08:00 ] /xsinst.php?s=/Install/do_others | INFO: Tag[ app_init ] --START--
[ 2016-01-27T17:13:06+08:00 ] /xsinst.php?s=/Install/do_others | INFO: Run XSS Behavior [ RunTime:0.001844s ]
[ 2016-01-27T17:13:06+08:00 ] /xsinst.php?s=/Install/do_others | INFO: Tag[ app_init ] --END-- [ RunTime:0.001993s ]
[ 2016-01-27T17:13:06+08:00 ] /xsinst.php?s=/Install/do_others | INFO: Tag[ route_check ] --START--
[ 2016-01-27T17:13:06+08:00 ] /xsinst.php?s=/Install/do_others | INFO: Run CheckRoute Behavior [ RunTime:0.002055s ]
[ 2016-01-27T17:13:06+08:00 ] /xsinst.php?s=/Install/do_others | INFO: Tag[ route_check ] --END-- [ RunTime:0.002090s ]
[ 2016-01-27T17:13:06+08:00 ] /xsinst.php?s=/Install/do_others | INFO: Tag[ app_begin ] --START--
[ 2016-01-27T17:13:06+08:00 ] /xsinst.php?s=/Install/do_others | INFO: Run ReadHtmlCache Behavior [ RunTime:0.001872s ]
[ 2016-01-27T17:13:06+08:00 ] /xsinst.php?s=/Install/do_others | INFO: Tag[ app_begin ] --END-- [ RunTime:0.001907s ]
[ 2016-01-27T17:13:06+08:00 ] /xsinst.php?s=/Install/do_others | SQL: SHOW COLUMNS FROM `node` [ RunTime:0.021820s ]
[ 2016-01-27T17:13:06+08:00 ] /xsinst.php?s=/Install/do_others | SQL: INSERT INTO `node` (`name`,`group`,`title`,`level`,`status`,`sort`,`is_sync_node`,`is_sync_menu`,`is_quick_search`) VALUES ('Admin','','系统设置',1,1,'9999','1','1','0') [ RunTime:0.007385s ]
[ 2016-01-27T17:13:06+08:00 ] /xsinst.php?s=/Install/do_others | SQL: INSERT INTO `node` (`name`,`group`,`title`,`level`,`status`,`sort`,`is_sync_node`,`is_sync_menu`,`is_quick_search`) VALUES ('DmsAdmin','Admin','结算管理',1,1,1,'1','1','1') [ RunTime:0.008430s ]
[ 2016-01-27T17:13:06+08:00 ] /xsinst.php?s=/Install/do_others | SQL: SHOW COLUMNS FROM `config` [ RunTime:0.018712s ]
[ 2016-01-27T17:13:06+08:00 ] /xsinst.php?s=/Install/do_others | SQL: SELECT `name`,`data` FROM `config`  [ RunTime:0.005925s ]
[ 2016-01-27T17:13:06+08:00 ] /xsinst.php?s=/Install/do_others | INFO: Run SaveConfig Behavior [ RunTime:0.034110s ]
[ 2016-01-27T17:13:06+08:00 ] /xsinst.php?s=/Install/do_others | INFO: Tag[ app_end ] --START--
[ 2016-01-27T17:13:06+08:00 ] /xsinst.php?s=/Install/do_others | INFO: Run SaveConfig Behavior [ RunTime:0.000011s ]
[ 2016-01-27T17:13:06+08:00 ] /xsinst.php?s=/Install/do_others | INFO: Tag[ app_end ] --END-- [ RunTime:0.000053s ]
